2024-06-06 10:48:45.0298|INFO|Microsoft.AspNetCore.DataProtection.KeyManagement.XmlKeyManager|User profile is available. Using 'C:\Users\SHASHANK\AppData\Local\ASP.NET\DataProtection-Keys' as key repository and Windows DPAPI to encrypt keys at rest.
2024-06-06 10:48:46.2723|INFO|Microsoft.Hosting.Lifetime|Now listening on: https://localhost:7264
2024-06-06 10:48:46.2737|INFO|Microsoft.Hosting.Lifetime|Now listening on: http://localhost:5206
2024-06-06 10:48:46.2737|INFO|Microsoft.Hosting.Lifetime|Application started. Press Ctrl+C to shut down.
2024-06-06 10:48:46.2737|INFO|Microsoft.Hosting.Lifetime|Hosting environment: Development
2024-06-06 10:48:46.2737|INFO|Microsoft.Hosting.Lifetime|Content root path: C:\Users\SHASHANK\source\repos\E-Insurance\E-Insurance
2024-06-06 10:48:49.3118|INFO|Microsoft.AspNetCore.Hosting.Diagnostics|Request starting HTTP/2 GET https://localhost:7264/swagger - - -
2024-06-06 10:48:49.9984|INFO|Microsoft.AspNetCore.Hosting.Diagnostics|Request finished HTTP/2 GET https://localhost:7264/swagger - 301 0 - 685.5183ms
2024-06-06 10:48:50.1121|INFO|Microsoft.AspNetCore.Hosting.Diagnostics|Request starting HTTP/2 GET https://localhost:7264/swagger/index.html - - -
2024-06-06 10:48:50.3754|INFO|Microsoft.AspNetCore.Hosting.Diagnostics|Request finished HTTP/2 GET https://localhost:7264/swagger/index.html - 200 - text/html;charset=utf-8 263.0462ms
2024-06-06 10:48:50.7875|INFO|Microsoft.AspNetCore.Hosting.Diagnostics|Request starting HTTP/2 GET https://localhost:7264/swagger/swagger-ui.css - - -
2024-06-06 10:48:50.7875|INFO|Microsoft.AspNetCore.Hosting.Diagnostics|Request starting HTTP/2 GET https://localhost:7264/swagger/swagger-ui-bundle.js - - -
2024-06-06 10:48:50.7875|INFO|Microsoft.AspNetCore.Hosting.Diagnostics|Request starting HTTP/2 GET https://localhost:7264/swagger/swagger-ui-standalone-preset.js - - -
2024-06-06 10:48:50.7875|INFO|Microsoft.AspNetCore.Hosting.Diagnostics|Request starting HTTP/2 GET https://localhost:7264/_framework/aspnetcore-browser-refresh.js - - -
2024-06-06 10:48:50.7916|INFO|Microsoft.AspNetCore.Hosting.Diagnostics|Request starting HTTP/2 GET https://localhost:7264/_vs/browserLink - - -
2024-06-06 10:48:50.7916|INFO|Microsoft.AspNetCore.Hosting.Diagnostics|Request finished HTTP/2 GET https://localhost:7264/_framework/aspnetcore-browser-refresh.js - 200 13758 application/javascript;+charset=utf-8 11.9563ms
2024-06-06 10:48:50.8762|INFO|Microsoft.AspNetCore.StaticFiles.StaticFileMiddleware|Sending file. Request path: '/swagger-ui.css'. Physical path: 'N/A'
2024-06-06 10:48:50.8762|INFO|Microsoft.AspNetCore.StaticFiles.StaticFileMiddleware|Sending file. Request path: '/swagger-ui-standalone-preset.js'. Physical path: 'N/A'
2024-06-06 10:48:50.8762|INFO|Microsoft.AspNetCore.Hosting.Diagnostics|Request finished HTTP/2 GET https://localhost:7264/swagger/swagger-ui-standalone-preset.js - 200 339486 text/javascript 91.7777ms
2024-06-06 10:48:50.8762|INFO|Microsoft.AspNetCore.Hosting.Diagnostics|Request finished HTTP/2 GET https://localhost:7264/swagger/swagger-ui.css - 200 143943 text/css 92.0050ms
2024-06-06 10:48:50.9145|INFO|Microsoft.AspNetCore.StaticFiles.StaticFileMiddleware|Sending file. Request path: '/swagger-ui-bundle.js'. Physical path: 'N/A'
2024-06-06 10:48:50.9145|INFO|Microsoft.AspNetCore.Hosting.Diagnostics|Request finished HTTP/2 GET https://localhost:7264/swagger/swagger-ui-bundle.js - 200 1096145 text/javascript 127.4963ms
2024-06-06 10:48:50.9604|INFO|Microsoft.AspNetCore.Hosting.Diagnostics|Request finished HTTP/2 GET https://localhost:7264/_vs/browserLink - 200 - text/javascript;+charset=UTF-8 168.6699ms
2024-06-06 10:48:51.2915|INFO|Microsoft.AspNetCore.Hosting.Diagnostics|Request starting HTTP/2 GET https://localhost:7264/swagger/v1/swagger.json - - -
2024-06-06 10:48:51.5576|INFO|Microsoft.AspNetCore.Hosting.Diagnostics|Request finished HTTP/2 GET https://localhost:7264/swagger/v1/swagger.json - 200 - application/json;charset=utf-8 266.4406ms
2024-06-06 10:48:59.0976|INFO|Microsoft.AspNetCore.Hosting.Diagnostics|Request starting HTTP/2 GET https://localhost:7264/swagger/index.html - - -
2024-06-06 10:48:59.1120|INFO|Microsoft.AspNetCore.Hosting.Diagnostics|Request finished HTTP/2 GET https://localhost:7264/swagger/index.html - 200 - text/html;charset=utf-8 14.2879ms
2024-06-06 10:48:59.3786|INFO|Microsoft.AspNetCore.Hosting.Diagnostics|Request starting HTTP/2 GET https://localhost:7264/_framework/aspnetcore-browser-refresh.js - - -
2024-06-06 10:48:59.3786|INFO|Microsoft.AspNetCore.Hosting.Diagnostics|Request starting HTTP/2 GET https://localhost:7264/_vs/browserLink - - -
2024-06-06 10:48:59.3786|INFO|Microsoft.AspNetCore.Hosting.Diagnostics|Request finished HTTP/2 GET https://localhost:7264/_framework/aspnetcore-browser-refresh.js - 200 13758 application/javascript;+charset=utf-8 2.9229ms
2024-06-06 10:48:59.5545|INFO|Microsoft.AspNetCore.Hosting.Diagnostics|Request finished HTTP/2 GET https://localhost:7264/_vs/browserLink - 200 - text/javascript;+charset=UTF-8 174.9442ms
2024-06-06 10:48:59.8583|INFO|Microsoft.AspNetCore.Hosting.Diagnostics|Request starting HTTP/2 GET https://localhost:7264/swagger/v1/swagger.json - - -
2024-06-06 10:48:59.8772|INFO|Microsoft.AspNetCore.Hosting.Diagnostics|Request finished HTTP/2 GET https://localhost:7264/swagger/v1/swagger.json - 200 - application/json;charset=utf-8 18.8461ms
2024-06-06 10:49:24.1272|INFO|Microsoft.AspNetCore.Hosting.Diagnostics|Request starting HTTP/2 GET https://localhost:7264/api/PolicyCreation - - -
2024-06-06 10:49:24.1443|INFO|Microsoft.AspNetCore.Routing.EndpointMiddleware|Executing endpoint 'E_Insurance.Controllers.PolicyCreationController.GetAllPolicy (E-Insurance)'
2024-06-06 10:49:24.1905|INFO|Microsoft.AspNetCore.Mvc.Infrastructure.ControllerActionInvoker|Route matched with {action = "GetAllPolicy", controller = "PolicyCreation"}. Executing controller action with signature System.Threading.Tasks.Task`1[Microsoft.AspNetCore.Mvc.IActionResult] GetAllPolicy() on controller E_Insurance.Controllers.PolicyCreationController (E-Insurance).
2024-06-06 10:49:25.5068|INFO|RepositoryLayer.Service.PolicyCreationService|Retrieved all policies
2024-06-06 10:49:25.5185|INFO|Microsoft.AspNetCore.Mvc.Infrastructure.ObjectResultExecutor|Executing OkObjectResult, writing value of type 'Response.ResponseModel`1[[System.Collections.Generic.IEnumerable`1[[ModelLayer.Entity.PolicyCreation, ModelLayer, Version=1.0.0.0, Culture=neutral, PublicKeyToken=null]], System.Private.CoreLib, Version=8.0.0.0, Culture=neutral, PublicKeyToken=7cec85d7bea7798e]]'.
2024-06-06 10:49:25.5500|INFO|Microsoft.AspNetCore.Mvc.Infrastructure.ControllerActionInvoker|Executed action E_Insurance.Controllers.PolicyCreationController.GetAllPolicy (E-Insurance) in 1349.6974ms
2024-06-06 10:49:25.5500|INFO|Microsoft.AspNetCore.Routing.EndpointMiddleware|Executed endpoint 'E_Insurance.Controllers.PolicyCreationController.GetAllPolicy (E-Insurance)'
2024-06-06 10:49:25.5500|INFO|Microsoft.AspNetCore.Hosting.Diagnostics|Request finished HTTP/2 GET https://localhost:7264/api/PolicyCreation - 200 - application/json;+charset=utf-8 1424.0510ms
2024-06-06 10:51:23.8137|INFO|Microsoft.AspNetCore.Hosting.Diagnostics|Request starting HTTP/2 GET https://localhost:7264/api/PolicyPurchase?customerId=1 - - -
2024-06-06 10:51:23.8168|INFO|Microsoft.AspNetCore.Routing.EndpointMiddleware|Executing endpoint 'E_Insurance.Controllers.PolicyPurchaseController.GetCustomerPurchaseDetailsById (E-Insurance)'
2024-06-06 10:51:23.8384|INFO|Microsoft.AspNetCore.Mvc.Infrastructure.ControllerActionInvoker|Route matched with {action = "GetCustomerPurchaseDetailsById", controller = "PolicyPurchase"}. Executing controller action with signature System.Threading.Tasks.Task`1[Microsoft.AspNetCore.Mvc.IActionResult] GetCustomerPurchaseDetailsById(Int32) on controller E_Insurance.Controllers.PolicyPurchaseController (E-Insurance).
2024-06-06 10:51:24.0924|ERROR|RepositoryLayer.Service.CustomerPolicyPurchaseService|An error occurred while retrieving policies|System.Data.SqlClient.SqlException (0x80131904): Could not find stored procedure 'ViewCustomerPolicies'.
   at System.Data.SqlClient.SqlCommand.<>c.<ExecuteDbDataReaderAsync>b__126_0(Task`1 result)
   at System.Threading.Tasks.ContinuationResultTaskFromResultTask`2.InnerInvoke()
   at System.Threading.ExecutionContext.RunInternal(ExecutionContext executionContext, ContextCallback callback, Object state)
--- End of stack trace from previous location ---
   at System.Threading.ExecutionContext.RunInternal(ExecutionContext executionContext, ContextCallback callback, Object state)
   at System.Threading.Tasks.Task.ExecuteWithThreadLocal(Task& currentTaskSlot, Thread threadPoolThread)
--- End of stack trace from previous location ---
   at Dapper.SqlMapper.QueryAsync[T](IDbConnection cnn, Type effectiveType, CommandDefinition command) in /_/Dapper/SqlMapper.Async.cs:line 434
   at RepositoryLayer.Service.CustomerPolicyPurchaseService.GetCustomerPurchaseDetailsById(Int32 customerId) in C:\Users\SHASHANK\source\repos\E-Insurance\RepositoryLayer\Service\CustomerPolicyPurchaseService.cs:line 53
ClientConnectionId:8fad9d81-50b4-444f-b3f2-5d901a4b53ba
Error Number:2812,State:62,Class:16
2024-06-06 10:51:24.5003|INFO|Microsoft.AspNetCore.Mvc.Infrastructure.ObjectResultExecutor|Executing ObjectResult, writing value of type 'Response.ResponseModel`1[[ModelLayer.Response.CustomerPolicyDetails, ModelLayer, Version=1.0.0.0, Culture=neutral, PublicKeyToken=null]]'.
2024-06-06 10:51:24.5200|INFO|Microsoft.AspNetCore.Mvc.Infrastructure.ControllerActionInvoker|Executed action E_Insurance.Controllers.PolicyPurchaseController.GetCustomerPurchaseDetailsById (E-Insurance) in 681.3109ms
2024-06-06 10:51:24.5200|INFO|Microsoft.AspNetCore.Routing.EndpointMiddleware|Executed endpoint 'E_Insurance.Controllers.PolicyPurchaseController.GetCustomerPurchaseDetailsById (E-Insurance)'
2024-06-06 10:51:24.5200|INFO|Microsoft.AspNetCore.Hosting.Diagnostics|Request finished HTTP/2 GET https://localhost:7264/api/PolicyPurchase?customerId=1 - 500 - application/json;+charset=utf-8 706.6858ms
2024-06-06 10:58:05.7129|INFO|Microsoft.AspNetCore.DataProtection.KeyManagement.XmlKeyManager|User profile is available. Using 'C:\Users\SHASHANK\AppData\Local\ASP.NET\DataProtection-Keys' as key repository and Windows DPAPI to encrypt keys at rest.
2024-06-06 10:58:05.9703|INFO|Microsoft.Hosting.Lifetime|Now listening on: https://localhost:7264
2024-06-06 10:58:05.9703|INFO|Microsoft.Hosting.Lifetime|Now listening on: http://localhost:5206
2024-06-06 10:58:05.9703|INFO|Microsoft.Hosting.Lifetime|Application started. Press Ctrl+C to shut down.
2024-06-06 10:58:05.9703|INFO|Microsoft.Hosting.Lifetime|Hosting environment: Development
2024-06-06 10:58:05.9703|INFO|Microsoft.Hosting.Lifetime|Content root path: C:\Users\SHASHANK\source\repos\E-Insurance\E-Insurance
2024-06-06 10:58:06.5777|INFO|Microsoft.AspNetCore.Hosting.Diagnostics|Request starting HTTP/2 GET https://localhost:7264/swagger/index.html - - -
2024-06-06 10:58:06.8348|INFO|Microsoft.AspNetCore.Hosting.Diagnostics|Request finished HTTP/2 GET https://localhost:7264/swagger/index.html - 200 - text/html;charset=utf-8 257.1446ms
2024-06-06 10:58:06.8938|INFO|Microsoft.AspNetCore.Hosting.Diagnostics|Request starting HTTP/2 GET https://localhost:7264/_vs/browserLink - - -
2024-06-06 10:58:06.8938|INFO|Microsoft.AspNetCore.Hosting.Diagnostics|Request starting HTTP/2 GET https://localhost:7264/_framework/aspnetcore-browser-refresh.js - - -
2024-06-06 10:58:06.8938|INFO|Microsoft.AspNetCore.Hosting.Diagnostics|Request finished HTTP/2 GET https://localhost:7264/_framework/aspnetcore-browser-refresh.js - 200 13758 application/javascript;+charset=utf-8 5.1870ms
2024-06-06 10:58:06.9544|INFO|Microsoft.AspNetCore.Hosting.Diagnostics|Request finished HTTP/2 GET https://localhost:7264/_vs/browserLink - 200 - text/javascript;+charset=UTF-8 60.5203ms
2024-06-06 10:58:07.0824|INFO|Microsoft.AspNetCore.Hosting.Diagnostics|Request starting HTTP/2 GET https://localhost:7264/swagger/v1/swagger.json - - -
2024-06-06 10:58:07.0948|INFO|Microsoft.AspNetCore.Hosting.Diagnostics|Request starting HTTP/2 GET https://localhost:7264/swagger/favicon-32x32.png - - -
2024-06-06 10:58:07.1537|INFO|Microsoft.AspNetCore.StaticFiles.StaticFileMiddleware|Sending file. Request path: '/favicon-32x32.png'. Physical path: 'N/A'
2024-06-06 10:58:07.1537|INFO|Microsoft.AspNetCore.Hosting.Diagnostics|Request finished HTTP/2 GET https://localhost:7264/swagger/favicon-32x32.png - 200 628 image/png 59.4501ms
2024-06-06 10:58:07.3074|INFO|Microsoft.AspNetCore.Hosting.Diagnostics|Request finished HTTP/2 GET https://localhost:7264/swagger/v1/swagger.json - 200 - application/json;charset=utf-8 224.8883ms
2024-06-06 10:58:23.2907|INFO|Microsoft.AspNetCore.Hosting.Diagnostics|Request starting HTTP/2 GET https://localhost:7264/api/PolicyPurchase?customerId=1 - - -
2024-06-06 10:58:23.3020|INFO|Microsoft.AspNetCore.Routing.EndpointMiddleware|Executing endpoint 'E_Insurance.Controllers.PolicyPurchaseController.GetCustomerPurchaseDetailsById (E-Insurance)'
2024-06-06 10:58:23.3332|INFO|Microsoft.AspNetCore.Mvc.Infrastructure.ControllerActionInvoker|Route matched with {action = "GetCustomerPurchaseDetailsById", controller = "PolicyPurchase"}. Executing controller action with signature System.Threading.Tasks.Task`1[Microsoft.AspNetCore.Mvc.IActionResult] GetCustomerPurchaseDetailsById(Int32) on controller E_Insurance.Controllers.PolicyPurchaseController (E-Insurance).
2024-06-06 10:58:23.7360|ERROR|RepositoryLayer.Service.CustomerPolicyPurchaseService|An error occurred while retrieving policies|System.Data.SqlClient.SqlException (0x80131904): Could not find stored procedure 'ViewCustomerPolicies'.
   at System.Data.SqlClient.SqlCommand.<>c.<ExecuteDbDataReaderAsync>b__126_0(Task`1 result)
   at System.Threading.Tasks.ContinuationResultTaskFromResultTask`2.InnerInvoke()
   at System.Threading.ExecutionContext.RunInternal(ExecutionContext executionContext, ContextCallback callback, Object state)
--- End of stack trace from previous location ---
   at System.Threading.ExecutionContext.RunInternal(ExecutionContext executionContext, ContextCallback callback, Object state)
   at System.Threading.Tasks.Task.ExecuteWithThreadLocal(Task& currentTaskSlot, Thread threadPoolThread)
--- End of stack trace from previous location ---
   at Dapper.SqlMapper.QueryAsync[T](IDbConnection cnn, Type effectiveType, CommandDefinition command) in /_/Dapper/SqlMapper.Async.cs:line 434
   at RepositoryLayer.Service.CustomerPolicyPurchaseService.GetCustomerPurchaseDetailsById(Int32 customerId) in C:\Users\SHASHANK\source\repos\E-Insurance\RepositoryLayer\Service\CustomerPolicyPurchaseService.cs:line 53
ClientConnectionId:52a96546-2e90-4d10-a951-fa3d5351bbe5
Error Number:2812,State:62,Class:16
2024-06-06 10:58:23.7999|INFO|Microsoft.AspNetCore.Mvc.Infrastructure.ObjectResultExecutor|Executing ObjectResult, writing value of type 'Response.ResponseModel`1[[ModelLayer.Response.CustomerPolicyDetails, ModelLayer, Version=1.0.0.0, Culture=neutral, PublicKeyToken=null]]'.
2024-06-06 10:58:23.8255|INFO|Microsoft.AspNetCore.Mvc.Infrastructure.ControllerActionInvoker|Executed action E_Insurance.Controllers.PolicyPurchaseController.GetCustomerPurchaseDetailsById (E-Insurance) in 482.705ms
2024-06-06 10:58:23.8255|INFO|Microsoft.AspNetCore.Routing.EndpointMiddleware|Executed endpoint 'E_Insurance.Controllers.PolicyPurchaseController.GetCustomerPurchaseDetailsById (E-Insurance)'
2024-06-06 10:58:23.8255|INFO|Microsoft.AspNetCore.Hosting.Diagnostics|Request finished HTTP/2 GET https://localhost:7264/api/PolicyPurchase?customerId=1 - 500 - application/json;+charset=utf-8 535.7958ms
2024-06-06 11:05:09.7709|INFO|Microsoft.AspNetCore.DataProtection.KeyManagement.XmlKeyManager|User profile is available. Using 'C:\Users\SHASHANK\AppData\Local\ASP.NET\DataProtection-Keys' as key repository and Windows DPAPI to encrypt keys at rest.
2024-06-06 11:05:09.9637|INFO|Microsoft.Hosting.Lifetime|Now listening on: https://localhost:7264
2024-06-06 11:05:09.9637|INFO|Microsoft.Hosting.Lifetime|Now listening on: http://localhost:5206
2024-06-06 11:05:09.9637|INFO|Microsoft.Hosting.Lifetime|Application started. Press Ctrl+C to shut down.
2024-06-06 11:05:09.9637|INFO|Microsoft.Hosting.Lifetime|Hosting environment: Development
2024-06-06 11:05:09.9637|INFO|Microsoft.Hosting.Lifetime|Content root path: C:\Users\SHASHANK\source\repos\E-Insurance\E-Insurance
2024-06-06 11:05:10.1363|INFO|Microsoft.AspNetCore.Hosting.Diagnostics|Request starting HTTP/2 GET https://localhost:7264/swagger/index.html - - -
2024-06-06 11:05:10.4486|INFO|Microsoft.AspNetCore.Hosting.Diagnostics|Request finished HTTP/2 GET https://localhost:7264/swagger/index.html - 200 - text/html;charset=utf-8 311.8002ms
2024-06-06 11:05:10.4987|INFO|Microsoft.AspNetCore.Hosting.Diagnostics|Request starting HTTP/2 GET https://localhost:7264/_vs/browserLink - - -
2024-06-06 11:05:10.4987|INFO|Microsoft.AspNetCore.Hosting.Diagnostics|Request starting HTTP/2 GET https://localhost:7264/_framework/aspnetcore-browser-refresh.js - - -
2024-06-06 11:05:10.5038|INFO|Microsoft.AspNetCore.Hosting.Diagnostics|Request finished HTTP/2 GET https://localhost:7264/_framework/aspnetcore-browser-refresh.js - 200 13758 application/javascript;+charset=utf-8 4.9511ms
2024-06-06 11:05:10.5457|INFO|Microsoft.AspNetCore.Hosting.Diagnostics|Request finished HTTP/2 GET https://localhost:7264/_vs/browserLink - 200 - text/javascript;+charset=UTF-8 46.9010ms
2024-06-06 11:05:10.7520|INFO|Microsoft.AspNetCore.Hosting.Diagnostics|Request starting HTTP/2 GET https://localhost:7264/swagger/v1/swagger.json - - -
2024-06-06 11:05:10.8623|INFO|Microsoft.AspNetCore.Hosting.Diagnostics|Request finished HTTP/2 GET https://localhost:7264/swagger/v1/swagger.json - 200 - application/json;charset=utf-8 110.2840ms
2024-06-06 11:05:26.1781|INFO|Microsoft.AspNetCore.Hosting.Diagnostics|Request starting HTTP/2 GET https://localhost:7264/api/PolicyPurchase?customerId=1 - - -
2024-06-06 11:05:26.1982|INFO|Microsoft.AspNetCore.Routing.EndpointMiddleware|Executing endpoint 'E_Insurance.Controllers.PolicyPurchaseController.GetCustomerPurchaseDetailsById (E-Insurance)'
2024-06-06 11:05:26.2530|INFO|Microsoft.AspNetCore.Mvc.Infrastructure.ControllerActionInvoker|Route matched with {action = "GetCustomerPurchaseDetailsById", controller = "PolicyPurchase"}. Executing controller action with signature System.Threading.Tasks.Task`1[Microsoft.AspNetCore.Mvc.IActionResult] GetCustomerPurchaseDetailsById(Int32) on controller E_Insurance.Controllers.PolicyPurchaseController (E-Insurance).
2024-06-06 11:05:27.1033|INFO|RepositoryLayer.Service.CustomerPolicyPurchaseService|Retrieved all policies
2024-06-06 11:05:27.1151|INFO|Microsoft.AspNetCore.Mvc.Infrastructure.ObjectResultExecutor|Executing OkObjectResult, writing value of type 'Response.ResponseModel`1[[System.Collections.Generic.IEnumerable`1[[ModelLayer.Response.CustomerPolicyDetails, ModelLayer, Version=1.0.0.0, Culture=neutral, PublicKeyToken=null]], System.Private.CoreLib, Version=8.0.0.0, Culture=neutral, PublicKeyToken=7cec85d7bea7798e]]'.
2024-06-06 11:05:27.1567|INFO|Microsoft.AspNetCore.Mvc.Infrastructure.ControllerActionInvoker|Executed action E_Insurance.Controllers.PolicyPurchaseController.GetCustomerPurchaseDetailsById (E-Insurance) in 892.9983ms
2024-06-06 11:05:27.1567|INFO|Microsoft.AspNetCore.Routing.EndpointMiddleware|Executed endpoint 'E_Insurance.Controllers.PolicyPurchaseController.GetCustomerPurchaseDetailsById (E-Insurance)'
2024-06-06 11:05:27.1567|INFO|Microsoft.AspNetCore.Hosting.Diagnostics|Request finished HTTP/2 GET https://localhost:7264/api/PolicyPurchase?customerId=1 - 200 - application/json;+charset=utf-8 980.5269ms
2024-06-06 11:13:02.9531|INFO|Microsoft.AspNetCore.DataProtection.KeyManagement.XmlKeyManager|User profile is available. Using 'C:\Users\SHASHANK\AppData\Local\ASP.NET\DataProtection-Keys' as key repository and Windows DPAPI to encrypt keys at rest.
2024-06-06 11:13:03.1553|INFO|Microsoft.Hosting.Lifetime|Now listening on: https://localhost:7264
2024-06-06 11:13:03.1553|INFO|Microsoft.Hosting.Lifetime|Now listening on: http://localhost:5206
2024-06-06 11:13:03.1553|INFO|Microsoft.Hosting.Lifetime|Application started. Press Ctrl+C to shut down.
2024-06-06 11:13:03.1553|INFO|Microsoft.Hosting.Lifetime|Hosting environment: Development
2024-06-06 11:13:03.1553|INFO|Microsoft.Hosting.Lifetime|Content root path: C:\Users\SHASHANK\source\repos\E-Insurance\E-Insurance
2024-06-06 11:13:03.8501|INFO|Microsoft.AspNetCore.Hosting.Diagnostics|Request starting HTTP/2 GET https://localhost:7264/swagger/index.html - - -
2024-06-06 11:13:04.1149|INFO|Microsoft.AspNetCore.Hosting.Diagnostics|Request finished HTTP/2 GET https://localhost:7264/swagger/index.html - 200 - text/html;charset=utf-8 266.0050ms
2024-06-06 11:13:04.1591|INFO|Microsoft.AspNetCore.Hosting.Diagnostics|Request starting HTTP/2 GET https://localhost:7264/_framework/aspnetcore-browser-refresh.js - - -
2024-06-06 11:13:04.1591|INFO|Microsoft.AspNetCore.Hosting.Diagnostics|Request starting HTTP/2 GET https://localhost:7264/_vs/browserLink - - -
2024-06-06 11:13:04.1591|INFO|Microsoft.AspNetCore.Hosting.Diagnostics|Request finished HTTP/2 GET https://localhost:7264/_framework/aspnetcore-browser-refresh.js - 200 13758 application/javascript;+charset=utf-8 4.4999ms
2024-06-06 11:13:04.2046|INFO|Microsoft.AspNetCore.Hosting.Diagnostics|Request finished HTTP/2 GET https://localhost:7264/_vs/browserLink - 200 - text/javascript;+charset=UTF-8 45.3674ms
2024-06-06 11:13:04.5688|INFO|Microsoft.AspNetCore.Hosting.Diagnostics|Request starting HTTP/2 GET https://localhost:7264/swagger/v1/swagger.json - - -
2024-06-06 11:13:04.6931|INFO|Microsoft.AspNetCore.Hosting.Diagnostics|Request finished HTTP/2 GET https://localhost:7264/swagger/v1/swagger.json - 200 - application/json;charset=utf-8 124.1021ms
2024-06-06 11:13:23.7834|INFO|Microsoft.AspNetCore.Hosting.Diagnostics|Request starting HTTP/2 GET https://localhost:7264/api/PolicyPurchase?customerId=1 - - -
2024-06-06 11:13:23.8009|INFO|Microsoft.AspNetCore.Routing.EndpointMiddleware|Executing endpoint 'E_Insurance.Controllers.PolicyPurchaseController.GetCustomerPurchaseDetailsById (E-Insurance)'
2024-06-06 11:13:23.8516|INFO|Microsoft.AspNetCore.Mvc.Infrastructure.ControllerActionInvoker|Route matched with {action = "GetCustomerPurchaseDetailsById", controller = "PolicyPurchase"}. Executing controller action with signature System.Threading.Tasks.Task`1[Microsoft.AspNetCore.Mvc.IActionResult] GetCustomerPurchaseDetailsById(Int32) on controller E_Insurance.Controllers.PolicyPurchaseController (E-Insurance).
2024-06-06 11:13:24.3174|INFO|RepositoryLayer.Service.CustomerPolicyPurchaseService|Retrieved all policies
2024-06-06 11:13:24.3301|INFO|Microsoft.AspNetCore.Mvc.Infrastructure.ObjectResultExecutor|Executing OkObjectResult, writing value of type 'Response.ResponseModel`1[[System.Collections.Generic.IEnumerable`1[[ModelLayer.Response.CustomerPolicyDetails, ModelLayer, Version=1.0.0.0, Culture=neutral, PublicKeyToken=null]], System.Private.CoreLib, Version=8.0.0.0, Culture=neutral, PublicKeyToken=7cec85d7bea7798e]]'.
2024-06-06 11:13:24.3835|INFO|Microsoft.AspNetCore.Mvc.Infrastructure.ControllerActionInvoker|Executed action E_Insurance.Controllers.PolicyPurchaseController.GetCustomerPurchaseDetailsById (E-Insurance) in 521.1782ms
2024-06-06 11:13:24.3835|INFO|Microsoft.AspNetCore.Routing.EndpointMiddleware|Executed endpoint 'E_Insurance.Controllers.PolicyPurchaseController.GetCustomerPurchaseDetailsById (E-Insurance)'
2024-06-06 11:13:24.3835|INFO|Microsoft.AspNetCore.Hosting.Diagnostics|Request finished HTTP/2 GET https://localhost:7264/api/PolicyPurchase?customerId=1 - 200 - application/json;+charset=utf-8 601.8353ms
