2024-06-05 13:43:43.8581|INFO|Microsoft.AspNetCore.DataProtection.KeyManagement.XmlKeyManager|User profile is available. Using 'C:\Users\SHASHANK\AppData\Local\ASP.NET\DataProtection-Keys' as key repository and Windows DPAPI to encrypt keys at rest.
2024-06-05 13:43:45.1431|INFO|Microsoft.Hosting.Lifetime|Now listening on: https://localhost:7264
2024-06-05 13:43:45.1443|INFO|Microsoft.Hosting.Lifetime|Now listening on: http://localhost:5206
2024-06-05 13:43:45.1443|INFO|Microsoft.Hosting.Lifetime|Application started. Press Ctrl+C to shut down.
2024-06-05 13:43:45.1443|INFO|Microsoft.Hosting.Lifetime|Hosting environment: Development
2024-06-05 13:43:45.1443|INFO|Microsoft.Hosting.Lifetime|Content root path: C:\Users\SHASHANK\source\repos\E-Insurance\E-Insurance
2024-06-05 13:43:46.0381|INFO|Microsoft.AspNetCore.Hosting.Diagnostics|Request starting HTTP/2 GET https://localhost:7264/swagger - - -
2024-06-05 13:43:46.5075|INFO|Microsoft.AspNetCore.Hosting.Diagnostics|Request finished HTTP/2 GET https://localhost:7264/swagger - 301 0 - 470.7800ms
2024-06-05 13:43:46.5191|INFO|Microsoft.AspNetCore.Hosting.Diagnostics|Request starting HTTP/2 GET https://localhost:7264/swagger/index.html - - -
2024-06-05 13:43:46.6548|INFO|Microsoft.AspNetCore.Hosting.Diagnostics|Request finished HTTP/2 GET https://localhost:7264/swagger/index.html - 200 - text/html;charset=utf-8 135.6448ms
2024-06-05 13:43:46.8541|INFO|Microsoft.AspNetCore.Hosting.Diagnostics|Request starting HTTP/2 GET https://localhost:7264/swagger/swagger-ui.css - - -
2024-06-05 13:43:46.8824|INFO|Microsoft.AspNetCore.StaticFiles.StaticFileMiddleware|Sending file. Request path: '/swagger-ui.css'. Physical path: 'N/A'
2024-06-05 13:43:46.8824|INFO|Microsoft.AspNetCore.Hosting.Diagnostics|Request finished HTTP/2 GET https://localhost:7264/swagger/swagger-ui.css - 200 143943 text/css 30.4972ms
2024-06-05 13:43:46.9724|INFO|Microsoft.AspNetCore.Hosting.Diagnostics|Request starting HTTP/2 GET https://localhost:7264/swagger/swagger-ui-bundle.js - - -
2024-06-05 13:43:46.9724|INFO|Microsoft.AspNetCore.Hosting.Diagnostics|Request starting HTTP/2 GET https://localhost:7264/_framework/aspnetcore-browser-refresh.js - - -
2024-06-05 13:43:46.9724|INFO|Microsoft.AspNetCore.Hosting.Diagnostics|Request starting HTTP/2 GET https://localhost:7264/swagger/swagger-ui-standalone-preset.js - - -
2024-06-05 13:43:46.9724|INFO|Microsoft.AspNetCore.Hosting.Diagnostics|Request starting HTTP/2 GET https://localhost:7264/_vs/browserLink - - -
2024-06-05 13:43:46.9724|INFO|Microsoft.AspNetCore.Hosting.Diagnostics|Request finished HTTP/2 GET https://localhost:7264/_framework/aspnetcore-browser-refresh.js - 200 13758 application/javascript;+charset=utf-8 6.1298ms
2024-06-05 13:43:46.9882|INFO|Microsoft.AspNetCore.StaticFiles.StaticFileMiddleware|Sending file. Request path: '/swagger-ui-standalone-preset.js'. Physical path: 'N/A'
2024-06-05 13:43:46.9882|INFO|Microsoft.AspNetCore.Hosting.Diagnostics|Request finished HTTP/2 GET https://localhost:7264/swagger/swagger-ui-standalone-preset.js - 200 339486 text/javascript 15.8513ms
2024-06-05 13:43:47.0145|INFO|Microsoft.AspNetCore.StaticFiles.StaticFileMiddleware|Sending file. Request path: '/swagger-ui-bundle.js'. Physical path: 'N/A'
2024-06-05 13:43:47.0145|INFO|Microsoft.AspNetCore.Hosting.Diagnostics|Request finished HTTP/2 GET https://localhost:7264/swagger/swagger-ui-bundle.js - 200 1096145 text/javascript 42.3922ms
2024-06-05 13:43:47.0846|INFO|Microsoft.AspNetCore.Hosting.Diagnostics|Request finished HTTP/2 GET https://localhost:7264/_vs/browserLink - 200 - text/javascript;+charset=UTF-8 111.2981ms
2024-06-05 13:43:47.8753|INFO|Microsoft.AspNetCore.Hosting.Diagnostics|Request starting HTTP/2 GET https://localhost:7264/swagger/v1/swagger.json - - -
2024-06-05 13:43:48.0207|INFO|Microsoft.AspNetCore.Hosting.Diagnostics|Request finished HTTP/2 GET https://localhost:7264/swagger/v1/swagger.json - 200 - application/json;charset=utf-8 145.3707ms
2024-06-05 13:46:36.2200|INFO|Microsoft.AspNetCore.DataProtection.KeyManagement.XmlKeyManager|User profile is available. Using 'C:\Users\SHASHANK\AppData\Local\ASP.NET\DataProtection-Keys' as key repository and Windows DPAPI to encrypt keys at rest.
2024-06-05 13:46:36.4423|INFO|Microsoft.Hosting.Lifetime|Now listening on: https://localhost:7264
2024-06-05 13:46:36.4423|INFO|Microsoft.Hosting.Lifetime|Now listening on: http://localhost:5206
2024-06-05 13:46:36.4423|INFO|Microsoft.Hosting.Lifetime|Application started. Press Ctrl+C to shut down.
2024-06-05 13:46:36.4423|INFO|Microsoft.Hosting.Lifetime|Hosting environment: Development
2024-06-05 13:46:36.4423|INFO|Microsoft.Hosting.Lifetime|Content root path: C:\Users\SHASHANK\source\repos\E-Insurance\E-Insurance
2024-06-05 13:46:36.9882|INFO|Microsoft.AspNetCore.Hosting.Diagnostics|Request starting HTTP/2 GET https://localhost:7264/swagger/index.html - - -
2024-06-05 13:46:37.2567|INFO|Microsoft.AspNetCore.Hosting.Diagnostics|Request finished HTTP/2 GET https://localhost:7264/swagger/index.html - 200 - text/html;charset=utf-8 268.4160ms
2024-06-05 13:46:37.3164|INFO|Microsoft.AspNetCore.Hosting.Diagnostics|Request starting HTTP/2 GET https://localhost:7264/_vs/browserLink - - -
2024-06-05 13:46:37.3164|INFO|Microsoft.AspNetCore.Hosting.Diagnostics|Request starting HTTP/2 GET https://localhost:7264/_framework/aspnetcore-browser-refresh.js - - -
2024-06-05 13:46:37.3164|INFO|Microsoft.AspNetCore.Hosting.Diagnostics|Request finished HTTP/2 GET https://localhost:7264/_framework/aspnetcore-browser-refresh.js - 200 13758 application/javascript;+charset=utf-8 6.5573ms
2024-06-05 13:46:37.3524|INFO|Microsoft.AspNetCore.Hosting.Diagnostics|Request finished HTTP/2 GET https://localhost:7264/_vs/browserLink - 200 - text/javascript;+charset=UTF-8 36.0165ms
2024-06-05 13:46:37.6323|INFO|Microsoft.AspNetCore.Hosting.Diagnostics|Request starting HTTP/2 GET https://localhost:7264/swagger/v1/swagger.json - - -
2024-06-05 13:46:37.7622|INFO|Microsoft.AspNetCore.Hosting.Diagnostics|Request finished HTTP/2 GET https://localhost:7264/swagger/v1/swagger.json - 200 - application/json;charset=utf-8 129.9606ms
2024-06-05 13:47:50.6018|INFO|Microsoft.AspNetCore.Hosting.Diagnostics|Request starting HTTP/2 POST https://localhost:7264/api/PolicyCreation/policy - application/json 149
2024-06-05 13:47:50.6206|INFO|Microsoft.AspNetCore.Routing.EndpointMiddleware|Executing endpoint 'E_Insurance.Controllers.PolicyCreationController.AddPolicy (E-Insurance)'
2024-06-05 13:47:50.6684|INFO|Microsoft.AspNetCore.Mvc.Infrastructure.ControllerActionInvoker|Route matched with {action = "AddPolicy", controller = "PolicyCreation"}. Executing controller action with signature System.Threading.Tasks.Task`1[Microsoft.AspNetCore.Mvc.IActionResult] AddPolicy(ModelLayer.Entity.PolicyCreation) on controller E_Insurance.Controllers.PolicyCreationController (E-Insurance).
2024-06-05 13:47:52.4585|INFO|Microsoft.AspNetCore.Mvc.Infrastructure.ObjectResultExecutor|Executing ObjectResult, writing value of type 'Response.ResponseModel`1[[ModelLayer.Entity.PolicyCreation, ModelLayer, Version=1.0.0.0, Culture=neutral, PublicKeyToken=null]]'.
2024-06-05 13:47:52.4855|INFO|Microsoft.AspNetCore.Mvc.Infrastructure.ControllerActionInvoker|Executed action E_Insurance.Controllers.PolicyCreationController.AddPolicy (E-Insurance) in 1799.9637ms
2024-06-05 13:47:52.4866|INFO|Microsoft.AspNetCore.Routing.EndpointMiddleware|Executed endpoint 'E_Insurance.Controllers.PolicyCreationController.AddPolicy (E-Insurance)'
2024-06-05 13:47:52.4866|INFO|Microsoft.AspNetCore.Hosting.Diagnostics|Request finished HTTP/2 POST https://localhost:7264/api/PolicyCreation/policy - 500 - application/json;+charset=utf-8 1886.0473ms
2024-06-05 13:53:39.5239|INFO|Microsoft.AspNetCore.DataProtection.KeyManagement.XmlKeyManager|User profile is available. Using 'C:\Users\SHASHANK\AppData\Local\ASP.NET\DataProtection-Keys' as key repository and Windows DPAPI to encrypt keys at rest.
2024-06-05 13:53:39.7182|INFO|Microsoft.Hosting.Lifetime|Now listening on: https://localhost:7264
2024-06-05 13:53:39.7182|INFO|Microsoft.Hosting.Lifetime|Now listening on: http://localhost:5206
2024-06-05 13:53:39.7199|INFO|Microsoft.Hosting.Lifetime|Application started. Press Ctrl+C to shut down.
2024-06-05 13:53:39.7199|INFO|Microsoft.Hosting.Lifetime|Hosting environment: Development
2024-06-05 13:53:39.7199|INFO|Microsoft.Hosting.Lifetime|Content root path: C:\Users\SHASHANK\source\repos\E-Insurance\E-Insurance
2024-06-05 13:53:40.3301|INFO|Microsoft.AspNetCore.Hosting.Diagnostics|Request starting HTTP/2 GET https://localhost:7264/swagger/index.html - - -
2024-06-05 13:53:40.5878|INFO|Microsoft.AspNetCore.Hosting.Diagnostics|Request finished HTTP/2 GET https://localhost:7264/swagger/index.html - 200 - text/html;charset=utf-8 257.8647ms
2024-06-05 13:53:40.6351|INFO|Microsoft.AspNetCore.Hosting.Diagnostics|Request starting HTTP/2 GET https://localhost:7264/_vs/browserLink - - -
2024-06-05 13:53:40.6351|INFO|Microsoft.AspNetCore.Hosting.Diagnostics|Request starting HTTP/2 GET https://localhost:7264/_framework/aspnetcore-browser-refresh.js - - -
2024-06-05 13:53:40.6351|INFO|Microsoft.AspNetCore.Hosting.Diagnostics|Request finished HTTP/2 GET https://localhost:7264/_framework/aspnetcore-browser-refresh.js - 200 13758 application/javascript;+charset=utf-8 5.4405ms
2024-06-05 13:53:40.6815|INFO|Microsoft.AspNetCore.Hosting.Diagnostics|Request finished HTTP/2 GET https://localhost:7264/_vs/browserLink - 200 - text/javascript;+charset=UTF-8 46.3518ms
2024-06-05 13:53:40.8670|INFO|Microsoft.AspNetCore.Hosting.Diagnostics|Request starting HTTP/2 GET https://localhost:7264/swagger/v1/swagger.json - - -
2024-06-05 13:53:40.8915|INFO|Microsoft.AspNetCore.Hosting.Diagnostics|Request starting HTTP/2 GET https://localhost:7264/swagger/favicon-32x32.png - - -
2024-06-05 13:53:40.9352|INFO|Microsoft.AspNetCore.StaticFiles.StaticFileMiddleware|Sending file. Request path: '/favicon-32x32.png'. Physical path: 'N/A'
2024-06-05 13:53:40.9352|INFO|Microsoft.AspNetCore.Hosting.Diagnostics|Request finished HTTP/2 GET https://localhost:7264/swagger/favicon-32x32.png - 200 628 image/png 44.0924ms
2024-06-05 13:53:41.0610|INFO|Microsoft.AspNetCore.Hosting.Diagnostics|Request finished HTTP/2 GET https://localhost:7264/swagger/v1/swagger.json - 200 - application/json;charset=utf-8 193.8582ms
2024-06-05 13:55:00.1018|INFO|Microsoft.AspNetCore.Hosting.Diagnostics|Request starting HTTP/2 POST https://localhost:7264/api/PolicyCreation/policy - application/json 169
2024-06-05 13:55:00.1018|INFO|Microsoft.AspNetCore.Routing.EndpointMiddleware|Executing endpoint 'E_Insurance.Controllers.PolicyCreationController.AddPolicy (E-Insurance)'
2024-06-05 13:55:00.1427|INFO|Microsoft.AspNetCore.Mvc.Infrastructure.ControllerActionInvoker|Route matched with {action = "AddPolicy", controller = "PolicyCreation"}. Executing controller action with signature System.Threading.Tasks.Task`1[Microsoft.AspNetCore.Mvc.IActionResult] AddPolicy(ModelLayer.Entity.PolicyCreation) on controller E_Insurance.Controllers.PolicyCreationController (E-Insurance).
2024-06-05 13:55:00.5691|INFO|Microsoft.AspNetCore.Mvc.Infrastructure.ObjectResultExecutor|Executing ObjectResult, writing value of type 'Response.ResponseModel`1[[ModelLayer.Entity.PolicyCreation, ModelLayer, Version=1.0.0.0, Culture=neutral, PublicKeyToken=null]]'.
2024-06-05 13:55:00.5880|INFO|Microsoft.AspNetCore.Mvc.Infrastructure.ControllerActionInvoker|Executed action E_Insurance.Controllers.PolicyCreationController.AddPolicy (E-Insurance) in 433.394ms
2024-06-05 13:55:00.5880|INFO|Microsoft.AspNetCore.Routing.EndpointMiddleware|Executed endpoint 'E_Insurance.Controllers.PolicyCreationController.AddPolicy (E-Insurance)'
2024-06-05 13:55:00.5880|INFO|Microsoft.AspNetCore.Hosting.Diagnostics|Request finished HTTP/2 POST https://localhost:7264/api/PolicyCreation/policy - 500 - application/json;+charset=utf-8 489.4185ms
2024-06-05 13:56:50.7070|INFO|Microsoft.AspNetCore.DataProtection.KeyManagement.XmlKeyManager|User profile is available. Using 'C:\Users\SHASHANK\AppData\Local\ASP.NET\DataProtection-Keys' as key repository and Windows DPAPI to encrypt keys at rest.
2024-06-05 13:56:50.9108|INFO|Microsoft.Hosting.Lifetime|Now listening on: https://localhost:7264
2024-06-05 13:56:50.9108|INFO|Microsoft.Hosting.Lifetime|Now listening on: http://localhost:5206
2024-06-05 13:56:50.9108|INFO|Microsoft.Hosting.Lifetime|Application started. Press Ctrl+C to shut down.
2024-06-05 13:56:50.9108|INFO|Microsoft.Hosting.Lifetime|Hosting environment: Development
2024-06-05 13:56:50.9108|INFO|Microsoft.Hosting.Lifetime|Content root path: C:\Users\SHASHANK\source\repos\E-Insurance\E-Insurance
2024-06-05 13:56:51.1321|INFO|Microsoft.AspNetCore.Hosting.Diagnostics|Request starting HTTP/2 GET https://localhost:7264/swagger/index.html - - -
2024-06-05 13:56:51.4420|INFO|Microsoft.AspNetCore.Hosting.Diagnostics|Request finished HTTP/2 GET https://localhost:7264/swagger/index.html - 200 - text/html;charset=utf-8 310.0039ms
2024-06-05 13:56:51.4669|INFO|Microsoft.AspNetCore.Hosting.Diagnostics|Request starting HTTP/2 GET https://localhost:7264/_framework/aspnetcore-browser-refresh.js - - -
2024-06-05 13:56:51.4669|INFO|Microsoft.AspNetCore.Hosting.Diagnostics|Request starting HTTP/2 GET https://localhost:7264/_vs/browserLink - - -
2024-06-05 13:56:51.4712|INFO|Microsoft.AspNetCore.Hosting.Diagnostics|Request finished HTTP/2 GET https://localhost:7264/_framework/aspnetcore-browser-refresh.js - 200 13758 application/javascript;+charset=utf-8 4.1215ms
2024-06-05 13:56:51.5057|INFO|Microsoft.AspNetCore.Hosting.Diagnostics|Request finished HTTP/2 GET https://localhost:7264/_vs/browserLink - 200 - text/javascript;+charset=UTF-8 38.6846ms
2024-06-05 13:56:51.6022|INFO|Microsoft.AspNetCore.Hosting.Diagnostics|Request starting HTTP/2 GET https://localhost:7264/swagger/v1/swagger.json - - -
2024-06-05 13:56:51.7208|INFO|Microsoft.AspNetCore.Hosting.Diagnostics|Request finished HTTP/2 GET https://localhost:7264/swagger/v1/swagger.json - 200 - application/json;charset=utf-8 118.5673ms
2024-06-05 13:57:17.0045|INFO|Microsoft.AspNetCore.Hosting.Diagnostics|Request starting HTTP/2 GET https://localhost:7264/swagger/index.html - - -
2024-06-05 13:57:17.0237|INFO|Microsoft.AspNetCore.Hosting.Diagnostics|Request finished HTTP/2 GET https://localhost:7264/swagger/index.html - 200 - text/html;charset=utf-8 19.2460ms
2024-06-05 13:57:17.0534|INFO|Microsoft.AspNetCore.Hosting.Diagnostics|Request starting HTTP/2 GET https://localhost:7264/_framework/aspnetcore-browser-refresh.js - - -
2024-06-05 13:57:17.0534|INFO|Microsoft.AspNetCore.Hosting.Diagnostics|Request finished HTTP/2 GET https://localhost:7264/_framework/aspnetcore-browser-refresh.js - 200 13758 application/javascript;+charset=utf-8 0.8576ms
2024-06-05 13:57:17.0534|INFO|Microsoft.AspNetCore.Hosting.Diagnostics|Request starting HTTP/2 GET https://localhost:7264/_vs/browserLink - - -
2024-06-05 13:57:17.0688|INFO|Microsoft.AspNetCore.Hosting.Diagnostics|Request finished HTTP/2 GET https://localhost:7264/_vs/browserLink - 200 - text/javascript;+charset=UTF-8 13.8733ms
2024-06-05 13:57:17.2520|INFO|Microsoft.AspNetCore.Hosting.Diagnostics|Request starting HTTP/2 GET https://localhost:7264/swagger/v1/swagger.json - - -
2024-06-05 13:57:17.2677|INFO|Microsoft.AspNetCore.Hosting.Diagnostics|Request finished HTTP/2 GET https://localhost:7264/swagger/v1/swagger.json - 200 - application/json;charset=utf-8 15.6637ms
2024-06-05 13:57:42.7139|INFO|Microsoft.AspNetCore.DataProtection.KeyManagement.XmlKeyManager|User profile is available. Using 'C:\Users\SHASHANK\AppData\Local\ASP.NET\DataProtection-Keys' as key repository and Windows DPAPI to encrypt keys at rest.
2024-06-05 13:57:42.8765|INFO|Microsoft.Hosting.Lifetime|Now listening on: https://localhost:7264
2024-06-05 13:57:42.8765|INFO|Microsoft.Hosting.Lifetime|Now listening on: http://localhost:5206
2024-06-05 13:57:42.8765|INFO|Microsoft.Hosting.Lifetime|Application started. Press Ctrl+C to shut down.
2024-06-05 13:57:42.8765|INFO|Microsoft.Hosting.Lifetime|Hosting environment: Development
2024-06-05 13:57:42.8765|INFO|Microsoft.Hosting.Lifetime|Content root path: C:\Users\SHASHANK\source\repos\E-Insurance\E-Insurance
2024-06-05 13:57:43.2343|INFO|Microsoft.AspNetCore.Hosting.Diagnostics|Request starting HTTP/2 GET https://localhost:7264/swagger/index.html - - -
2024-06-05 13:57:43.4518|INFO|Microsoft.AspNetCore.Hosting.Diagnostics|Request finished HTTP/2 GET https://localhost:7264/swagger/index.html - 200 - text/html;charset=utf-8 215.1566ms
2024-06-05 13:57:43.4775|INFO|Microsoft.AspNetCore.Hosting.Diagnostics|Request starting HTTP/2 GET https://localhost:7264/_vs/browserLink - - -
2024-06-05 13:57:43.4775|INFO|Microsoft.AspNetCore.Hosting.Diagnostics|Request starting HTTP/2 GET https://localhost:7264/_framework/aspnetcore-browser-refresh.js - - -
2024-06-05 13:57:43.4775|INFO|Microsoft.AspNetCore.Hosting.Diagnostics|Request finished HTTP/2 GET https://localhost:7264/_framework/aspnetcore-browser-refresh.js - 200 13758 application/javascript;+charset=utf-8 4.6694ms
2024-06-05 13:57:43.5223|INFO|Microsoft.AspNetCore.Hosting.Diagnostics|Request finished HTTP/2 GET https://localhost:7264/_vs/browserLink - 200 - text/javascript;+charset=UTF-8 44.7489ms
2024-06-05 13:57:43.5732|INFO|Microsoft.AspNetCore.Hosting.Diagnostics|Request starting HTTP/2 GET https://localhost:7264/swagger/v1/swagger.json - - -
2024-06-05 13:57:43.7631|INFO|Microsoft.AspNetCore.Hosting.Diagnostics|Request finished HTTP/2 GET https://localhost:7264/swagger/v1/swagger.json - 200 - application/json;charset=utf-8 189.8719ms
2024-06-05 13:57:53.4749|INFO|Microsoft.AspNetCore.Hosting.Diagnostics|Request starting HTTP/2 POST https://localhost:7264/api/PolicyCreation/policy - application/json 123
2024-06-05 13:57:53.4906|INFO|Microsoft.AspNetCore.Routing.EndpointMiddleware|Executing endpoint 'E_Insurance.Controllers.PolicyCreationController.AddPolicy (E-Insurance)'
2024-06-05 13:57:53.5276|INFO|Microsoft.AspNetCore.Mvc.Infrastructure.ControllerActionInvoker|Route matched with {action = "AddPolicy", controller = "PolicyCreation"}. Executing controller action with signature System.Threading.Tasks.Task`1[Microsoft.AspNetCore.Mvc.IActionResult] AddPolicy(ModelLayer.Entity.PolicyCreation) on controller E_Insurance.Controllers.PolicyCreationController (E-Insurance).
2024-06-05 13:57:53.9045|INFO|RepositoryLayer.Service.PolicyCreationService|Policy created successfully: string
2024-06-05 13:57:53.9224|INFO|Microsoft.AspNetCore.Mvc.Infrastructure.ObjectResultExecutor|Executing OkObjectResult, writing value of type 'Response.ResponseModel`1[[ModelLayer.Entity.PolicyCreation, ModelLayer, Version=1.0.0.0, Culture=neutral, PublicKeyToken=null]]'.
2024-06-05 13:57:53.9441|INFO|Microsoft.AspNetCore.Mvc.Infrastructure.ControllerActionInvoker|Executed action E_Insurance.Controllers.PolicyCreationController.AddPolicy (E-Insurance) in 403.5267ms
2024-06-05 13:57:53.9441|INFO|Microsoft.AspNetCore.Routing.EndpointMiddleware|Executed endpoint 'E_Insurance.Controllers.PolicyCreationController.AddPolicy (E-Insurance)'
2024-06-05 13:57:53.9441|INFO|Microsoft.AspNetCore.Hosting.Diagnostics|Request finished HTTP/2 POST https://localhost:7264/api/PolicyCreation/policy - 200 - application/json;+charset=utf-8 470.7674ms
2024-06-05 13:58:31.7494|INFO|Microsoft.AspNetCore.Hosting.Diagnostics|Request starting HTTP/2 GET https://localhost:7264/swagger/index.html - - -
2024-06-05 13:58:31.7587|INFO|Microsoft.AspNetCore.Hosting.Diagnostics|Request finished HTTP/2 GET https://localhost:7264/swagger/index.html - 200 - text/html;charset=utf-8 9.3010ms
2024-06-05 13:58:31.7992|INFO|Microsoft.AspNetCore.Hosting.Diagnostics|Request starting HTTP/2 GET https://localhost:7264/_vs/browserLink - - -
2024-06-05 13:58:31.7992|INFO|Microsoft.AspNetCore.Hosting.Diagnostics|Request starting HTTP/2 GET https://localhost:7264/_framework/aspnetcore-browser-refresh.js - - -
2024-06-05 13:58:31.7992|INFO|Microsoft.AspNetCore.Hosting.Diagnostics|Request finished HTTP/2 GET https://localhost:7264/_framework/aspnetcore-browser-refresh.js - 200 13758 application/javascript;+charset=utf-8 0.9465ms
2024-06-05 13:58:31.8141|INFO|Microsoft.AspNetCore.Hosting.Diagnostics|Request finished HTTP/2 GET https://localhost:7264/_vs/browserLink - 200 - text/javascript;+charset=UTF-8 14.6274ms
2024-06-05 13:58:31.9231|INFO|Microsoft.AspNetCore.Hosting.Diagnostics|Request starting HTTP/2 GET https://localhost:7264/swagger/v1/swagger.json - - -
2024-06-05 13:58:31.9381|INFO|Microsoft.AspNetCore.Hosting.Diagnostics|Request finished HTTP/2 GET https://localhost:7264/swagger/v1/swagger.json - 200 - application/json;charset=utf-8 14.8586ms
2024-06-05 13:59:49.4875|INFO|Microsoft.AspNetCore.Hosting.Diagnostics|Request starting HTTP/2 POST https://localhost:7264/api/PolicyCreation/policy - application/json 147
2024-06-05 13:59:49.4875|INFO|Microsoft.AspNetCore.Routing.EndpointMiddleware|Executing endpoint 'E_Insurance.Controllers.PolicyCreationController.AddPolicy (E-Insurance)'
2024-06-05 13:59:49.4875|INFO|Microsoft.AspNetCore.Mvc.Infrastructure.ControllerActionInvoker|Route matched with {action = "AddPolicy", controller = "PolicyCreation"}. Executing controller action with signature System.Threading.Tasks.Task`1[Microsoft.AspNetCore.Mvc.IActionResult] AddPolicy(ModelLayer.Entity.PolicyCreation) on controller E_Insurance.Controllers.PolicyCreationController (E-Insurance).
2024-06-05 13:59:49.5108|INFO|RepositoryLayer.Service.PolicyCreationService|Policy created successfully: Home Insurance
2024-06-05 13:59:49.5108|INFO|Microsoft.AspNetCore.Mvc.Infrastructure.ObjectResultExecutor|Executing OkObjectResult, writing value of type 'Response.ResponseModel`1[[ModelLayer.Entity.PolicyCreation, ModelLayer, Version=1.0.0.0, Culture=neutral, PublicKeyToken=null]]'.
2024-06-05 13:59:49.5108|INFO|Microsoft.AspNetCore.Mvc.Infrastructure.ControllerActionInvoker|Executed action E_Insurance.Controllers.PolicyCreationController.AddPolicy (E-Insurance) in 19.8076ms
2024-06-05 13:59:49.5108|INFO|Microsoft.AspNetCore.Routing.EndpointMiddleware|Executed endpoint 'E_Insurance.Controllers.PolicyCreationController.AddPolicy (E-Insurance)'
2024-06-05 13:59:49.5108|INFO|Microsoft.AspNetCore.Hosting.Diagnostics|Request finished HTTP/2 POST https://localhost:7264/api/PolicyCreation/policy - 200 - application/json;+charset=utf-8 26.0907ms
2024-06-05 15:22:50.2627|INFO|Microsoft.AspNetCore.DataProtection.KeyManagement.XmlKeyManager|User profile is available. Using 'C:\Users\SHASHANK\AppData\Local\ASP.NET\DataProtection-Keys' as key repository and Windows DPAPI to encrypt keys at rest.
2024-06-05 15:22:51.1685|INFO|Microsoft.Hosting.Lifetime|Now listening on: https://localhost:7264
2024-06-05 15:22:51.1685|INFO|Microsoft.Hosting.Lifetime|Now listening on: http://localhost:5206
2024-06-05 15:22:51.1710|INFO|Microsoft.Hosting.Lifetime|Application started. Press Ctrl+C to shut down.
2024-06-05 15:22:51.1710|INFO|Microsoft.Hosting.Lifetime|Hosting environment: Development
2024-06-05 15:22:51.1710|INFO|Microsoft.Hosting.Lifetime|Content root path: C:\Users\SHASHANK\source\repos\E-Insurance\E-Insurance
2024-06-05 15:22:51.8913|INFO|Microsoft.AspNetCore.Hosting.Diagnostics|Request starting HTTP/2 GET https://localhost:7264/swagger/index.html - - -
2024-06-05 15:22:52.4547|INFO|Microsoft.AspNetCore.Hosting.Diagnostics|Request finished HTTP/2 GET https://localhost:7264/swagger/index.html - 200 - text/html;charset=utf-8 562.5948ms
2024-06-05 15:22:52.4898|INFO|Microsoft.AspNetCore.Hosting.Diagnostics|Request starting HTTP/2 GET https://localhost:7264/_vs/browserLink - - -
2024-06-05 15:22:52.4898|INFO|Microsoft.AspNetCore.Hosting.Diagnostics|Request starting HTTP/2 GET https://localhost:7264/_framework/aspnetcore-browser-refresh.js - - -
2024-06-05 15:22:52.4898|INFO|Microsoft.AspNetCore.Hosting.Diagnostics|Request finished HTTP/2 GET https://localhost:7264/_framework/aspnetcore-browser-refresh.js - 200 13758 application/javascript;+charset=utf-8 6.9329ms
2024-06-05 15:22:52.5488|INFO|Microsoft.AspNetCore.Hosting.Diagnostics|Request finished HTTP/2 GET https://localhost:7264/_vs/browserLink - 200 - text/javascript;+charset=UTF-8 58.8405ms
2024-06-05 15:22:52.7062|INFO|Microsoft.AspNetCore.Hosting.Diagnostics|Request starting HTTP/2 GET https://localhost:7264/swagger/v1/swagger.json - - -
2024-06-05 15:22:52.8585|INFO|Microsoft.AspNetCore.Hosting.Diagnostics|Request finished HTTP/2 GET https://localhost:7264/swagger/v1/swagger.json - 200 - application/json;charset=utf-8 152.2810ms
2024-06-05 15:22:58.1178|INFO|Microsoft.AspNetCore.Hosting.Diagnostics|Request starting HTTP/2 GET https://localhost:7264/api/PolicyCreation - - -
2024-06-05 15:22:58.1285|INFO|Microsoft.AspNetCore.Routing.EndpointMiddleware|Executing endpoint 'E_Insurance.Controllers.PolicyCreationController.GetAllPolicy (E-Insurance)'
2024-06-05 15:22:58.1573|INFO|Microsoft.AspNetCore.Mvc.Infrastructure.ControllerActionInvoker|Route matched with {action = "GetAllPolicy", controller = "PolicyCreation"}. Executing controller action with signature System.Threading.Tasks.Task`1[Microsoft.AspNetCore.Mvc.IActionResult] GetAllPolicy() on controller E_Insurance.Controllers.PolicyCreationController (E-Insurance).
2024-06-05 15:22:58.9244|ERROR|RepositoryLayer.Service.PolicyCreationService|An error occurred while retrieving policies|System.Data.SqlClient.SqlException (0x80131904): Procedure or function 'ViewPolicy' expects parameter '@PolicyId', which was not supplied.
   at System.Data.SqlClient.SqlCommand.<>c.<ExecuteDbDataReaderAsync>b__126_0(Task`1 result)
   at System.Threading.Tasks.ContinuationResultTaskFromResultTask`2.InnerInvoke()
   at System.Threading.ExecutionContext.RunInternal(ExecutionContext executionContext, ContextCallback callback, Object state)
--- End of stack trace from previous location ---
   at System.Threading.ExecutionContext.RunInternal(ExecutionContext executionContext, ContextCallback callback, Object state)
   at System.Threading.Tasks.Task.ExecuteWithThreadLocal(Task& currentTaskSlot, Thread threadPoolThread)
--- End of stack trace from previous location ---
   at Dapper.SqlMapper.QueryAsync[T](IDbConnection cnn, Type effectiveType, CommandDefinition command) in /_/Dapper/SqlMapper.Async.cs:line 434
   at RepositoryLayer.Service.PolicyCreationService.GetAllPolicy() in C:\Users\SHASHANK\source\repos\E-Insurance\RepositoryLayer\Service\PolicyCreationService.cs:line 51
ClientConnectionId:8d9c462c-720a-4101-a1d1-98167854d11f
Error Number:201,State:4,Class:16
2024-06-05 15:22:59.1889|INFO|Microsoft.AspNetCore.Mvc.Infrastructure.ObjectResultExecutor|Executing ObjectResult, writing value of type 'Response.ResponseModel`1[[ModelLayer.Entity.PolicyCreation, ModelLayer, Version=1.0.0.0, Culture=neutral, PublicKeyToken=null]]'.
2024-06-05 15:22:59.2207|INFO|Microsoft.AspNetCore.Mvc.Infrastructure.ControllerActionInvoker|Executed action E_Insurance.Controllers.PolicyCreationController.GetAllPolicy (E-Insurance) in 1048.8635ms
2024-06-05 15:22:59.2207|INFO|Microsoft.AspNetCore.Routing.EndpointMiddleware|Executed endpoint 'E_Insurance.Controllers.PolicyCreationController.GetAllPolicy (E-Insurance)'
2024-06-05 15:22:59.2207|INFO|Microsoft.AspNetCore.Hosting.Diagnostics|Request finished HTTP/2 GET https://localhost:7264/api/PolicyCreation - 500 - application/json;+charset=utf-8 1106.0832ms
2024-06-05 15:28:55.0570|INFO|Microsoft.AspNetCore.DataProtection.KeyManagement.XmlKeyManager|User profile is available. Using 'C:\Users\SHASHANK\AppData\Local\ASP.NET\DataProtection-Keys' as key repository and Windows DPAPI to encrypt keys at rest.
2024-06-05 15:28:55.2913|INFO|Microsoft.Hosting.Lifetime|Now listening on: https://localhost:7264
2024-06-05 15:28:55.2913|INFO|Microsoft.Hosting.Lifetime|Now listening on: http://localhost:5206
2024-06-05 15:28:55.2913|INFO|Microsoft.Hosting.Lifetime|Application started. Press Ctrl+C to shut down.
2024-06-05 15:28:55.2913|INFO|Microsoft.Hosting.Lifetime|Hosting environment: Development
2024-06-05 15:28:55.2913|INFO|Microsoft.Hosting.Lifetime|Content root path: C:\Users\SHASHANK\source\repos\E-Insurance\E-Insurance
2024-06-05 15:28:55.4400|INFO|Microsoft.AspNetCore.Hosting.Diagnostics|Request starting HTTP/2 GET https://localhost:7264/swagger/index.html - - -
2024-06-05 15:28:55.6412|INFO|Microsoft.AspNetCore.Hosting.Diagnostics|Request finished HTTP/2 GET https://localhost:7264/swagger/index.html - 200 - text/html;charset=utf-8 200.5647ms
2024-06-05 15:28:55.6745|INFO|Microsoft.AspNetCore.Hosting.Diagnostics|Request starting HTTP/2 GET https://localhost:7264/_vs/browserLink - - -
2024-06-05 15:28:55.6745|INFO|Microsoft.AspNetCore.Hosting.Diagnostics|Request starting HTTP/2 GET https://localhost:7264/_framework/aspnetcore-browser-refresh.js - - -
2024-06-05 15:28:55.6745|INFO|Microsoft.AspNetCore.Hosting.Diagnostics|Request finished HTTP/2 GET https://localhost:7264/_framework/aspnetcore-browser-refresh.js - 200 13758 application/javascript;+charset=utf-8 2.7874ms
2024-06-05 15:28:55.7075|INFO|Microsoft.AspNetCore.Hosting.Diagnostics|Request finished HTTP/2 GET https://localhost:7264/_vs/browserLink - 200 - text/javascript;+charset=UTF-8 32.9996ms
2024-06-05 15:28:55.7664|INFO|Microsoft.AspNetCore.Hosting.Diagnostics|Request starting HTTP/2 GET https://localhost:7264/swagger/v1/swagger.json - - -
2024-06-05 15:28:55.8676|INFO|Microsoft.AspNetCore.Hosting.Diagnostics|Request finished HTTP/2 GET https://localhost:7264/swagger/v1/swagger.json - 200 - application/json;charset=utf-8 101.1162ms
2024-06-05 15:29:24.2687|INFO|Microsoft.AspNetCore.Hosting.Diagnostics|Request starting HTTP/2 GET https://localhost:7264/api/PolicyCreation - - -
2024-06-05 15:29:24.2829|INFO|Microsoft.AspNetCore.Routing.EndpointMiddleware|Executing endpoint 'E_Insurance.Controllers.PolicyCreationController.GetAllPolicy (E-Insurance)'
2024-06-05 15:29:24.3122|INFO|Microsoft.AspNetCore.Mvc.Infrastructure.ControllerActionInvoker|Route matched with {action = "GetAllPolicy", controller = "PolicyCreation"}. Executing controller action with signature System.Threading.Tasks.Task`1[Microsoft.AspNetCore.Mvc.IActionResult] GetAllPolicy() on controller E_Insurance.Controllers.PolicyCreationController (E-Insurance).
2024-06-05 15:29:24.6468|ERROR|RepositoryLayer.Service.PolicyCreationService|An error occurred while retrieving policies|System.Data.SqlClient.SqlException (0x80131904): Procedure or function 'ViewPolicy' expects parameter '@PolicyId', which was not supplied.
   at System.Data.SqlClient.SqlCommand.<>c.<ExecuteDbDataReaderAsync>b__126_0(Task`1 result)
   at System.Threading.Tasks.ContinuationResultTaskFromResultTask`2.InnerInvoke()
   at System.Threading.ExecutionContext.RunInternal(ExecutionContext executionContext, ContextCallback callback, Object state)
--- End of stack trace from previous location ---
   at System.Threading.ExecutionContext.RunInternal(ExecutionContext executionContext, ContextCallback callback, Object state)
   at System.Threading.Tasks.Task.ExecuteWithThreadLocal(Task& currentTaskSlot, Thread threadPoolThread)
--- End of stack trace from previous location ---
   at Dapper.SqlMapper.QueryAsync[T](IDbConnection cnn, Type effectiveType, CommandDefinition command) in /_/Dapper/SqlMapper.Async.cs:line 434
   at RepositoryLayer.Service.PolicyCreationService.GetAllPolicy() in C:\Users\SHASHANK\source\repos\E-Insurance\RepositoryLayer\Service\PolicyCreationService.cs:line 51
ClientConnectionId:4ac98214-e627-4837-9633-431f297c0e3e
Error Number:201,State:4,Class:16
2024-06-05 15:29:24.7005|INFO|Microsoft.AspNetCore.Mvc.Infrastructure.ObjectResultExecutor|Executing ObjectResult, writing value of type 'Response.ResponseModel`1[[ModelLayer.Entity.PolicyCreation, ModelLayer, Version=1.0.0.0, Culture=neutral, PublicKeyToken=null]]'.
2024-06-05 15:29:24.7297|INFO|Microsoft.AspNetCore.Mvc.Infrastructure.ControllerActionInvoker|Executed action E_Insurance.Controllers.PolicyCreationController.GetAllPolicy (E-Insurance) in 404.7764ms
2024-06-05 15:29:24.7297|INFO|Microsoft.AspNetCore.Routing.EndpointMiddleware|Executed endpoint 'E_Insurance.Controllers.PolicyCreationController.GetAllPolicy (E-Insurance)'
2024-06-05 15:29:24.7297|INFO|Microsoft.AspNetCore.Hosting.Diagnostics|Request finished HTTP/2 GET https://localhost:7264/api/PolicyCreation - 500 - application/json;+charset=utf-8 462.5129ms
2024-06-05 15:31:40.2936|INFO|Microsoft.AspNetCore.Hosting.Diagnostics|Request starting HTTP/2 GET https://localhost:7264/swagger/index.html - - -
2024-06-05 15:31:40.3006|INFO|Microsoft.AspNetCore.Hosting.Diagnostics|Request finished HTTP/2 GET https://localhost:7264/swagger/index.html - 200 - text/html;charset=utf-8 6.8397ms
2024-06-05 15:31:40.3349|INFO|Microsoft.AspNetCore.Hosting.Diagnostics|Request starting HTTP/2 GET https://localhost:7264/_vs/browserLink - - -
2024-06-05 15:31:40.3349|INFO|Microsoft.AspNetCore.Hosting.Diagnostics|Request starting HTTP/2 GET https://localhost:7264/_framework/aspnetcore-browser-refresh.js - - -
2024-06-05 15:31:40.3349|INFO|Microsoft.AspNetCore.Hosting.Diagnostics|Request finished HTTP/2 GET https://localhost:7264/_framework/aspnetcore-browser-refresh.js - 200 13758 application/javascript;+charset=utf-8 1.5612ms
2024-06-05 15:31:40.3541|INFO|Microsoft.AspNetCore.Hosting.Diagnostics|Request finished HTTP/2 GET https://localhost:7264/_vs/browserLink - 200 - text/javascript;+charset=UTF-8 19.1282ms
2024-06-05 15:31:40.4853|INFO|Microsoft.AspNetCore.Hosting.Diagnostics|Request starting HTTP/2 GET https://localhost:7264/swagger/v1/swagger.json - - -
2024-06-05 15:31:40.4853|INFO|Microsoft.AspNetCore.Hosting.Diagnostics|Request finished HTTP/2 GET https://localhost:7264/swagger/v1/swagger.json - 200 - application/json;charset=utf-8 13.4976ms
2024-06-05 15:31:52.7159|INFO|Microsoft.AspNetCore.Hosting.Diagnostics|Request starting HTTP/2 GET https://localhost:7264/api/PolicyCreation - - -
2024-06-05 15:31:52.7235|INFO|Microsoft.AspNetCore.Routing.EndpointMiddleware|Executing endpoint 'E_Insurance.Controllers.PolicyCreationController.GetAllPolicy (E-Insurance)'
2024-06-05 15:31:52.7235|INFO|Microsoft.AspNetCore.Mvc.Infrastructure.ControllerActionInvoker|Route matched with {action = "GetAllPolicy", controller = "PolicyCreation"}. Executing controller action with signature System.Threading.Tasks.Task`1[Microsoft.AspNetCore.Mvc.IActionResult] GetAllPolicy() on controller E_Insurance.Controllers.PolicyCreationController (E-Insurance).
2024-06-05 15:31:52.7979|INFO|RepositoryLayer.Service.PolicyCreationService|Retrieved all policies
2024-06-05 15:31:52.7979|INFO|Microsoft.AspNetCore.Mvc.Infrastructure.ObjectResultExecutor|Executing OkObjectResult, writing value of type 'Response.ResponseModel`1[[System.Collections.Generic.IEnumerable`1[[ModelLayer.Entity.PolicyCreation, ModelLayer, Version=1.0.0.0, Culture=neutral, PublicKeyToken=null]], System.Private.CoreLib, Version=8.0.0.0, Culture=neutral, PublicKeyToken=7cec85d7bea7798e]]'.
2024-06-05 15:31:52.7979|INFO|Microsoft.AspNetCore.Mvc.Infrastructure.ControllerActionInvoker|Executed action E_Insurance.Controllers.PolicyCreationController.GetAllPolicy (E-Insurance) in 80.8376ms
2024-06-05 15:31:52.7979|INFO|Microsoft.AspNetCore.Routing.EndpointMiddleware|Executed endpoint 'E_Insurance.Controllers.PolicyCreationController.GetAllPolicy (E-Insurance)'
2024-06-05 15:31:52.7979|INFO|Microsoft.AspNetCore.Hosting.Diagnostics|Request finished HTTP/2 GET https://localhost:7264/api/PolicyCreation - 200 - application/json;+charset=utf-8 90.8153ms
2024-06-05 15:56:06.8165|INFO|Microsoft.AspNetCore.DataProtection.KeyManagement.XmlKeyManager|User profile is available. Using 'C:\Users\SHASHANK\AppData\Local\ASP.NET\DataProtection-Keys' as key repository and Windows DPAPI to encrypt keys at rest.
2024-06-05 15:56:08.3982|INFO|Microsoft.Hosting.Lifetime|Now listening on: https://localhost:7264
2024-06-05 15:56:08.3982|INFO|Microsoft.Hosting.Lifetime|Now listening on: http://localhost:5206
2024-06-05 15:56:08.3982|INFO|Microsoft.Hosting.Lifetime|Application started. Press Ctrl+C to shut down.
2024-06-05 15:56:08.3982|INFO|Microsoft.Hosting.Lifetime|Hosting environment: Development
2024-06-05 15:56:08.3982|INFO|Microsoft.Hosting.Lifetime|Content root path: C:\Users\SHASHANK\source\repos\E-Insurance\E-Insurance
2024-06-05 15:56:08.7847|INFO|Microsoft.AspNetCore.Hosting.Diagnostics|Request starting HTTP/2 GET https://localhost:7264/swagger/index.html - - -
2024-06-05 15:56:09.3066|INFO|Microsoft.AspNetCore.Hosting.Diagnostics|Request finished HTTP/2 GET https://localhost:7264/swagger/index.html - 200 - text/html;charset=utf-8 521.2628ms
2024-06-05 15:56:09.3180|INFO|Microsoft.AspNetCore.Hosting.Diagnostics|Request starting HTTP/2 GET https://localhost:7264/_framework/aspnetcore-browser-refresh.js - - -
2024-06-05 15:56:09.3180|INFO|Microsoft.AspNetCore.Hosting.Diagnostics|Request starting HTTP/2 GET https://localhost:7264/_vs/browserLink - - -
2024-06-05 15:56:09.3180|INFO|Microsoft.AspNetCore.Hosting.Diagnostics|Request finished HTTP/2 GET https://localhost:7264/_framework/aspnetcore-browser-refresh.js - 200 13758 application/javascript;+charset=utf-8 4.3921ms
2024-06-05 15:56:09.3579|INFO|Microsoft.AspNetCore.Hosting.Diagnostics|Request finished HTTP/2 GET https://localhost:7264/_vs/browserLink - 200 - text/javascript;+charset=UTF-8 39.8562ms
2024-06-05 15:56:09.5944|INFO|Microsoft.AspNetCore.Hosting.Diagnostics|Request starting HTTP/2 GET https://localhost:7264/swagger/v1/swagger.json - - -
2024-06-05 15:56:09.7983|INFO|Microsoft.AspNetCore.Hosting.Diagnostics|Request finished HTTP/2 GET https://localhost:7264/swagger/v1/swagger.json - 200 - application/json;charset=utf-8 203.8554ms
2024-06-05 15:57:50.8772|INFO|Microsoft.AspNetCore.Hosting.Diagnostics|Request starting HTTP/2 POST https://localhost:7264/api/PolicyCreation/policy - application/json 193
2024-06-05 15:57:50.8772|INFO|Microsoft.AspNetCore.Routing.EndpointMiddleware|Executing endpoint 'E_Insurance.Controllers.PolicyCreationController.AddPolicy (E-Insurance)'
2024-06-05 15:57:50.9095|INFO|Microsoft.AspNetCore.Mvc.Infrastructure.ControllerActionInvoker|Route matched with {action = "AddPolicy", controller = "PolicyCreation"}. Executing controller action with signature System.Threading.Tasks.Task`1[Microsoft.AspNetCore.Mvc.IActionResult] AddPolicy(ModelLayer.Entity.PolicyCreation) on controller E_Insurance.Controllers.PolicyCreationController (E-Insurance).
2024-06-05 15:57:51.8735|INFO|RepositoryLayer.Service.PolicyCreationService|Policy created successfully: Vehicle Insurance
2024-06-05 15:57:51.8839|INFO|Microsoft.AspNetCore.Mvc.Infrastructure.ObjectResultExecutor|Executing OkObjectResult, writing value of type 'Response.ResponseModel`1[[ModelLayer.Entity.PolicyCreation, ModelLayer, Version=1.0.0.0, Culture=neutral, PublicKeyToken=null]]'.
2024-06-05 15:57:51.8932|INFO|Microsoft.AspNetCore.Mvc.Infrastructure.ControllerActionInvoker|Executed action E_Insurance.Controllers.PolicyCreationController.AddPolicy (E-Insurance) in 978.0278ms
2024-06-05 15:57:51.8932|INFO|Microsoft.AspNetCore.Routing.EndpointMiddleware|Executed endpoint 'E_Insurance.Controllers.PolicyCreationController.AddPolicy (E-Insurance)'
2024-06-05 15:57:51.8932|INFO|Microsoft.AspNetCore.Hosting.Diagnostics|Request finished HTTP/2 POST https://localhost:7264/api/PolicyCreation/policy - 200 - application/json;+charset=utf-8 1018.5529ms
2024-06-05 15:59:37.2651|INFO|Microsoft.AspNetCore.DataProtection.KeyManagement.XmlKeyManager|User profile is available. Using 'C:\Users\SHASHANK\AppData\Local\ASP.NET\DataProtection-Keys' as key repository and Windows DPAPI to encrypt keys at rest.
2024-06-05 15:59:37.4649|INFO|Microsoft.Hosting.Lifetime|Now listening on: https://localhost:7264
2024-06-05 15:59:37.4649|INFO|Microsoft.Hosting.Lifetime|Now listening on: http://localhost:5206
2024-06-05 15:59:37.4649|INFO|Microsoft.Hosting.Lifetime|Application started. Press Ctrl+C to shut down.
2024-06-05 15:59:37.4649|INFO|Microsoft.Hosting.Lifetime|Hosting environment: Development
2024-06-05 15:59:37.4649|INFO|Microsoft.Hosting.Lifetime|Content root path: C:\Users\SHASHANK\source\repos\E-Insurance\E-Insurance
2024-06-05 15:59:37.8346|INFO|Microsoft.AspNetCore.Hosting.Diagnostics|Request starting HTTP/2 GET https://localhost:7264/swagger/index.html - - -
2024-06-05 15:59:38.0792|INFO|Microsoft.AspNetCore.Hosting.Diagnostics|Request finished HTTP/2 GET https://localhost:7264/swagger/index.html - 200 - text/html;charset=utf-8 242.7342ms
2024-06-05 15:59:38.1249|INFO|Microsoft.AspNetCore.Hosting.Diagnostics|Request starting HTTP/2 GET https://localhost:7264/_framework/aspnetcore-browser-refresh.js - - -
2024-06-05 15:59:38.1249|INFO|Microsoft.AspNetCore.Hosting.Diagnostics|Request starting HTTP/2 GET https://localhost:7264/_vs/browserLink - - -
2024-06-05 15:59:38.1249|INFO|Microsoft.AspNetCore.Hosting.Diagnostics|Request finished HTTP/2 GET https://localhost:7264/_framework/aspnetcore-browser-refresh.js - 200 13758 application/javascript;+charset=utf-8 5.7316ms
2024-06-05 15:59:38.1756|INFO|Microsoft.AspNetCore.Hosting.Diagnostics|Request finished HTTP/2 GET https://localhost:7264/_vs/browserLink - 200 - text/javascript;+charset=UTF-8 50.6148ms
2024-06-05 15:59:38.5008|INFO|Microsoft.AspNetCore.Hosting.Diagnostics|Request starting HTTP/2 GET https://localhost:7264/swagger/v1/swagger.json - - -
2024-06-05 15:59:38.6577|INFO|Microsoft.AspNetCore.Hosting.Diagnostics|Request finished HTTP/2 GET https://localhost:7264/swagger/v1/swagger.json - 200 - application/json;charset=utf-8 156.8320ms
2024-06-05 15:59:52.8653|INFO|Microsoft.AspNetCore.Hosting.Diagnostics|Request starting HTTP/2 POST https://localhost:7264/api/PolicyCreation/policy - application/json 193
2024-06-05 15:59:52.8845|INFO|Microsoft.AspNetCore.Routing.EndpointMiddleware|Executing endpoint 'E_Insurance.Controllers.PolicyCreationController.AddPolicy (E-Insurance)'
2024-06-05 15:59:52.9206|INFO|Microsoft.AspNetCore.Mvc.Infrastructure.ControllerActionInvoker|Route matched with {action = "AddPolicy", controller = "PolicyCreation"}. Executing controller action with signature System.Threading.Tasks.Task`1[Microsoft.AspNetCore.Mvc.IActionResult] AddPolicy(ModelLayer.Entity.PolicyCreation) on controller E_Insurance.Controllers.PolicyCreationController (E-Insurance).
2024-06-05 15:59:53.1346|INFO|RepositoryLayer.Service.PolicyCreationService|Policy created successfully: Vehicle Insurance
2024-06-05 15:59:53.1430|INFO|Microsoft.AspNetCore.Mvc.Infrastructure.ObjectResultExecutor|Executing OkObjectResult, writing value of type 'Response.ResponseModel`1[[ModelLayer.Entity.PolicyCreation, ModelLayer, Version=1.0.0.0, Culture=neutral, PublicKeyToken=null]]'.
2024-06-05 15:59:53.1569|INFO|Microsoft.AspNetCore.Mvc.Infrastructure.ControllerActionInvoker|Executed action E_Insurance.Controllers.PolicyCreationController.AddPolicy (E-Insurance) in 226.547ms
2024-06-05 15:59:53.1569|INFO|Microsoft.AspNetCore.Routing.EndpointMiddleware|Executed endpoint 'E_Insurance.Controllers.PolicyCreationController.AddPolicy (E-Insurance)'
2024-06-05 15:59:53.1569|INFO|Microsoft.AspNetCore.Hosting.Diagnostics|Request finished HTTP/2 POST https://localhost:7264/api/PolicyCreation/policy - 200 - application/json;+charset=utf-8 293.3958ms
2024-06-05 16:00:12.6117|INFO|Microsoft.AspNetCore.Hosting.Diagnostics|Request starting HTTP/2 GET https://localhost:7264/api/PolicyCreation - - -
2024-06-05 16:00:12.6117|INFO|Microsoft.AspNetCore.Routing.EndpointMiddleware|Executing endpoint 'E_Insurance.Controllers.PolicyCreationController.GetAllPolicy (E-Insurance)'
2024-06-05 16:00:12.6117|INFO|Microsoft.AspNetCore.Mvc.Infrastructure.ControllerActionInvoker|Route matched with {action = "GetAllPolicy", controller = "PolicyCreation"}. Executing controller action with signature System.Threading.Tasks.Task`1[Microsoft.AspNetCore.Mvc.IActionResult] GetAllPolicy() on controller E_Insurance.Controllers.PolicyCreationController (E-Insurance).
2024-06-05 16:00:12.6889|INFO|RepositoryLayer.Service.PolicyCreationService|Retrieved all policies
2024-06-05 16:00:12.6889|INFO|Microsoft.AspNetCore.Mvc.Infrastructure.ObjectResultExecutor|Executing OkObjectResult, writing value of type 'Response.ResponseModel`1[[System.Collections.Generic.IEnumerable`1[[ModelLayer.Entity.PolicyCreation, ModelLayer, Version=1.0.0.0, Culture=neutral, PublicKeyToken=null]], System.Private.CoreLib, Version=8.0.0.0, Culture=neutral, PublicKeyToken=7cec85d7bea7798e]]'.
2024-06-05 16:00:12.6889|INFO|Microsoft.AspNetCore.Mvc.Infrastructure.ControllerActionInvoker|Executed action E_Insurance.Controllers.PolicyCreationController.GetAllPolicy (E-Insurance) in 72.1199ms
2024-06-05 16:00:12.6889|INFO|Microsoft.AspNetCore.Routing.EndpointMiddleware|Executed endpoint 'E_Insurance.Controllers.PolicyCreationController.GetAllPolicy (E-Insurance)'
2024-06-05 16:00:12.6889|INFO|Microsoft.AspNetCore.Hosting.Diagnostics|Request finished HTTP/2 GET https://localhost:7264/api/PolicyCreation - 200 - application/json;+charset=utf-8 82.9504ms
2024-06-05 16:13:16.4657|INFO|Microsoft.AspNetCore.Hosting.Diagnostics|Request starting HTTP/2 GET https://localhost:7264/swagger/index.html - - -
2024-06-05 16:13:16.4733|INFO|Microsoft.AspNetCore.Hosting.Diagnostics|Request finished HTTP/2 GET https://localhost:7264/swagger/index.html - 200 - text/html;charset=utf-8 7.5389ms
2024-06-05 16:13:16.5205|INFO|Microsoft.AspNetCore.Hosting.Diagnostics|Request starting HTTP/2 GET https://localhost:7264/_framework/aspnetcore-browser-refresh.js - - -
2024-06-05 16:13:16.5205|INFO|Microsoft.AspNetCore.Hosting.Diagnostics|Request starting HTTP/2 GET https://localhost:7264/_vs/browserLink - - -
2024-06-05 16:13:16.5205|INFO|Microsoft.AspNetCore.Hosting.Diagnostics|Request finished HTTP/2 GET https://localhost:7264/_framework/aspnetcore-browser-refresh.js - 200 13758 application/javascript;+charset=utf-8 0.5730ms
2024-06-05 16:13:16.5337|INFO|Microsoft.AspNetCore.Hosting.Diagnostics|Request finished HTTP/2 GET https://localhost:7264/_vs/browserLink - 200 - text/javascript;+charset=UTF-8 13.1721ms
2024-06-05 16:13:16.6784|INFO|Microsoft.AspNetCore.Hosting.Diagnostics|Request starting HTTP/2 GET https://localhost:7264/swagger/v1/swagger.json - - -
2024-06-05 16:13:16.6913|INFO|Microsoft.AspNetCore.Hosting.Diagnostics|Request finished HTTP/2 GET https://localhost:7264/swagger/v1/swagger.json - 200 - application/json;charset=utf-8 12.8504ms
2024-06-05 16:13:22.2470|INFO|Microsoft.AspNetCore.Hosting.Diagnostics|Request starting HTTP/2 GET https://localhost:7264/api/PolicyCreation - - -
2024-06-05 16:13:22.2470|INFO|Microsoft.AspNetCore.Routing.EndpointMiddleware|Executing endpoint 'E_Insurance.Controllers.PolicyCreationController.GetAllPolicy (E-Insurance)'
2024-06-05 16:13:22.2470|INFO|Microsoft.AspNetCore.Mvc.Infrastructure.ControllerActionInvoker|Route matched with {action = "GetAllPolicy", controller = "PolicyCreation"}. Executing controller action with signature System.Threading.Tasks.Task`1[Microsoft.AspNetCore.Mvc.IActionResult] GetAllPolicy() on controller E_Insurance.Controllers.PolicyCreationController (E-Insurance).
2024-06-05 16:13:22.2670|INFO|RepositoryLayer.Service.PolicyCreationService|Retrieved all policies
2024-06-05 16:13:22.2670|INFO|Microsoft.AspNetCore.Mvc.Infrastructure.ObjectResultExecutor|Executing OkObjectResult, writing value of type 'Response.ResponseModel`1[[System.Collections.Generic.IEnumerable`1[[ModelLayer.Entity.PolicyCreation, ModelLayer, Version=1.0.0.0, Culture=neutral, PublicKeyToken=null]], System.Private.CoreLib, Version=8.0.0.0, Culture=neutral, PublicKeyToken=7cec85d7bea7798e]]'.
2024-06-05 16:13:22.2670|INFO|Microsoft.AspNetCore.Mvc.Infrastructure.ControllerActionInvoker|Executed action E_Insurance.Controllers.PolicyCreationController.GetAllPolicy (E-Insurance) in 18.4843ms
2024-06-05 16:13:22.2670|INFO|Microsoft.AspNetCore.Routing.EndpointMiddleware|Executed endpoint 'E_Insurance.Controllers.PolicyCreationController.GetAllPolicy (E-Insurance)'
2024-06-05 16:13:22.2670|INFO|Microsoft.AspNetCore.Hosting.Diagnostics|Request finished HTTP/2 GET https://localhost:7264/api/PolicyCreation - 200 - application/json;+charset=utf-8 20.9992ms
2024-06-05 16:13:33.2956|INFO|Microsoft.AspNetCore.DataProtection.KeyManagement.XmlKeyManager|User profile is available. Using 'C:\Users\SHASHANK\AppData\Local\ASP.NET\DataProtection-Keys' as key repository and Windows DPAPI to encrypt keys at rest.
2024-06-05 16:13:33.4800|INFO|Microsoft.Hosting.Lifetime|Now listening on: https://localhost:7264
2024-06-05 16:13:33.4800|INFO|Microsoft.Hosting.Lifetime|Now listening on: http://localhost:5206
2024-06-05 16:13:33.4800|INFO|Microsoft.Hosting.Lifetime|Application started. Press Ctrl+C to shut down.
2024-06-05 16:13:33.4800|INFO|Microsoft.Hosting.Lifetime|Hosting environment: Development
2024-06-05 16:13:33.4800|INFO|Microsoft.Hosting.Lifetime|Content root path: C:\Users\SHASHANK\source\repos\E-Insurance\E-Insurance
2024-06-05 16:13:33.9347|INFO|Microsoft.AspNetCore.Hosting.Diagnostics|Request starting HTTP/2 GET https://localhost:7264/swagger/index.html - - -
2024-06-05 16:13:34.1305|INFO|Microsoft.AspNetCore.Hosting.Diagnostics|Request finished HTTP/2 GET https://localhost:7264/swagger/index.html - 200 - text/html;charset=utf-8 194.5430ms
2024-06-05 16:13:34.1743|INFO|Microsoft.AspNetCore.Hosting.Diagnostics|Request starting HTTP/2 GET https://localhost:7264/_vs/browserLink - - -
2024-06-05 16:13:34.1743|INFO|Microsoft.AspNetCore.Hosting.Diagnostics|Request starting HTTP/2 GET https://localhost:7264/_framework/aspnetcore-browser-refresh.js - - -
2024-06-05 16:13:34.1743|INFO|Microsoft.AspNetCore.Hosting.Diagnostics|Request finished HTTP/2 GET https://localhost:7264/_framework/aspnetcore-browser-refresh.js - 200 13758 application/javascript;+charset=utf-8 4.8603ms
2024-06-05 16:13:34.2582|INFO|Microsoft.AspNetCore.Hosting.Diagnostics|Request finished HTTP/2 GET https://localhost:7264/_vs/browserLink - 200 - text/javascript;+charset=UTF-8 83.8228ms
2024-06-05 16:13:34.3650|INFO|Microsoft.AspNetCore.Hosting.Diagnostics|Request starting HTTP/2 GET https://localhost:7264/swagger/v1/swagger.json - - -
2024-06-05 16:13:34.4901|INFO|Microsoft.AspNetCore.Hosting.Diagnostics|Request finished HTTP/2 GET https://localhost:7264/swagger/v1/swagger.json - 200 - application/json;charset=utf-8 125.0186ms
2024-06-05 16:13:39.6773|INFO|Microsoft.AspNetCore.Hosting.Diagnostics|Request starting HTTP/2 GET https://localhost:7264/api/PolicyCreation - - -
2024-06-05 16:13:39.6887|INFO|Microsoft.AspNetCore.Routing.EndpointMiddleware|Executing endpoint 'E_Insurance.Controllers.PolicyCreationController.GetAllPolicy (E-Insurance)'
2024-06-05 16:13:39.7032|INFO|Microsoft.AspNetCore.Mvc.Infrastructure.ControllerActionInvoker|Route matched with {action = "GetAllPolicy", controller = "PolicyCreation"}. Executing controller action with signature System.Threading.Tasks.Task`1[Microsoft.AspNetCore.Mvc.IActionResult] GetAllPolicy() on controller E_Insurance.Controllers.PolicyCreationController (E-Insurance).
2024-06-05 16:13:39.8847|INFO|RepositoryLayer.Service.PolicyCreationService|Retrieved all policies
2024-06-05 16:13:39.8908|INFO|Microsoft.AspNetCore.Mvc.Infrastructure.ObjectResultExecutor|Executing CreatedAtActionResult, writing value of type 'Response.ResponseModel`1[[System.Collections.Generic.IEnumerable`1[[ModelLayer.Entity.PolicyCreation, ModelLayer, Version=1.0.0.0, Culture=neutral, PublicKeyToken=null]], System.Private.CoreLib, Version=8.0.0.0, Culture=neutral, PublicKeyToken=7cec85d7bea7798e]]'.
2024-06-05 16:13:39.9227|INFO|Microsoft.AspNetCore.Mvc.Infrastructure.ControllerActionInvoker|Executed action E_Insurance.Controllers.PolicyCreationController.GetAllPolicy (E-Insurance) in 215.0501ms
2024-06-05 16:13:39.9227|INFO|Microsoft.AspNetCore.Routing.EndpointMiddleware|Executed endpoint 'E_Insurance.Controllers.PolicyCreationController.GetAllPolicy (E-Insurance)'
2024-06-05 16:13:39.9227|INFO|Microsoft.AspNetCore.Hosting.Diagnostics|Request finished HTTP/2 GET https://localhost:7264/api/PolicyCreation - 201 - application/json;+charset=utf-8 246.1444ms
2024-06-05 16:15:19.1925|INFO|Microsoft.AspNetCore.DataProtection.KeyManagement.XmlKeyManager|User profile is available. Using 'C:\Users\SHASHANK\AppData\Local\ASP.NET\DataProtection-Keys' as key repository and Windows DPAPI to encrypt keys at rest.
2024-06-05 16:15:19.4504|INFO|Microsoft.Hosting.Lifetime|Now listening on: https://localhost:7264
2024-06-05 16:15:19.4504|INFO|Microsoft.Hosting.Lifetime|Now listening on: http://localhost:5206
2024-06-05 16:15:19.4545|INFO|Microsoft.Hosting.Lifetime|Application started. Press Ctrl+C to shut down.
2024-06-05 16:15:19.4545|INFO|Microsoft.Hosting.Lifetime|Hosting environment: Development
2024-06-05 16:15:19.4545|INFO|Microsoft.Hosting.Lifetime|Content root path: C:\Users\SHASHANK\source\repos\E-Insurance\E-Insurance
2024-06-05 16:15:19.8123|INFO|Microsoft.AspNetCore.Hosting.Diagnostics|Request starting HTTP/2 GET https://localhost:7264/swagger/index.html - - -
2024-06-05 16:15:20.1092|INFO|Microsoft.AspNetCore.Hosting.Diagnostics|Request finished HTTP/2 GET https://localhost:7264/swagger/index.html - 200 - text/html;charset=utf-8 296.4291ms
2024-06-05 16:15:20.1519|INFO|Microsoft.AspNetCore.Hosting.Diagnostics|Request starting HTTP/2 GET https://localhost:7264/_framework/aspnetcore-browser-refresh.js - - -
2024-06-05 16:15:20.1519|INFO|Microsoft.AspNetCore.Hosting.Diagnostics|Request starting HTTP/2 GET https://localhost:7264/_vs/browserLink - - -
2024-06-05 16:15:20.1578|INFO|Microsoft.AspNetCore.Hosting.Diagnostics|Request finished HTTP/2 GET https://localhost:7264/_framework/aspnetcore-browser-refresh.js - 200 13758 application/javascript;+charset=utf-8 5.5649ms
2024-06-05 16:15:20.2047|INFO|Microsoft.AspNetCore.Hosting.Diagnostics|Request finished HTTP/2 GET https://localhost:7264/_vs/browserLink - 200 - text/javascript;+charset=UTF-8 52.7320ms
2024-06-05 16:15:20.3574|INFO|Microsoft.AspNetCore.Hosting.Diagnostics|Request starting HTTP/2 GET https://localhost:7264/swagger/v1/swagger.json - - -
2024-06-05 16:15:20.5004|INFO|Microsoft.AspNetCore.Hosting.Diagnostics|Request finished HTTP/2 GET https://localhost:7264/swagger/v1/swagger.json - 200 - application/json;charset=utf-8 142.9286ms
2024-06-05 17:22:33.7030|INFO|Microsoft.AspNetCore.DataProtection.KeyManagement.XmlKeyManager|User profile is available. Using 'C:\Users\SHASHANK\AppData\Local\ASP.NET\DataProtection-Keys' as key repository and Windows DPAPI to encrypt keys at rest.
2024-06-05 17:22:33.9444|INFO|Microsoft.Hosting.Lifetime|Now listening on: https://localhost:7264
2024-06-05 17:22:33.9444|INFO|Microsoft.Hosting.Lifetime|Now listening on: http://localhost:5206
2024-06-05 17:22:33.9444|INFO|Microsoft.Hosting.Lifetime|Application started. Press Ctrl+C to shut down.
2024-06-05 17:22:33.9444|INFO|Microsoft.Hosting.Lifetime|Hosting environment: Development
2024-06-05 17:22:33.9444|INFO|Microsoft.Hosting.Lifetime|Content root path: C:\Users\SHASHANK\source\repos\E-Insurance\E-Insurance
2024-06-05 17:22:34.4210|INFO|Microsoft.AspNetCore.Hosting.Diagnostics|Request starting HTTP/2 GET https://localhost:7264/swagger/index.html - - -
2024-06-05 17:22:34.8092|INFO|Microsoft.AspNetCore.Hosting.Diagnostics|Request finished HTTP/2 GET https://localhost:7264/swagger/index.html - 200 - text/html;charset=utf-8 388.0774ms
2024-06-05 17:22:34.8458|INFO|Microsoft.AspNetCore.Hosting.Diagnostics|Request starting HTTP/2 GET https://localhost:7264/_vs/browserLink - - -
2024-06-05 17:22:34.8458|INFO|Microsoft.AspNetCore.Hosting.Diagnostics|Request starting HTTP/2 GET https://localhost:7264/_framework/aspnetcore-browser-refresh.js - - -
2024-06-05 17:22:34.8458|INFO|Microsoft.AspNetCore.Hosting.Diagnostics|Request finished HTTP/2 GET https://localhost:7264/_framework/aspnetcore-browser-refresh.js - 200 13758 application/javascript;+charset=utf-8 8.9602ms
2024-06-05 17:22:34.9110|INFO|Microsoft.AspNetCore.Hosting.Diagnostics|Request finished HTTP/2 GET https://localhost:7264/_vs/browserLink - 200 - text/javascript;+charset=UTF-8 65.1574ms
2024-06-05 17:22:35.0852|INFO|Microsoft.AspNetCore.Hosting.Diagnostics|Request starting HTTP/2 GET https://localhost:7264/swagger/v1/swagger.json - - -
2024-06-05 17:22:35.2633|INFO|Microsoft.AspNetCore.Hosting.Diagnostics|Request finished HTTP/2 GET https://localhost:7264/swagger/v1/swagger.json - 200 - application/json;charset=utf-8 177.9931ms
2024-06-05 17:23:27.6183|INFO|Microsoft.AspNetCore.Hosting.Diagnostics|Request starting HTTP/2 POST https://localhost:7264/api/UserManagement/CustomerRegistration - application/json 217
2024-06-05 17:23:27.6431|INFO|Microsoft.AspNetCore.Routing.EndpointMiddleware|Executing endpoint 'E_Insurance.Controllers.UserManagementController.CustomerRegistration (E-Insurance)'
2024-06-05 17:23:27.7150|INFO|Microsoft.AspNetCore.Mvc.Infrastructure.ControllerActionInvoker|Route matched with {action = "CustomerRegistration", controller = "UserManagement"}. Executing controller action with signature System.Threading.Tasks.Task`1[Microsoft.AspNetCore.Mvc.IActionResult] CustomerRegistration(ModelLayer.RequestDTO.CustomerRegistrationModel) on controller E_Insurance.Controllers.UserManagementController (E-Insurance).
2024-06-05 17:23:35.4243|INFO|RepositoryLayer.Service.RegistrationService|Welcome email sent to "dileep@gmail.com"
2024-06-05 17:23:35.4451|INFO|Microsoft.AspNetCore.Mvc.Infrastructure.ObjectResultExecutor|Executing CreatedAtActionResult, writing value of type 'Response.ResponseModel`1[[ModelLayer.RequestDTO.AdminRegistrationModel, ModelLayer, Version=1.0.0.0, Culture=neutral, PublicKeyToken=null]]'.
2024-06-05 17:23:35.5023|INFO|Microsoft.AspNetCore.Mvc.Infrastructure.ControllerActionInvoker|Executed action E_Insurance.Controllers.UserManagementController.CustomerRegistration (E-Insurance) in 7773.5362ms
2024-06-05 17:23:35.5023|INFO|Microsoft.AspNetCore.Routing.EndpointMiddleware|Executed endpoint 'E_Insurance.Controllers.UserManagementController.CustomerRegistration (E-Insurance)'
2024-06-05 17:23:35.5023|INFO|Microsoft.AspNetCore.Hosting.Diagnostics|Request finished HTTP/2 POST https://localhost:7264/api/UserManagement/CustomerRegistration - 201 - application/json;+charset=utf-8 7886.6721ms
2024-06-05 17:55:36.0949|INFO|Microsoft.AspNetCore.DataProtection.KeyManagement.XmlKeyManager|User profile is available. Using 'C:\Users\SHASHANK\AppData\Local\ASP.NET\DataProtection-Keys' as key repository and Windows DPAPI to encrypt keys at rest.
2024-06-05 17:55:36.4231|INFO|Microsoft.Hosting.Lifetime|Now listening on: https://localhost:7264
2024-06-05 17:55:36.4231|INFO|Microsoft.Hosting.Lifetime|Now listening on: http://localhost:5206
2024-06-05 17:55:36.4231|INFO|Microsoft.Hosting.Lifetime|Application started. Press Ctrl+C to shut down.
2024-06-05 17:55:36.4231|INFO|Microsoft.Hosting.Lifetime|Hosting environment: Development
2024-06-05 17:55:36.4231|INFO|Microsoft.Hosting.Lifetime|Content root path: C:\Users\SHASHANK\source\repos\E-Insurance\E-Insurance
2024-06-05 17:59:12.3897|INFO|Microsoft.AspNetCore.DataProtection.KeyManagement.XmlKeyManager|User profile is available. Using 'C:\Users\SHASHANK\AppData\Local\ASP.NET\DataProtection-Keys' as key repository and Windows DPAPI to encrypt keys at rest.
2024-06-05 17:59:12.6311|INFO|Microsoft.Hosting.Lifetime|Now listening on: https://localhost:7264
2024-06-05 17:59:12.6311|INFO|Microsoft.Hosting.Lifetime|Now listening on: http://localhost:5206
2024-06-05 17:59:12.6311|INFO|Microsoft.Hosting.Lifetime|Application started. Press Ctrl+C to shut down.
2024-06-05 17:59:12.6311|INFO|Microsoft.Hosting.Lifetime|Hosting environment: Development
2024-06-05 17:59:12.6311|INFO|Microsoft.Hosting.Lifetime|Content root path: C:\Users\SHASHANK\source\repos\E-Insurance\E-Insurance
2024-06-05 17:59:12.9603|INFO|Microsoft.AspNetCore.Hosting.Diagnostics|Request starting HTTP/2 GET https://localhost:7264/swagger/index.html - - -
2024-06-05 17:59:13.2207|INFO|Microsoft.AspNetCore.Hosting.Diagnostics|Request finished HTTP/2 GET https://localhost:7264/swagger/index.html - 200 - text/html;charset=utf-8 260.7133ms
2024-06-05 17:59:13.2685|INFO|Microsoft.AspNetCore.Hosting.Diagnostics|Request starting HTTP/2 GET https://localhost:7264/_vs/browserLink - - -
2024-06-05 17:59:13.2685|INFO|Microsoft.AspNetCore.Hosting.Diagnostics|Request starting HTTP/2 GET https://localhost:7264/_framework/aspnetcore-browser-refresh.js - - -
2024-06-05 17:59:13.2685|INFO|Microsoft.AspNetCore.Hosting.Diagnostics|Request finished HTTP/2 GET https://localhost:7264/_framework/aspnetcore-browser-refresh.js - 200 13758 application/javascript;+charset=utf-8 6.5535ms
2024-06-05 17:59:13.2971|INFO|Microsoft.AspNetCore.Hosting.Diagnostics|Request finished HTTP/2 GET https://localhost:7264/_vs/browserLink - 200 - text/javascript;+charset=UTF-8 28.5133ms
2024-06-05 17:59:33.4654|INFO|Microsoft.AspNetCore.Hosting.Diagnostics|Request starting HTTP/2 GET https://localhost:7264/_framework/aspnetcore-browser-refresh.js - - -
2024-06-05 17:59:33.5305|INFO|Microsoft.AspNetCore.Hosting.Diagnostics|Request finished HTTP/2 GET https://localhost:7264/_framework/aspnetcore-browser-refresh.js - 200 13758 application/javascript;+charset=utf-8 64.8079ms
2024-06-05 17:59:33.5320|INFO|Microsoft.AspNetCore.Hosting.Diagnostics|Request starting HTTP/2 GET https://localhost:7264/_vs/browserLink - - -
2024-06-05 17:59:33.5687|INFO|Microsoft.AspNetCore.Hosting.Diagnostics|Request finished HTTP/2 GET https://localhost:7264/_vs/browserLink - 200 - text/javascript;+charset=UTF-8 36.6015ms
2024-06-05 17:59:33.8071|INFO|Microsoft.AspNetCore.Hosting.Diagnostics|Request starting HTTP/2 GET https://localhost:7264/swagger/v1/swagger.json - - -
2024-06-05 17:59:33.9922|INFO|Microsoft.AspNetCore.Hosting.Diagnostics|Request finished HTTP/2 GET https://localhost:7264/swagger/v1/swagger.json - 200 - application/json;charset=utf-8 184.9341ms
2024-06-05 17:59:58.3548|INFO|Microsoft.AspNetCore.Hosting.Diagnostics|Request starting HTTP/2 GET https://localhost:7264/swagger/index.html - - -
2024-06-05 17:59:58.3814|INFO|Microsoft.AspNetCore.Hosting.Diagnostics|Request finished HTTP/2 GET https://localhost:7264/swagger/index.html - 200 - text/html;charset=utf-8 26.6164ms
2024-06-05 17:59:58.4058|INFO|Microsoft.AspNetCore.Hosting.Diagnostics|Request starting HTTP/2 GET https://localhost:7264/_framework/aspnetcore-browser-refresh.js - - -
2024-06-05 17:59:58.4058|INFO|Microsoft.AspNetCore.Hosting.Diagnostics|Request finished HTTP/2 GET https://localhost:7264/_framework/aspnetcore-browser-refresh.js - 200 13758 application/javascript;+charset=utf-8 0.5104ms
2024-06-05 17:59:58.4058|INFO|Microsoft.AspNetCore.Hosting.Diagnostics|Request starting HTTP/2 GET https://localhost:7264/_vs/browserLink - - -
2024-06-05 17:59:58.4058|INFO|Microsoft.AspNetCore.Hosting.Diagnostics|Request finished HTTP/2 GET https://localhost:7264/_vs/browserLink - 200 - text/javascript;+charset=UTF-8 5.7563ms
2024-06-05 17:59:58.5232|INFO|Microsoft.AspNetCore.Hosting.Diagnostics|Request starting HTTP/2 GET https://localhost:7264/swagger/v1/swagger.json - - -
2024-06-05 17:59:58.5374|INFO|Microsoft.AspNetCore.Hosting.Diagnostics|Request finished HTTP/2 GET https://localhost:7264/swagger/v1/swagger.json - 200 - application/json;charset=utf-8 14.1353ms
2024-06-05 18:01:15.8554|INFO|Microsoft.AspNetCore.Hosting.Diagnostics|Request starting HTTP/2 POST https://localhost:7264/api/PolicyPurchase/purchase - application/json 100
2024-06-05 18:01:15.8698|INFO|Microsoft.AspNetCore.Routing.EndpointMiddleware|Executing endpoint 'E_Insurance.Controllers.PolicyPurchaseController.PurchasePolicy (E-Insurance)'
2024-06-05 18:01:15.9184|INFO|Microsoft.AspNetCore.Mvc.Infrastructure.ControllerActionInvoker|Route matched with {action = "PurchasePolicy", controller = "PolicyPurchase"}. Executing controller action with signature System.Threading.Tasks.Task`1[Microsoft.AspNetCore.Mvc.IActionResult] PurchasePolicy(ModelLayer.Entity.PolicyPurchase) on controller E_Insurance.Controllers.PolicyPurchaseController (E-Insurance).
2024-06-05 18:01:15.9366|INFO|Microsoft.AspNetCore.Mvc.Infrastructure.ControllerActionInvoker|Executed action E_Insurance.Controllers.PolicyPurchaseController.PurchasePolicy (E-Insurance) in 4.542ms
2024-06-05 18:01:15.9387|INFO|Microsoft.AspNetCore.Routing.EndpointMiddleware|Executed endpoint 'E_Insurance.Controllers.PolicyPurchaseController.PurchasePolicy (E-Insurance)'
2024-06-05 18:01:15.9387|ERROR|Microsoft.AspNetCore.Diagnostics.DeveloperExceptionPageMiddleware|An unhandled exception has occurred while executing the request.|System.InvalidOperationException: Unable to resolve service for type 'BusinessLayer.Service.CustomerPolicyPurchaseBL' while attempting to activate 'E_Insurance.Controllers.PolicyPurchaseController'.
   at Microsoft.Extensions.DependencyInjection.ActivatorUtilities.ThrowHelperUnableToResolveService(Type type, Type requiredBy)
   at lambda_method9(Closure, IServiceProvider, Object[])
   at Microsoft.AspNetCore.Mvc.Controllers.ControllerFactoryProvider.<>c__DisplayClass6_0.<CreateControllerFactory>g__CreateController|0(ControllerContext controllerContext)
   at Microsoft.AspNetCore.Mvc.Infrastructure.ControllerActionInvoker.Next(State& next, Scope& scope, Object& state, Boolean& isCompleted)
   at Microsoft.AspNetCore.Mvc.Infrastructure.ControllerActionInvoker.InvokeInnerFilterAsync()
--- End of stack trace from previous location ---
   at Microsoft.AspNetCore.Mvc.Infrastructure.ResourceInvoker.<InvokeFilterPipelineAsync>g__Awaited|20_0(ResourceInvoker invoker, Task lastTask, State next, Scope scope, Object state, Boolean isCompleted)
   at Microsoft.AspNetCore.Mvc.Infrastructure.ResourceInvoker.<InvokeAsync>g__Logged|17_1(ResourceInvoker invoker)
   at Microsoft.AspNetCore.Mvc.Infrastructure.ResourceInvoker.<InvokeAsync>g__Logged|17_1(ResourceInvoker invoker)
   at Microsoft.AspNetCore.Routing.EndpointMiddleware.<Invoke>g__AwaitRequestTask|7_0(Endpoint endpoint, Task requestTask, ILogger logger)
   at Microsoft.AspNetCore.Authorization.AuthorizationMiddleware.Invoke(HttpContext context)
   at Swashbuckle.AspNetCore.SwaggerUI.SwaggerUIMiddleware.Invoke(HttpContext httpContext)
   at Swashbuckle.AspNetCore.Swagger.SwaggerMiddleware.Invoke(HttpContext httpContext, ISwaggerProvider swaggerProvider)
   at Microsoft.AspNetCore.Authentication.AuthenticationMiddleware.Invoke(HttpContext context)
   at Microsoft.AspNetCore.Diagnostics.DeveloperExceptionPageMiddlewareImpl.Invoke(HttpContext context)
2024-06-05 18:01:17.2158|INFO|Microsoft.AspNetCore.Hosting.Diagnostics|Request finished HTTP/2 POST https://localhost:7264/api/PolicyPurchase/purchase - 500 - text/plain;+charset=utf-8 1360.4164ms
2024-06-05 18:03:52.1982|INFO|Microsoft.AspNetCore.DataProtection.KeyManagement.XmlKeyManager|User profile is available. Using 'C:\Users\SHASHANK\AppData\Local\ASP.NET\DataProtection-Keys' as key repository and Windows DPAPI to encrypt keys at rest.
2024-06-05 18:03:52.3590|INFO|Microsoft.Hosting.Lifetime|Now listening on: https://localhost:7264
2024-06-05 18:03:52.3595|INFO|Microsoft.Hosting.Lifetime|Now listening on: http://localhost:5206
2024-06-05 18:03:52.3595|INFO|Microsoft.Hosting.Lifetime|Application started. Press Ctrl+C to shut down.
2024-06-05 18:03:52.3595|INFO|Microsoft.Hosting.Lifetime|Hosting environment: Development
2024-06-05 18:03:52.3595|INFO|Microsoft.Hosting.Lifetime|Content root path: C:\Users\SHASHANK\source\repos\E-Insurance\E-Insurance
2024-06-05 18:03:52.6540|INFO|Microsoft.AspNetCore.Hosting.Diagnostics|Request starting HTTP/2 GET https://localhost:7264/swagger/index.html - - -
2024-06-05 18:03:52.8546|INFO|Microsoft.AspNetCore.Hosting.Diagnostics|Request finished HTTP/2 GET https://localhost:7264/swagger/index.html - 200 - text/html;charset=utf-8 201.3536ms
2024-06-05 18:03:52.8945|INFO|Microsoft.AspNetCore.Hosting.Diagnostics|Request starting HTTP/2 GET https://localhost:7264/_framework/aspnetcore-browser-refresh.js - - -
2024-06-05 18:03:52.8945|INFO|Microsoft.AspNetCore.Hosting.Diagnostics|Request starting HTTP/2 GET https://localhost:7264/_vs/browserLink - - -
2024-06-05 18:03:52.8945|INFO|Microsoft.AspNetCore.Hosting.Diagnostics|Request finished HTTP/2 GET https://localhost:7264/_framework/aspnetcore-browser-refresh.js - 200 13758 application/javascript;+charset=utf-8 3.7469ms
2024-06-05 18:03:52.9230|INFO|Microsoft.AspNetCore.Hosting.Diagnostics|Request finished HTTP/2 GET https://localhost:7264/_vs/browserLink - 200 - text/javascript;+charset=UTF-8 28.3812ms
2024-06-05 18:03:53.0236|INFO|Microsoft.AspNetCore.Hosting.Diagnostics|Request starting HTTP/2 GET https://localhost:7264/swagger/v1/swagger.json - - -
2024-06-05 18:03:53.1130|INFO|Microsoft.AspNetCore.Hosting.Diagnostics|Request finished HTTP/2 GET https://localhost:7264/swagger/v1/swagger.json - 200 - application/json;charset=utf-8 89.3664ms
2024-06-05 18:04:15.9698|INFO|Microsoft.AspNetCore.Hosting.Diagnostics|Request starting HTTP/2 POST https://localhost:7264/api/PolicyPurchase/purchase - application/json 100
2024-06-05 18:04:15.9903|INFO|Microsoft.AspNetCore.Routing.EndpointMiddleware|Executing endpoint 'E_Insurance.Controllers.PolicyPurchaseController.PurchasePolicy (E-Insurance)'
2024-06-05 18:04:16.0347|INFO|Microsoft.AspNetCore.Mvc.Infrastructure.ControllerActionInvoker|Route matched with {action = "PurchasePolicy", controller = "PolicyPurchase"}. Executing controller action with signature System.Threading.Tasks.Task`1[Microsoft.AspNetCore.Mvc.IActionResult] PurchasePolicy(ModelLayer.Entity.PolicyPurchase) on controller E_Insurance.Controllers.PolicyPurchaseController (E-Insurance).
2024-06-05 18:04:16.0531|INFO|Microsoft.AspNetCore.Mvc.Infrastructure.ControllerActionInvoker|Executed action E_Insurance.Controllers.PolicyPurchaseController.PurchasePolicy (E-Insurance) in 3.1319ms
2024-06-05 18:04:16.0531|INFO|Microsoft.AspNetCore.Routing.EndpointMiddleware|Executed endpoint 'E_Insurance.Controllers.PolicyPurchaseController.PurchasePolicy (E-Insurance)'
2024-06-05 18:04:16.0531|ERROR|Microsoft.AspNetCore.Diagnostics.DeveloperExceptionPageMiddleware|An unhandled exception has occurred while executing the request.|System.InvalidOperationException: Unable to resolve service for type 'BusinessLayer.Service.CustomerPolicyPurchaseBL' while attempting to activate 'E_Insurance.Controllers.PolicyPurchaseController'.
   at Microsoft.Extensions.DependencyInjection.ActivatorUtilities.ThrowHelperUnableToResolveService(Type type, Type requiredBy)
   at lambda_method9(Closure, IServiceProvider, Object[])
   at Microsoft.AspNetCore.Mvc.Controllers.ControllerFactoryProvider.<>c__DisplayClass6_0.<CreateControllerFactory>g__CreateController|0(ControllerContext controllerContext)
   at Microsoft.AspNetCore.Mvc.Infrastructure.ControllerActionInvoker.Next(State& next, Scope& scope, Object& state, Boolean& isCompleted)
   at Microsoft.AspNetCore.Mvc.Infrastructure.ControllerActionInvoker.InvokeInnerFilterAsync()
--- End of stack trace from previous location ---
   at Microsoft.AspNetCore.Mvc.Infrastructure.ResourceInvoker.<InvokeFilterPipelineAsync>g__Awaited|20_0(ResourceInvoker invoker, Task lastTask, State next, Scope scope, Object state, Boolean isCompleted)
   at Microsoft.AspNetCore.Mvc.Infrastructure.ResourceInvoker.<InvokeAsync>g__Logged|17_1(ResourceInvoker invoker)
   at Microsoft.AspNetCore.Mvc.Infrastructure.ResourceInvoker.<InvokeAsync>g__Logged|17_1(ResourceInvoker invoker)
   at Microsoft.AspNetCore.Routing.EndpointMiddleware.<Invoke>g__AwaitRequestTask|7_0(Endpoint endpoint, Task requestTask, ILogger logger)
   at Microsoft.AspNetCore.Authorization.AuthorizationMiddleware.Invoke(HttpContext context)
   at Swashbuckle.AspNetCore.SwaggerUI.SwaggerUIMiddleware.Invoke(HttpContext httpContext)
   at Swashbuckle.AspNetCore.Swagger.SwaggerMiddleware.Invoke(HttpContext httpContext, ISwaggerProvider swaggerProvider)
   at Microsoft.AspNetCore.Authentication.AuthenticationMiddleware.Invoke(HttpContext context)
   at Microsoft.AspNetCore.Diagnostics.DeveloperExceptionPageMiddlewareImpl.Invoke(HttpContext context)
2024-06-05 18:04:16.0925|INFO|Microsoft.AspNetCore.Hosting.Diagnostics|Request finished HTTP/2 POST https://localhost:7264/api/PolicyPurchase/purchase - 500 - text/plain;+charset=utf-8 122.6228ms
2024-06-05 18:06:12.6051|INFO|Microsoft.AspNetCore.DataProtection.KeyManagement.XmlKeyManager|User profile is available. Using 'C:\Users\SHASHANK\AppData\Local\ASP.NET\DataProtection-Keys' as key repository and Windows DPAPI to encrypt keys at rest.
2024-06-05 18:06:12.8046|INFO|Microsoft.Hosting.Lifetime|Now listening on: https://localhost:7264
2024-06-05 18:06:12.8046|INFO|Microsoft.Hosting.Lifetime|Now listening on: http://localhost:5206
2024-06-05 18:06:12.8046|INFO|Microsoft.Hosting.Lifetime|Application started. Press Ctrl+C to shut down.
2024-06-05 18:06:12.8046|INFO|Microsoft.Hosting.Lifetime|Hosting environment: Development
2024-06-05 18:06:12.8046|INFO|Microsoft.Hosting.Lifetime|Content root path: C:\Users\SHASHANK\source\repos\E-Insurance\E-Insurance
2024-06-05 18:06:13.2735|INFO|Microsoft.AspNetCore.Hosting.Diagnostics|Request starting HTTP/2 GET https://localhost:7264/swagger/index.html - - -
2024-06-05 18:06:13.5008|INFO|Microsoft.AspNetCore.Hosting.Diagnostics|Request finished HTTP/2 GET https://localhost:7264/swagger/index.html - 200 - text/html;charset=utf-8 225.9010ms
2024-06-05 18:06:13.5391|INFO|Microsoft.AspNetCore.Hosting.Diagnostics|Request starting HTTP/2 GET https://localhost:7264/_vs/browserLink - - -
2024-06-05 18:06:13.5391|INFO|Microsoft.AspNetCore.Hosting.Diagnostics|Request starting HTTP/2 GET https://localhost:7264/_framework/aspnetcore-browser-refresh.js - - -
2024-06-05 18:06:13.5391|INFO|Microsoft.AspNetCore.Hosting.Diagnostics|Request finished HTTP/2 GET https://localhost:7264/_framework/aspnetcore-browser-refresh.js - 200 13758 application/javascript;+charset=utf-8 3.1649ms
2024-06-05 18:06:13.5690|INFO|Microsoft.AspNetCore.Hosting.Diagnostics|Request finished HTTP/2 GET https://localhost:7264/_vs/browserLink - 200 - text/javascript;+charset=UTF-8 29.7281ms
2024-06-05 18:06:13.7921|INFO|Microsoft.AspNetCore.Hosting.Diagnostics|Request starting HTTP/2 GET https://localhost:7264/swagger/v1/swagger.json - - -
2024-06-05 18:06:13.9129|INFO|Microsoft.AspNetCore.Hosting.Diagnostics|Request finished HTTP/2 GET https://localhost:7264/swagger/v1/swagger.json - 200 - application/json;charset=utf-8 120.7135ms
2024-06-05 18:06:17.9328|INFO|Microsoft.AspNetCore.Hosting.Diagnostics|Request starting HTTP/2 GET https://localhost:7264/swagger/index.html - - -
2024-06-05 18:06:17.9468|INFO|Microsoft.AspNetCore.Hosting.Diagnostics|Request finished HTTP/2 GET https://localhost:7264/swagger/index.html - 200 - text/html;charset=utf-8 13.8088ms
2024-06-05 18:06:17.9857|INFO|Microsoft.AspNetCore.Hosting.Diagnostics|Request starting HTTP/2 GET https://localhost:7264/_vs/browserLink - - -
2024-06-05 18:06:17.9857|INFO|Microsoft.AspNetCore.Hosting.Diagnostics|Request starting HTTP/2 GET https://localhost:7264/_framework/aspnetcore-browser-refresh.js - - -
2024-06-05 18:06:17.9857|INFO|Microsoft.AspNetCore.Hosting.Diagnostics|Request finished HTTP/2 GET https://localhost:7264/_framework/aspnetcore-browser-refresh.js - 200 13758 application/javascript;+charset=utf-8 0.9420ms
2024-06-05 18:06:18.0022|INFO|Microsoft.AspNetCore.Hosting.Diagnostics|Request finished HTTP/2 GET https://localhost:7264/_vs/browserLink - 200 - text/javascript;+charset=UTF-8 16.4593ms
2024-06-05 18:06:18.1075|INFO|Microsoft.AspNetCore.Hosting.Diagnostics|Request starting HTTP/2 GET https://localhost:7264/swagger/v1/swagger.json - - -
2024-06-05 18:06:18.1150|INFO|Microsoft.AspNetCore.Hosting.Diagnostics|Request finished HTTP/2 GET https://localhost:7264/swagger/v1/swagger.json - 200 - application/json;charset=utf-8 7.4081ms
2024-06-05 18:06:44.6500|INFO|Microsoft.AspNetCore.Hosting.Diagnostics|Request starting HTTP/2 POST https://localhost:7264/api/PolicyPurchase/purchase - application/json 100
2024-06-05 18:06:44.6567|INFO|Microsoft.AspNetCore.Routing.EndpointMiddleware|Executing endpoint 'E_Insurance.Controllers.PolicyPurchaseController.PurchasePolicy (E-Insurance)'
2024-06-05 18:06:44.6816|INFO|Microsoft.AspNetCore.Mvc.Infrastructure.ControllerActionInvoker|Route matched with {action = "PurchasePolicy", controller = "PolicyPurchase"}. Executing controller action with signature System.Threading.Tasks.Task`1[Microsoft.AspNetCore.Mvc.IActionResult] PurchasePolicy(ModelLayer.Entity.PolicyPurchase) on controller E_Insurance.Controllers.PolicyPurchaseController (E-Insurance).
2024-06-05 18:06:44.6877|INFO|Microsoft.AspNetCore.Mvc.Infrastructure.ControllerActionInvoker|Executed action E_Insurance.Controllers.PolicyPurchaseController.PurchasePolicy (E-Insurance) in 0.8992ms
2024-06-05 18:06:44.6877|INFO|Microsoft.AspNetCore.Routing.EndpointMiddleware|Executed endpoint 'E_Insurance.Controllers.PolicyPurchaseController.PurchasePolicy (E-Insurance)'
2024-06-05 18:06:44.6877|ERROR|Microsoft.AspNetCore.Diagnostics.DeveloperExceptionPageMiddleware|An unhandled exception has occurred while executing the request.|System.InvalidOperationException: Unable to resolve service for type 'BusinessLayer.Service.CustomerPolicyPurchaseBL' while attempting to activate 'E_Insurance.Controllers.PolicyPurchaseController'.
   at Microsoft.Extensions.DependencyInjection.ActivatorUtilities.ThrowHelperUnableToResolveService(Type type, Type requiredBy)
   at lambda_method9(Closure, IServiceProvider, Object[])
   at Microsoft.AspNetCore.Mvc.Controllers.ControllerFactoryProvider.<>c__DisplayClass6_0.<CreateControllerFactory>g__CreateController|0(ControllerContext controllerContext)
   at Microsoft.AspNetCore.Mvc.Infrastructure.ControllerActionInvoker.Next(State& next, Scope& scope, Object& state, Boolean& isCompleted)
   at Microsoft.AspNetCore.Mvc.Infrastructure.ControllerActionInvoker.InvokeInnerFilterAsync()
--- End of stack trace from previous location ---
   at Microsoft.AspNetCore.Mvc.Infrastructure.ResourceInvoker.<InvokeFilterPipelineAsync>g__Awaited|20_0(ResourceInvoker invoker, Task lastTask, State next, Scope scope, Object state, Boolean isCompleted)
   at Microsoft.AspNetCore.Mvc.Infrastructure.ResourceInvoker.<InvokeAsync>g__Logged|17_1(ResourceInvoker invoker)
   at Microsoft.AspNetCore.Mvc.Infrastructure.ResourceInvoker.<InvokeAsync>g__Logged|17_1(ResourceInvoker invoker)
   at Microsoft.AspNetCore.Routing.EndpointMiddleware.<Invoke>g__AwaitRequestTask|7_0(Endpoint endpoint, Task requestTask, ILogger logger)
   at Microsoft.AspNetCore.Authorization.AuthorizationMiddleware.Invoke(HttpContext context)
   at Swashbuckle.AspNetCore.SwaggerUI.SwaggerUIMiddleware.Invoke(HttpContext httpContext)
   at Swashbuckle.AspNetCore.Swagger.SwaggerMiddleware.Invoke(HttpContext httpContext, ISwaggerProvider swaggerProvider)
   at Microsoft.AspNetCore.Authentication.AuthenticationMiddleware.Invoke(HttpContext context)
   at Microsoft.AspNetCore.Diagnostics.DeveloperExceptionPageMiddlewareImpl.Invoke(HttpContext context)
2024-06-05 18:06:44.6877|INFO|Microsoft.AspNetCore.Hosting.Diagnostics|Request finished HTTP/2 POST https://localhost:7264/api/PolicyPurchase/purchase - 500 - text/plain;+charset=utf-8 51.9282ms
2024-06-05 18:07:38.6631|INFO|Microsoft.AspNetCore.DataProtection.KeyManagement.XmlKeyManager|User profile is available. Using 'C:\Users\SHASHANK\AppData\Local\ASP.NET\DataProtection-Keys' as key repository and Windows DPAPI to encrypt keys at rest.
2024-06-05 18:07:38.8190|INFO|Microsoft.Hosting.Lifetime|Now listening on: https://localhost:7264
2024-06-05 18:07:38.8190|INFO|Microsoft.Hosting.Lifetime|Now listening on: http://localhost:5206
2024-06-05 18:07:38.8190|INFO|Microsoft.Hosting.Lifetime|Application started. Press Ctrl+C to shut down.
2024-06-05 18:07:38.8190|INFO|Microsoft.Hosting.Lifetime|Hosting environment: Development
2024-06-05 18:07:38.8190|INFO|Microsoft.Hosting.Lifetime|Content root path: C:\Users\SHASHANK\source\repos\E-Insurance\E-Insurance
2024-06-05 18:07:39.3734|INFO|Microsoft.AspNetCore.Hosting.Diagnostics|Request starting HTTP/2 GET https://localhost:7264/swagger/index.html - - -
2024-06-05 18:07:39.5967|INFO|Microsoft.AspNetCore.Hosting.Diagnostics|Request finished HTTP/2 GET https://localhost:7264/swagger/index.html - 200 - text/html;charset=utf-8 221.4448ms
2024-06-05 18:07:39.6151|INFO|Microsoft.AspNetCore.Hosting.Diagnostics|Request starting HTTP/2 GET https://localhost:7264/_framework/aspnetcore-browser-refresh.js - - -
2024-06-05 18:07:39.6151|INFO|Microsoft.AspNetCore.Hosting.Diagnostics|Request starting HTTP/2 GET https://localhost:7264/_vs/browserLink - - -
2024-06-05 18:07:39.6151|INFO|Microsoft.AspNetCore.Hosting.Diagnostics|Request finished HTTP/2 GET https://localhost:7264/_framework/aspnetcore-browser-refresh.js - 200 13758 application/javascript;+charset=utf-8 5.4850ms
2024-06-05 18:07:39.6641|INFO|Microsoft.AspNetCore.Hosting.Diagnostics|Request finished HTTP/2 GET https://localhost:7264/_vs/browserLink - 200 - text/javascript;+charset=UTF-8 48.7793ms
2024-06-05 18:07:39.8677|INFO|Microsoft.AspNetCore.Hosting.Diagnostics|Request starting HTTP/2 GET https://localhost:7264/swagger/v1/swagger.json - - -
2024-06-05 18:07:40.0352|INFO|Microsoft.AspNetCore.Hosting.Diagnostics|Request finished HTTP/2 GET https://localhost:7264/swagger/v1/swagger.json - 200 - application/json;charset=utf-8 167.4788ms
2024-06-05 18:07:54.2459|INFO|Microsoft.AspNetCore.Hosting.Diagnostics|Request starting HTTP/2 POST https://localhost:7264/api/PolicyPurchase/purchase - application/json 100
2024-06-05 18:07:54.2560|INFO|Microsoft.AspNetCore.Routing.EndpointMiddleware|Executing endpoint 'E_Insurance.Controllers.PolicyPurchaseController.PurchasePolicy (E-Insurance)'
2024-06-05 18:07:54.2774|INFO|Microsoft.AspNetCore.Mvc.Infrastructure.ControllerActionInvoker|Route matched with {action = "PurchasePolicy", controller = "PolicyPurchase"}. Executing controller action with signature System.Threading.Tasks.Task`1[Microsoft.AspNetCore.Mvc.IActionResult] PurchasePolicy(ModelLayer.Entity.PolicyPurchase) on controller E_Insurance.Controllers.PolicyPurchaseController (E-Insurance).
2024-06-05 18:07:54.7963|INFO|RepositoryLayer.Service.CustomerPolicyPurchaseService|Policy purchased successfully: CustomerId=1, PolicyId=3
2024-06-05 18:07:54.8120|INFO|Microsoft.AspNetCore.Mvc.Infrastructure.ObjectResultExecutor|Executing OkObjectResult, writing value of type 'Response.ResponseModel`1[[ModelLayer.Entity.PolicyPurchase, ModelLayer, Version=1.0.0.0, Culture=neutral, PublicKeyToken=null]]'.
2024-06-05 18:07:54.8388|INFO|Microsoft.AspNetCore.Mvc.Infrastructure.ControllerActionInvoker|Executed action E_Insurance.Controllers.PolicyPurchaseController.PurchasePolicy (E-Insurance) in 546.0923ms
2024-06-05 18:07:54.8388|INFO|Microsoft.AspNetCore.Routing.EndpointMiddleware|Executed endpoint 'E_Insurance.Controllers.PolicyPurchaseController.PurchasePolicy (E-Insurance)'
2024-06-05 18:07:54.8388|INFO|Microsoft.AspNetCore.Hosting.Diagnostics|Request finished HTTP/2 POST https://localhost:7264/api/PolicyPurchase/purchase - 200 - application/json;+charset=utf-8 595.3866ms
