2024-06-09 12:00:19.2432|INFO|Microsoft.AspNetCore.DataProtection.KeyManagement.XmlKeyManager|User profile is available. Using 'C:\Users\MICROSOFT\AppData\Local\ASP.NET\DataProtection-Keys' as key repository and Windows DPAPI to encrypt keys at rest.
2024-06-09 12:00:19.3293|INFO|Microsoft.AspNetCore.DataProtection.KeyManagement.XmlKeyManager|Creating key {97367011-03a9-4706-b02c-88da632737c7} with creation date 2024-06-09 06:30:19Z, activation date 2024-06-10 15:41:22Z, and expiration date 2024-09-07 06:30:19Z.
2024-06-09 12:00:19.3405|INFO|Microsoft.AspNetCore.DataProtection.Repositories.FileSystemXmlRepository|Writing data to file 'C:\Users\MICROSOFT\AppData\Local\ASP.NET\DataProtection-Keys\key-97367011-03a9-4706-b02c-88da632737c7.xml'.
2024-06-09 12:00:20.0018|INFO|Microsoft.Hosting.Lifetime|Now listening on: https://localhost:7264
2024-06-09 12:00:20.0018|INFO|Microsoft.Hosting.Lifetime|Now listening on: http://localhost:5206
2024-06-09 12:00:20.0018|INFO|Microsoft.Hosting.Lifetime|Application started. Press Ctrl+C to shut down.
2024-06-09 12:00:20.0018|INFO|Microsoft.Hosting.Lifetime|Hosting environment: Development
2024-06-09 12:00:20.0018|INFO|Microsoft.Hosting.Lifetime|Content root path: D:\C#\WebApi\Ensurance\E-Insurance
2024-06-09 12:00:20.7732|INFO|Microsoft.AspNetCore.Hosting.Diagnostics|Request starting HTTP/2 GET https://localhost:7264/swagger/index.html - - -
2024-06-09 12:00:22.8197|INFO|Microsoft.AspNetCore.Hosting.Diagnostics|Request finished HTTP/2 GET https://localhost:7264/swagger/index.html - 200 - text/html;charset=utf-8 2046.4433ms
2024-06-09 12:00:22.8262|INFO|Microsoft.AspNetCore.Hosting.Diagnostics|Request starting HTTP/2 GET https://localhost:7264/_vs/browserLink - - -
2024-06-09 12:00:22.8262|INFO|Microsoft.AspNetCore.Hosting.Diagnostics|Request starting HTTP/2 GET https://localhost:7264/_framework/aspnetcore-browser-refresh.js - - -
2024-06-09 12:00:22.8262|INFO|Microsoft.AspNetCore.Hosting.Diagnostics|Request finished HTTP/2 GET https://localhost:7264/_framework/aspnetcore-browser-refresh.js - 200 13758 application/javascript;+charset=utf-8 5.3299ms
2024-06-09 12:00:22.8791|INFO|Microsoft.AspNetCore.Hosting.Diagnostics|Request finished HTTP/2 GET https://localhost:7264/_vs/browserLink - 200 - text/javascript;+charset=UTF-8 52.6918ms
2024-06-09 12:00:23.0652|INFO|Microsoft.AspNetCore.Hosting.Diagnostics|Request starting HTTP/2 GET https://localhost:7264/swagger/v1/swagger.json - - -
2024-06-09 12:00:23.1776|INFO|Microsoft.AspNetCore.Hosting.Diagnostics|Request finished HTTP/2 GET https://localhost:7264/swagger/v1/swagger.json - 200 - application/json;charset=utf-8 112.3385ms
2024-06-09 12:00:46.6712|INFO|Microsoft.AspNetCore.Hosting.Diagnostics|Request starting HTTP/2 POST https://localhost:7264/api/AgentCommission/commission - application/json 60
2024-06-09 12:00:46.6897|INFO|Microsoft.AspNetCore.Routing.EndpointMiddleware|Executing endpoint 'E_Insurance.Controllers.AgentCommissionController.CalculateCommission (E-Insurance)'
2024-06-09 12:00:46.7516|INFO|Microsoft.AspNetCore.Mvc.Infrastructure.ControllerActionInvoker|Route matched with {action = "CalculateCommission", controller = "AgentCommission"}. Executing controller action with signature System.Threading.Tasks.Task`1[Microsoft.AspNetCore.Mvc.IActionResult] CalculateCommission(ModelLayer.RequestDTO.CommissionCalculationRequest) on controller E_Insurance.Controllers.AgentCommissionController (E-Insurance).
2024-06-09 12:00:46.7904|INFO|Microsoft.AspNetCore.Mvc.Infrastructure.ControllerActionInvoker|Executed action E_Insurance.Controllers.AgentCommissionController.CalculateCommission (E-Insurance) in 19.909ms
2024-06-09 12:00:46.7904|INFO|Microsoft.AspNetCore.Routing.EndpointMiddleware|Executed endpoint 'E_Insurance.Controllers.AgentCommissionController.CalculateCommission (E-Insurance)'
2024-06-09 12:00:46.7904|ERROR|Microsoft.AspNetCore.Diagnostics.DeveloperExceptionPageMiddleware|An unhandled exception has occurred while executing the request.|System.ArgumentNullException: Value cannot be null. (Parameter 'configuration')
   at StackExchange.Redis.ConfigurationOptions.DoParse(String configuration, Boolean ignoreUnknown) in /_/src/StackExchange.Redis/ConfigurationOptions.cs:line 912
   at StackExchange.Redis.ConfigurationOptions.Parse(String configuration, Boolean ignoreUnknown) in /_/src/StackExchange.Redis/ConfigurationOptions.cs:line 718
   at StackExchange.Redis.ConfigurationOptions.Parse(String configuration) in /_/src/StackExchange.Redis/ConfigurationOptions.cs:line 708
   at StackExchange.Redis.ConnectionMultiplexer.Connect(String configuration, TextWriter log) in /_/src/StackExchange.Redis/ConnectionMultiplexer.cs:line 663
   at Program.<>c.<<Main>$>b__0_0(IServiceProvider provider) in D:\C#\WebApi\Ensurance\E-Insurance\Program.cs:line 57
   at Microsoft.Extensions.DependencyInjection.ServiceLookup.CallSiteVisitor`2.VisitCallSiteMain(ServiceCallSite callSite, TArgument argument)
   at Microsoft.Extensions.DependencyInjection.ServiceLookup.CallSiteRuntimeResolver.VisitRootCache(ServiceCallSite callSite, RuntimeResolverContext context)
   at Microsoft.Extensions.DependencyInjection.ServiceLookup.CallSiteVisitor`2.VisitCallSite(ServiceCallSite callSite, TArgument argument)
   at Microsoft.Extensions.DependencyInjection.ServiceLookup.CallSiteVisitor`2.VisitCallSiteMain(ServiceCallSite callSite, TArgument argument)
   at Microsoft.Extensions.DependencyInjection.ServiceLookup.CallSiteRuntimeResolver.VisitCache(ServiceCallSite callSite, RuntimeResolverContext context, ServiceProviderEngineScope serviceProviderEngine, RuntimeResolverLock lockType)
   at Microsoft.Extensions.DependencyInjection.ServiceLookup.CallSiteRuntimeResolver.VisitScopeCache(ServiceCallSite callSite, RuntimeResolverContext context)
   at Microsoft.Extensions.DependencyInjection.ServiceLookup.CallSiteVisitor`2.VisitCallSite(ServiceCallSite callSite, TArgument argument)
   at Microsoft.Extensions.DependencyInjection.ServiceLookup.CallSiteVisitor`2.VisitCallSiteMain(ServiceCallSite callSite, TArgument argument)
   at Microsoft.Extensions.DependencyInjection.ServiceLookup.CallSiteRuntimeResolver.VisitCache(ServiceCallSite callSite, RuntimeResolverContext context, ServiceProviderEngineScope serviceProviderEngine, RuntimeResolverLock lockType)
   at Microsoft.Extensions.DependencyInjection.ServiceLookup.CallSiteRuntimeResolver.VisitScopeCache(ServiceCallSite callSite, RuntimeResolverContext context)
   at Microsoft.Extensions.DependencyInjection.ServiceLookup.CallSiteVisitor`2.VisitCallSite(ServiceCallSite callSite, TArgument argument)
   at Microsoft.Extensions.DependencyInjection.ServiceLookup.CallSiteRuntimeResolver.Resolve(ServiceCallSite callSite, ServiceProviderEngineScope scope)
   at Microsoft.Extensions.DependencyInjection.ServiceLookup.DynamicServiceProviderEngine.<>c__DisplayClass2_0.<RealizeService>b__0(ServiceProviderEngineScope scope)
   at Microsoft.Extensions.DependencyInjection.ServiceProvider.GetService(ServiceIdentifier serviceIdentifier, ServiceProviderEngineScope serviceProviderEngineScope)
   at Microsoft.Extensions.DependencyInjection.ServiceLookup.ServiceProviderEngineScope.GetService(Type serviceType)
   at lambda_method9(Closure, IServiceProvider, Object[])
   at Microsoft.AspNetCore.Mvc.Controllers.ControllerFactoryProvider.<>c__DisplayClass6_0.<CreateControllerFactory>g__CreateController|0(ControllerContext controllerContext)
   at Microsoft.AspNetCore.Mvc.Infrastructure.ControllerActionInvoker.Next(State& next, Scope& scope, Object& state, Boolean& isCompleted)
   at Microsoft.AspNetCore.Mvc.Infrastructure.ControllerActionInvoker.InvokeInnerFilterAsync()
--- End of stack trace from previous location ---
   at Microsoft.AspNetCore.Mvc.Infrastructure.ResourceInvoker.<InvokeFilterPipelineAsync>g__Awaited|20_0(ResourceInvoker invoker, Task lastTask, State next, Scope scope, Object state, Boolean isCompleted)
   at Microsoft.AspNetCore.Mvc.Infrastructure.ResourceInvoker.<InvokeAsync>g__Logged|17_1(ResourceInvoker invoker)
   at Microsoft.AspNetCore.Mvc.Infrastructure.ResourceInvoker.<InvokeAsync>g__Logged|17_1(ResourceInvoker invoker)
   at Microsoft.AspNetCore.Routing.EndpointMiddleware.<Invoke>g__AwaitRequestTask|7_0(Endpoint endpoint, Task requestTask, ILogger logger)
   at Microsoft.AspNetCore.Authorization.AuthorizationMiddleware.Invoke(HttpContext context)
   at Swashbuckle.AspNetCore.SwaggerUI.SwaggerUIMiddleware.Invoke(HttpContext httpContext)
   at Swashbuckle.AspNetCore.Swagger.SwaggerMiddleware.Invoke(HttpContext httpContext, ISwaggerProvider swaggerProvider)
   at Microsoft.AspNetCore.Authentication.AuthenticationMiddleware.Invoke(HttpContext context)
   at Microsoft.AspNetCore.Diagnostics.DeveloperExceptionPageMiddlewareImpl.Invoke(HttpContext context)
2024-06-09 12:00:47.0478|INFO|Microsoft.AspNetCore.Hosting.Diagnostics|Request finished HTTP/2 POST https://localhost:7264/api/AgentCommission/commission - 500 - text/plain;+charset=utf-8 376.1621ms
