2024-06-13 10:39:19.3093|INFO|Microsoft.AspNetCore.DataProtection.KeyManagement.XmlKeyManager|User profile is available. Using 'C:\Users\SHASHANK\AppData\Local\ASP.NET\DataProtection-Keys' as key repository and Windows DPAPI to encrypt keys at rest.
2024-06-13 10:39:20.9165|INFO|Microsoft.Hosting.Lifetime|Now listening on: https://localhost:7264
2024-06-13 10:39:20.9165|INFO|Microsoft.Hosting.Lifetime|Now listening on: http://localhost:5206
2024-06-13 10:39:20.9165|INFO|Microsoft.Hosting.Lifetime|Application started. Press Ctrl+C to shut down.
2024-06-13 10:39:20.9231|INFO|Microsoft.Hosting.Lifetime|Hosting environment: Development
2024-06-13 10:39:20.9231|INFO|Microsoft.Hosting.Lifetime|Content root path: C:\Users\SHASHANK\source\repos\E-Insurance\E-Insurance
2024-06-13 10:39:22.9604|INFO|Microsoft.AspNetCore.Hosting.Diagnostics|Request starting HTTP/2 GET https://localhost:7264/swagger - - -
2024-06-13 10:39:24.7797|INFO|Microsoft.AspNetCore.Hosting.Diagnostics|Request finished HTTP/2 GET https://localhost:7264/swagger - 301 0 - 1809.7928ms
2024-06-13 10:39:24.8025|INFO|Microsoft.AspNetCore.Hosting.Diagnostics|Request starting HTTP/2 GET https://localhost:7264/swagger/index.html - - -
2024-06-13 10:39:25.1138|INFO|Microsoft.AspNetCore.Hosting.Diagnostics|Request finished HTTP/2 GET https://localhost:7264/swagger/index.html - 200 - text/html;charset=utf-8 309.3492ms
2024-06-13 10:39:25.2614|INFO|Microsoft.AspNetCore.Hosting.Diagnostics|Request starting HTTP/2 GET https://localhost:7264/swagger/swagger-ui.css - - -
2024-06-13 10:39:25.2996|INFO|Microsoft.AspNetCore.Hosting.Diagnostics|Request starting HTTP/2 GET https://localhost:7264/swagger/swagger-ui-bundle.js - - -
2024-06-13 10:39:25.2996|INFO|Microsoft.AspNetCore.Hosting.Diagnostics|Request starting HTTP/2 GET https://localhost:7264/swagger/swagger-ui-standalone-preset.js - - -
2024-06-13 10:39:25.2996|INFO|Microsoft.AspNetCore.Hosting.Diagnostics|Request starting HTTP/2 GET https://localhost:7264/_vs/browserLink - - -
2024-06-13 10:39:25.3177|INFO|Microsoft.AspNetCore.StaticFiles.StaticFileMiddleware|Sending file. Request path: '/swagger-ui.css'. Physical path: 'N/A'
2024-06-13 10:39:25.3177|INFO|Microsoft.AspNetCore.Hosting.Diagnostics|Request finished HTTP/2 GET https://localhost:7264/swagger/swagger-ui.css - 200 143943 text/css 56.7630ms
2024-06-13 10:39:25.3413|INFO|Microsoft.AspNetCore.StaticFiles.StaticFileMiddleware|Sending file. Request path: '/swagger-ui-standalone-preset.js'. Physical path: 'N/A'
2024-06-13 10:39:25.3413|INFO|Microsoft.AspNetCore.Hosting.Diagnostics|Request finished HTTP/2 GET https://localhost:7264/swagger/swagger-ui-standalone-preset.js - 200 339486 text/javascript 39.4947ms
2024-06-13 10:39:25.3413|INFO|Microsoft.AspNetCore.Hosting.Diagnostics|Request starting HTTP/2 GET https://localhost:7264/_framework/aspnetcore-browser-refresh.js - - -
2024-06-13 10:39:25.3553|INFO|Microsoft.AspNetCore.Hosting.Diagnostics|Request finished HTTP/2 GET https://localhost:7264/_framework/aspnetcore-browser-refresh.js - 200 13758 application/javascript;+charset=utf-8 12.9135ms
2024-06-13 10:39:25.4302|INFO|Microsoft.AspNetCore.StaticFiles.StaticFileMiddleware|Sending file. Request path: '/swagger-ui-bundle.js'. Physical path: 'N/A'
2024-06-13 10:39:25.4302|INFO|Microsoft.AspNetCore.Hosting.Diagnostics|Request finished HTTP/2 GET https://localhost:7264/swagger/swagger-ui-bundle.js - 200 1096145 text/javascript 131.0685ms
2024-06-13 10:39:25.5648|INFO|Microsoft.AspNetCore.Hosting.Diagnostics|Request finished HTTP/2 GET https://localhost:7264/_vs/browserLink - 200 - text/javascript;+charset=UTF-8 261.7782ms
2024-06-13 10:39:25.9420|INFO|Microsoft.AspNetCore.Hosting.Diagnostics|Request starting HTTP/2 GET https://localhost:7264/swagger/v1/swagger.json - - -
2024-06-13 10:39:26.2788|INFO|Microsoft.AspNetCore.Hosting.Diagnostics|Request finished HTTP/2 GET https://localhost:7264/swagger/v1/swagger.json - 200 - application/json;charset=utf-8 336.6861ms
2024-06-13 10:42:01.3001|INFO|Microsoft.AspNetCore.Hosting.Diagnostics|Request starting HTTP/2 GET https://localhost:7264/api/paymentprocess - - -
2024-06-13 10:42:01.3001|INFO|Microsoft.AspNetCore.Routing.EndpointMiddleware|Executing endpoint 'E_Insurance.Controllers.paymentprocessController.GetAllPayments (E-Insurance)'
2024-06-13 10:42:01.3644|INFO|Microsoft.AspNetCore.Mvc.Infrastructure.ControllerActionInvoker|Route matched with {action = "GetAllPayments", controller = "paymentprocess"}. Executing controller action with signature System.Threading.Tasks.Task`1[Microsoft.AspNetCore.Mvc.IActionResult] GetAllPayments() on controller E_Insurance.Controllers.paymentprocessController (E-Insurance).
2024-06-13 10:42:10.9630|INFO|Microsoft.AspNetCore.Mvc.Infrastructure.ControllerActionInvoker|Executed action E_Insurance.Controllers.paymentprocessController.GetAllPayments (E-Insurance) in 9582.822ms
2024-06-13 10:42:10.9630|INFO|Microsoft.AspNetCore.Routing.EndpointMiddleware|Executed endpoint 'E_Insurance.Controllers.paymentprocessController.GetAllPayments (E-Insurance)'
2024-06-13 10:42:10.9703|ERROR|Microsoft.AspNetCore.Diagnostics.DeveloperExceptionPageMiddleware|An unhandled exception has occurred while executing the request.|StackExchange.Redis.RedisConnectionException: It was not possible to connect to the redis server(s). Error connecting right now. To allow this multiplexer to continue retrying until it's able to connect, use abortConnect=false in your connection string or AbortOnConnectFail=false; in your code.
   at StackExchange.Redis.ConnectionMultiplexer.ConnectImpl(ConfigurationOptions configuration, TextWriter writer, Nullable`1 serverType, EndPointCollection endpoints) in /_/src/StackExchange.Redis/ConnectionMultiplexer.cs:line 723
   at StackExchange.Redis.ConnectionMultiplexer.Connect(ConfigurationOptions configuration, TextWriter log) in /_/src/StackExchange.Redis/ConnectionMultiplexer.cs:line 685
   at StackExchange.Redis.ConnectionMultiplexer.Connect(String configuration, TextWriter log) in /_/src/StackExchange.Redis/ConnectionMultiplexer.cs:line 663
   at Program.<>c.<<Main>$>b__0_0(IServiceProvider provider) in C:\Users\SHASHANK\source\repos\E-Insurance\E-Insurance\Program.cs:line 57
   at Microsoft.Extensions.DependencyInjection.ServiceLookup.CallSiteRuntimeResolver.VisitRootCache(ServiceCallSite callSite, RuntimeResolverContext context)
   at Microsoft.Extensions.DependencyInjection.ServiceLookup.CallSiteVisitor`2.VisitCallSite(ServiceCallSite callSite, TArgument argument)
   at Microsoft.Extensions.DependencyInjection.ServiceLookup.CallSiteRuntimeResolver.VisitConstructor(ConstructorCallSite constructorCallSite, RuntimeResolverContext context)
   at Microsoft.Extensions.DependencyInjection.ServiceLookup.CallSiteRuntimeResolver.VisitCache(ServiceCallSite callSite, RuntimeResolverContext context, ServiceProviderEngineScope serviceProviderEngine, RuntimeResolverLock lockType)
   at Microsoft.Extensions.DependencyInjection.ServiceLookup.CallSiteRuntimeResolver.VisitScopeCache(ServiceCallSite callSite, RuntimeResolverContext context)
   at Microsoft.Extensions.DependencyInjection.ServiceLookup.CallSiteVisitor`2.VisitCallSite(ServiceCallSite callSite, TArgument argument)
   at Microsoft.Extensions.DependencyInjection.ServiceLookup.CallSiteRuntimeResolver.VisitConstructor(ConstructorCallSite constructorCallSite, RuntimeResolverContext context)
   at Microsoft.Extensions.DependencyInjection.ServiceLookup.CallSiteRuntimeResolver.VisitCache(ServiceCallSite callSite, RuntimeResolverContext context, ServiceProviderEngineScope serviceProviderEngine, RuntimeResolverLock lockType)
   at Microsoft.Extensions.DependencyInjection.ServiceLookup.CallSiteRuntimeResolver.VisitScopeCache(ServiceCallSite callSite, RuntimeResolverContext context)
   at Microsoft.Extensions.DependencyInjection.ServiceLookup.CallSiteVisitor`2.VisitCallSite(ServiceCallSite callSite, TArgument argument)
   at Microsoft.Extensions.DependencyInjection.ServiceLookup.CallSiteRuntimeResolver.Resolve(ServiceCallSite callSite, ServiceProviderEngineScope scope)
   at Microsoft.Extensions.DependencyInjection.ServiceLookup.DynamicServiceProviderEngine.<>c__DisplayClass2_0.<RealizeService>b__0(ServiceProviderEngineScope scope)
   at Microsoft.Extensions.DependencyInjection.ServiceProvider.GetService(ServiceIdentifier serviceIdentifier, ServiceProviderEngineScope serviceProviderEngineScope)
   at Microsoft.Extensions.DependencyInjection.ServiceLookup.ServiceProviderEngineScope.GetService(Type serviceType)
   at lambda_method9(Closure, IServiceProvider, Object[])
   at Microsoft.AspNetCore.Mvc.Controllers.ControllerFactoryProvider.<>c__DisplayClass6_0.<CreateControllerFactory>g__CreateController|0(ControllerContext controllerContext)
   at Microsoft.AspNetCore.Mvc.Infrastructure.ControllerActionInvoker.Next(State& next, Scope& scope, Object& state, Boolean& isCompleted)
   at Microsoft.AspNetCore.Mvc.Infrastructure.ControllerActionInvoker.InvokeInnerFilterAsync()
--- End of stack trace from previous location ---
   at Microsoft.AspNetCore.Mvc.Infrastructure.ResourceInvoker.<InvokeFilterPipelineAsync>g__Awaited|20_0(ResourceInvoker invoker, Task lastTask, State next, Scope scope, Object state, Boolean isCompleted)
   at Microsoft.AspNetCore.Mvc.Infrastructure.ResourceInvoker.<InvokeAsync>g__Logged|17_1(ResourceInvoker invoker)
   at Microsoft.AspNetCore.Mvc.Infrastructure.ResourceInvoker.<InvokeAsync>g__Logged|17_1(ResourceInvoker invoker)
   at Microsoft.AspNetCore.Routing.EndpointMiddleware.<Invoke>g__AwaitRequestTask|7_0(Endpoint endpoint, Task requestTask, ILogger logger)
   at Microsoft.AspNetCore.Authorization.AuthorizationMiddleware.Invoke(HttpContext context)
   at Swashbuckle.AspNetCore.SwaggerUI.SwaggerUIMiddleware.Invoke(HttpContext httpContext)
   at Swashbuckle.AspNetCore.Swagger.SwaggerMiddleware.Invoke(HttpContext httpContext, ISwaggerProvider swaggerProvider)
   at Microsoft.AspNetCore.Authentication.AuthenticationMiddleware.Invoke(HttpContext context)
   at Microsoft.AspNetCore.Diagnostics.DeveloperExceptionPageMiddlewareImpl.Invoke(HttpContext context)
2024-06-13 10:42:11.2880|INFO|Microsoft.AspNetCore.Hosting.Diagnostics|Request finished HTTP/2 GET https://localhost:7264/api/paymentprocess - 500 - text/plain;+charset=utf-8 9987.7255ms
2024-06-13 10:42:26.1534|INFO|Microsoft.AspNetCore.Hosting.Diagnostics|Request starting HTTP/2 GET https://localhost:7264/api/paymentprocess - - -
2024-06-13 10:42:26.1581|INFO|Microsoft.AspNetCore.Routing.EndpointMiddleware|Executing endpoint 'E_Insurance.Controllers.paymentprocessController.GetAllPayments (E-Insurance)'
2024-06-13 10:42:26.1581|INFO|Microsoft.AspNetCore.Mvc.Infrastructure.ControllerActionInvoker|Route matched with {action = "GetAllPayments", controller = "paymentprocess"}. Executing controller action with signature System.Threading.Tasks.Task`1[Microsoft.AspNetCore.Mvc.IActionResult] GetAllPayments() on controller E_Insurance.Controllers.paymentprocessController (E-Insurance).
2024-06-13 10:42:27.7849|INFO|Microsoft.AspNetCore.Mvc.Infrastructure.ObjectResultExecutor|Executing OkObjectResult, writing value of type 'Response.ResponseModel`1[[System.Collections.Generic.IEnumerable`1[[ModelLayer.RequestDTO.PaymentModel, ModelLayer, Version=1.0.0.0, Culture=neutral, PublicKeyToken=null]], System.Private.CoreLib, Version=8.0.0.0, Culture=neutral, PublicKeyToken=7cec85d7bea7798e]]'.
2024-06-13 10:42:27.8115|INFO|Microsoft.AspNetCore.Mvc.Infrastructure.ControllerActionInvoker|Executed action E_Insurance.Controllers.paymentprocessController.GetAllPayments (E-Insurance) in 1652.6998ms
2024-06-13 10:42:27.8115|INFO|Microsoft.AspNetCore.Routing.EndpointMiddleware|Executed endpoint 'E_Insurance.Controllers.paymentprocessController.GetAllPayments (E-Insurance)'
2024-06-13 10:42:27.8130|INFO|Microsoft.AspNetCore.Hosting.Diagnostics|Request finished HTTP/2 GET https://localhost:7264/api/paymentprocess - 200 - application/json;+charset=utf-8 1659.5299ms
2024-06-13 10:49:27.7697|INFO|Microsoft.AspNetCore.Hosting.Diagnostics|Request starting HTTP/2 GET https://localhost:7264/api/policypurchase/allpurchases - - -
2024-06-13 10:49:27.7697|INFO|Microsoft.AspNetCore.Routing.EndpointMiddleware|Executing endpoint 'E_Insurance.Controllers.policypurchaseController.GetAllPurchases (E-Insurance)'
2024-06-13 10:49:27.7697|INFO|Microsoft.AspNetCore.Mvc.Infrastructure.ControllerActionInvoker|Route matched with {action = "GetAllPurchases", controller = "policypurchase"}. Executing controller action with signature System.Threading.Tasks.Task`1[Microsoft.AspNetCore.Mvc.IActionResult] GetAllPurchases() on controller E_Insurance.Controllers.policypurchaseController (E-Insurance).
2024-06-13 10:49:33.9597|INFO|RepositoryLayer.Service.CustomerPolicyPurchaseService|Retrieved all policies
2024-06-13 10:49:33.9597|INFO|Microsoft.AspNetCore.Mvc.Infrastructure.ObjectResultExecutor|Executing OkObjectResult, writing value of type 'Response.ResponseModel`1[[System.Collections.Generic.IEnumerable`1[[ModelLayer.Response.CustomerPolicyDetails, ModelLayer, Version=1.0.0.0, Culture=neutral, PublicKeyToken=null]], System.Private.CoreLib, Version=8.0.0.0, Culture=neutral, PublicKeyToken=7cec85d7bea7798e]]'.
2024-06-13 10:49:33.9867|INFO|Microsoft.AspNetCore.Mvc.Infrastructure.ControllerActionInvoker|Executed action E_Insurance.Controllers.policypurchaseController.GetAllPurchases (E-Insurance) in 6205.4776ms
2024-06-13 10:49:33.9867|INFO|Microsoft.AspNetCore.Routing.EndpointMiddleware|Executed endpoint 'E_Insurance.Controllers.policypurchaseController.GetAllPurchases (E-Insurance)'
2024-06-13 10:49:33.9867|INFO|Microsoft.AspNetCore.Hosting.Diagnostics|Request finished HTTP/2 GET https://localhost:7264/api/policypurchase/allpurchases - 200 - application/json;+charset=utf-8 6217.4084ms
2024-06-13 11:02:36.0920|INFO|Microsoft.AspNetCore.Hosting.Diagnostics|Request starting HTTP/2 GET https://localhost:7264/api/policypurchase - - -
2024-06-13 11:02:36.0997|INFO|Microsoft.AspNetCore.Authorization.DefaultAuthorizationService|Authorization failed. These requirements were not met:
DenyAnonymousAuthorizationRequirement: Requires an authenticated user.
2024-06-13 11:02:36.0997|INFO|Microsoft.AspNetCore.Authentication.JwtBearer.JwtBearerHandler|AuthenticationScheme: Bearer was challenged.
2024-06-13 11:02:36.0997|INFO|Microsoft.AspNetCore.Hosting.Diagnostics|Request finished HTTP/2 GET https://localhost:7264/api/policypurchase - 401 0 - 14.4846ms
2024-06-13 11:02:50.2757|INFO|Microsoft.AspNetCore.Hosting.Diagnostics|Request starting HTTP/2 POST https://localhost:7264/api/usermanagement/login?email=dileep%40gmail.com&password=Password%40123&role=Customer - - 0
2024-06-13 11:02:50.2757|INFO|Microsoft.AspNetCore.Routing.EndpointMiddleware|Executing endpoint 'E_Insurance.Controllers.usermanagementController.UserLogin (E-Insurance)'
2024-06-13 11:02:50.3466|INFO|Microsoft.AspNetCore.Mvc.Infrastructure.ControllerActionInvoker|Route matched with {action = "UserLogin", controller = "usermanagement"}. Executing controller action with signature System.Threading.Tasks.Task`1[Microsoft.AspNetCore.Mvc.IActionResult] UserLogin(System.String, System.String, Microsoft.Extensions.Configuration.IConfiguration, System.String) on controller E_Insurance.Controllers.usermanagementController (E-Insurance).
2024-06-13 11:02:50.5721|INFO|E_Insurance.Controllers.usermanagementController|Starting login process for email: dileep@gmail.com
2024-06-13 11:02:50.6791|INFO|E_Insurance.Controllers.usermanagementController|Login successful for email: dileep@gmail.com
2024-06-13 11:02:50.6791|INFO|Microsoft.AspNetCore.Mvc.Infrastructure.ObjectResultExecutor|Executing OkObjectResult, writing value of type 'Response.ResponseModel`1[[System.String, System.Private.CoreLib, Version=8.0.0.0, Culture=neutral, PublicKeyToken=7cec85d7bea7798e]]'.
2024-06-13 11:02:50.6791|INFO|Microsoft.AspNetCore.Mvc.Infrastructure.ControllerActionInvoker|Executed action E_Insurance.Controllers.usermanagementController.UserLogin (E-Insurance) in 333.7319ms
2024-06-13 11:02:50.6791|INFO|Microsoft.AspNetCore.Routing.EndpointMiddleware|Executed endpoint 'E_Insurance.Controllers.usermanagementController.UserLogin (E-Insurance)'
2024-06-13 11:02:50.6791|INFO|Microsoft.AspNetCore.Hosting.Diagnostics|Request finished HTTP/2 POST https://localhost:7264/api/usermanagement/login?email=dileep%40gmail.com&password=Password%40123&role=Customer - 200 - application/json;+charset=utf-8 404.9761ms
2024-06-13 11:03:10.8881|INFO|Microsoft.AspNetCore.Hosting.Diagnostics|Request starting HTTP/2 GET https://localhost:7264/api/policypurchase - - -
2024-06-13 11:03:11.0610|INFO|Microsoft.AspNetCore.Routing.EndpointMiddleware|Executing endpoint 'E_Insurance.Controllers.policypurchaseController.GetCustomerPurchaseDetailsById (E-Insurance)'
2024-06-13 11:03:11.0692|INFO|Microsoft.AspNetCore.Mvc.Infrastructure.ControllerActionInvoker|Route matched with {action = "GetCustomerPurchaseDetailsById", controller = "policypurchase"}. Executing controller action with signature System.Threading.Tasks.Task`1[Microsoft.AspNetCore.Mvc.IActionResult] GetCustomerPurchaseDetailsById() on controller E_Insurance.Controllers.policypurchaseController (E-Insurance).
2024-06-13 11:03:11.0928|INFO|RepositoryLayer.Service.CustomerPolicyPurchaseService|Retrieved all policies
2024-06-13 11:03:11.0928|INFO|Microsoft.AspNetCore.Mvc.Infrastructure.ObjectResultExecutor|Executing OkObjectResult, writing value of type 'Response.ResponseModel`1[[System.Collections.Generic.IEnumerable`1[[ModelLayer.Response.CustomerPolicyDetails, ModelLayer, Version=1.0.0.0, Culture=neutral, PublicKeyToken=null]], System.Private.CoreLib, Version=8.0.0.0, Culture=neutral, PublicKeyToken=7cec85d7bea7798e]]'.
2024-06-13 11:03:11.0928|INFO|Microsoft.AspNetCore.Mvc.Infrastructure.ControllerActionInvoker|Executed action E_Insurance.Controllers.policypurchaseController.GetCustomerPurchaseDetailsById (E-Insurance) in 24.0619ms
2024-06-13 11:03:11.0928|INFO|Microsoft.AspNetCore.Routing.EndpointMiddleware|Executed endpoint 'E_Insurance.Controllers.policypurchaseController.GetCustomerPurchaseDetailsById (E-Insurance)'
2024-06-13 11:03:11.0928|INFO|Microsoft.AspNetCore.Hosting.Diagnostics|Request finished HTTP/2 GET https://localhost:7264/api/policypurchase - 200 - application/json;+charset=utf-8 205.6362ms
2024-06-13 11:30:02.1527|INFO|Microsoft.AspNetCore.DataProtection.KeyManagement.XmlKeyManager|User profile is available. Using 'C:\Users\SHASHANK\AppData\Local\ASP.NET\DataProtection-Keys' as key repository and Windows DPAPI to encrypt keys at rest.
2024-06-13 11:30:03.0236|INFO|Microsoft.Hosting.Lifetime|Now listening on: https://localhost:7264
2024-06-13 11:30:03.0236|INFO|Microsoft.Hosting.Lifetime|Now listening on: http://localhost:5206
2024-06-13 11:30:03.0236|INFO|Microsoft.Hosting.Lifetime|Application started. Press Ctrl+C to shut down.
2024-06-13 11:30:03.0236|INFO|Microsoft.Hosting.Lifetime|Hosting environment: Development
2024-06-13 11:30:03.0236|INFO|Microsoft.Hosting.Lifetime|Content root path: C:\Users\SHASHANK\source\repos\E-Insurance\E-Insurance
2024-06-13 11:30:03.2657|INFO|Microsoft.AspNetCore.Hosting.Diagnostics|Request starting HTTP/2 GET https://localhost:7264/swagger/index.html - - -
2024-06-13 11:30:03.6315|INFO|Microsoft.AspNetCore.Hosting.Diagnostics|Request finished HTTP/2 GET https://localhost:7264/swagger/index.html - 200 - text/html;charset=utf-8 365.6842ms
2024-06-13 11:30:03.6780|INFO|Microsoft.AspNetCore.Hosting.Diagnostics|Request starting HTTP/2 GET https://localhost:7264/_framework/aspnetcore-browser-refresh.js - - -
2024-06-13 11:30:03.6780|INFO|Microsoft.AspNetCore.Hosting.Diagnostics|Request starting HTTP/2 GET https://localhost:7264/_vs/browserLink - - -
2024-06-13 11:30:03.6780|INFO|Microsoft.AspNetCore.Hosting.Diagnostics|Request finished HTTP/2 GET https://localhost:7264/_framework/aspnetcore-browser-refresh.js - 200 13758 application/javascript;+charset=utf-8 5.9685ms
2024-06-13 11:30:03.7138|INFO|Microsoft.AspNetCore.Hosting.Diagnostics|Request finished HTTP/2 GET https://localhost:7264/_vs/browserLink - 200 - text/javascript;+charset=UTF-8 35.7920ms
2024-06-13 11:30:03.9430|INFO|Microsoft.AspNetCore.Hosting.Diagnostics|Request starting HTTP/2 GET https://localhost:7264/swagger/v1/swagger.json - - -
2024-06-13 11:30:03.9430|INFO|Microsoft.AspNetCore.Hosting.Diagnostics|Request starting HTTP/2 GET https://localhost:7264/swagger/favicon-32x32.png - - -
2024-06-13 11:30:03.9775|INFO|Microsoft.AspNetCore.StaticFiles.StaticFileMiddleware|Sending file. Request path: '/favicon-32x32.png'. Physical path: 'N/A'
2024-06-13 11:30:03.9775|INFO|Microsoft.AspNetCore.Hosting.Diagnostics|Request finished HTTP/2 GET https://localhost:7264/swagger/favicon-32x32.png - 200 628 image/png 23.8374ms
2024-06-13 11:30:04.0698|INFO|Microsoft.AspNetCore.Hosting.Diagnostics|Request finished HTTP/2 GET https://localhost:7264/swagger/v1/swagger.json - 200 - application/json;charset=utf-8 126.7073ms
2024-06-13 11:30:14.0543|INFO|Microsoft.AspNetCore.Hosting.Diagnostics|Request starting HTTP/2 GET https://localhost:7264/api/policypurchase/allpurchases - - -
2024-06-13 11:30:14.0650|INFO|Microsoft.AspNetCore.Routing.EndpointMiddleware|Executing endpoint 'E_Insurance.Controllers.policypurchaseController.GetAllPurchases (E-Insurance)'
2024-06-13 11:30:14.0960|INFO|Microsoft.AspNetCore.Mvc.Infrastructure.ControllerActionInvoker|Route matched with {action = "GetAllPurchases", controller = "policypurchase"}. Executing controller action with signature System.Threading.Tasks.Task`1[Microsoft.AspNetCore.Mvc.IActionResult] GetAllPurchases() on controller E_Insurance.Controllers.policypurchaseController (E-Insurance).
2024-06-13 11:30:14.3947|INFO|RepositoryLayer.Service.CustomerPolicyPurchaseService|Retrieved all policies
2024-06-13 11:30:14.4100|INFO|Microsoft.AspNetCore.Mvc.Infrastructure.ObjectResultExecutor|Executing OkObjectResult, writing value of type 'Response.ResponseModel`1[[System.Collections.Generic.IEnumerable`1[[ModelLayer.Response.AllCustomerPolicyDetails, ModelLayer, Version=1.0.0.0, Culture=neutral, PublicKeyToken=null]], System.Private.CoreLib, Version=8.0.0.0, Culture=neutral, PublicKeyToken=7cec85d7bea7798e]]'.
2024-06-13 11:30:14.4671|INFO|Microsoft.AspNetCore.Mvc.Infrastructure.ControllerActionInvoker|Executed action E_Insurance.Controllers.policypurchaseController.GetAllPurchases (E-Insurance) in 356.8609ms
2024-06-13 11:30:14.4671|INFO|Microsoft.AspNetCore.Routing.EndpointMiddleware|Executed endpoint 'E_Insurance.Controllers.policypurchaseController.GetAllPurchases (E-Insurance)'
2024-06-13 11:30:14.4671|INFO|Microsoft.AspNetCore.Hosting.Diagnostics|Request finished HTTP/2 GET https://localhost:7264/api/policypurchase/allpurchases - 200 - application/json;+charset=utf-8 414.3357ms
2024-06-13 11:34:25.3487|INFO|Microsoft.AspNetCore.Hosting.Diagnostics|Request starting HTTP/2 GET https://localhost:7264/swagger/index.html - - -
2024-06-13 11:34:25.3589|INFO|Microsoft.AspNetCore.Hosting.Diagnostics|Request finished HTTP/2 GET https://localhost:7264/swagger/index.html - 200 - text/html;charset=utf-8 10.1213ms
2024-06-13 11:34:25.4079|INFO|Microsoft.AspNetCore.Hosting.Diagnostics|Request starting HTTP/2 GET https://localhost:7264/_framework/aspnetcore-browser-refresh.js - - -
2024-06-13 11:34:25.4079|INFO|Microsoft.AspNetCore.Hosting.Diagnostics|Request starting HTTP/2 GET https://localhost:7264/_vs/browserLink - - -
2024-06-13 11:34:25.4079|INFO|Microsoft.AspNetCore.Hosting.Diagnostics|Request finished HTTP/2 GET https://localhost:7264/_framework/aspnetcore-browser-refresh.js - 200 13758 application/javascript;+charset=utf-8 0.8616ms
2024-06-13 11:34:25.4243|INFO|Microsoft.AspNetCore.Hosting.Diagnostics|Request finished HTTP/2 GET https://localhost:7264/_vs/browserLink - 200 - text/javascript;+charset=UTF-8 16.2643ms
2024-06-13 11:34:25.5135|INFO|Microsoft.AspNetCore.Hosting.Diagnostics|Request starting HTTP/2 GET https://localhost:7264/swagger/v1/swagger.json - - -
2024-06-13 11:34:25.5328|INFO|Microsoft.AspNetCore.Hosting.Diagnostics|Request finished HTTP/2 GET https://localhost:7264/swagger/v1/swagger.json - 200 - application/json;charset=utf-8 19.1549ms
2024-06-13 11:34:42.6721|INFO|Microsoft.AspNetCore.Hosting.Diagnostics|Request starting HTTP/2 GET https://localhost:7264/api/policypurchase/allpurchases - - -
2024-06-13 11:34:42.6721|INFO|Microsoft.AspNetCore.Routing.EndpointMiddleware|Executing endpoint 'E_Insurance.Controllers.policypurchaseController.GetAllPurchases (E-Insurance)'
2024-06-13 11:34:42.6721|INFO|Microsoft.AspNetCore.Mvc.Infrastructure.ControllerActionInvoker|Route matched with {action = "GetAllPurchases", controller = "policypurchase"}. Executing controller action with signature System.Threading.Tasks.Task`1[Microsoft.AspNetCore.Mvc.IActionResult] GetAllPurchases() on controller E_Insurance.Controllers.policypurchaseController (E-Insurance).
2024-06-13 11:34:42.6971|INFO|RepositoryLayer.Service.CustomerPolicyPurchaseService|Retrieved all policies
2024-06-13 11:34:42.6971|INFO|Microsoft.AspNetCore.Mvc.Infrastructure.ObjectResultExecutor|Executing OkObjectResult, writing value of type 'Response.ResponseModel`1[[System.Collections.Generic.IEnumerable`1[[ModelLayer.Response.AllCustomerPolicyDetails, ModelLayer, Version=1.0.0.0, Culture=neutral, PublicKeyToken=null]], System.Private.CoreLib, Version=8.0.0.0, Culture=neutral, PublicKeyToken=7cec85d7bea7798e]]'.
2024-06-13 11:34:42.6971|INFO|Microsoft.AspNetCore.Mvc.Infrastructure.ControllerActionInvoker|Executed action E_Insurance.Controllers.policypurchaseController.GetAllPurchases (E-Insurance) in 20.0998ms
2024-06-13 11:34:42.6971|INFO|Microsoft.AspNetCore.Routing.EndpointMiddleware|Executed endpoint 'E_Insurance.Controllers.policypurchaseController.GetAllPurchases (E-Insurance)'
2024-06-13 11:34:42.6971|INFO|Microsoft.AspNetCore.Hosting.Diagnostics|Request finished HTTP/2 GET https://localhost:7264/api/policypurchase/allpurchases - 200 - application/json;+charset=utf-8 26.5401ms
2024-06-13 11:41:39.4571|INFO|Microsoft.AspNetCore.DataProtection.KeyManagement.XmlKeyManager|User profile is available. Using 'C:\Users\SHASHANK\AppData\Local\ASP.NET\DataProtection-Keys' as key repository and Windows DPAPI to encrypt keys at rest.
2024-06-13 11:41:39.6385|INFO|Microsoft.Hosting.Lifetime|Now listening on: https://localhost:7264
2024-06-13 11:41:39.6385|INFO|Microsoft.Hosting.Lifetime|Now listening on: http://localhost:5206
2024-06-13 11:41:39.6385|INFO|Microsoft.Hosting.Lifetime|Application started. Press Ctrl+C to shut down.
2024-06-13 11:41:39.6385|INFO|Microsoft.Hosting.Lifetime|Hosting environment: Development
2024-06-13 11:41:39.6385|INFO|Microsoft.Hosting.Lifetime|Content root path: C:\Users\SHASHANK\source\repos\E-Insurance\E-Insurance
2024-06-13 11:41:39.9007|INFO|Microsoft.AspNetCore.Hosting.Diagnostics|Request starting HTTP/2 GET https://localhost:7264/swagger/index.html - - -
2024-06-13 11:41:40.0617|INFO|Microsoft.AspNetCore.Hosting.Diagnostics|Request finished HTTP/2 GET https://localhost:7264/swagger/index.html - 200 - text/html;charset=utf-8 160.1038ms
2024-06-13 11:41:40.1004|INFO|Microsoft.AspNetCore.Hosting.Diagnostics|Request starting HTTP/2 GET https://localhost:7264/_vs/browserLink - - -
2024-06-13 11:41:40.1004|INFO|Microsoft.AspNetCore.Hosting.Diagnostics|Request starting HTTP/2 GET https://localhost:7264/_framework/aspnetcore-browser-refresh.js - - -
2024-06-13 11:41:40.1065|INFO|Microsoft.AspNetCore.Hosting.Diagnostics|Request finished HTTP/2 GET https://localhost:7264/_framework/aspnetcore-browser-refresh.js - 200 13758 application/javascript;+charset=utf-8 5.8125ms
2024-06-13 11:41:40.1339|INFO|Microsoft.AspNetCore.Hosting.Diagnostics|Request finished HTTP/2 GET https://localhost:7264/_vs/browserLink - 200 - text/javascript;+charset=UTF-8 33.4116ms
2024-06-13 11:41:40.4206|INFO|Microsoft.AspNetCore.Hosting.Diagnostics|Request starting HTTP/2 GET https://localhost:7264/swagger/v1/swagger.json - - -
2024-06-13 11:41:40.5319|INFO|Microsoft.AspNetCore.Hosting.Diagnostics|Request finished HTTP/2 GET https://localhost:7264/swagger/v1/swagger.json - 200 - application/json;charset=utf-8 111.2264ms
2024-06-13 11:41:54.7457|INFO|Microsoft.AspNetCore.Hosting.Diagnostics|Request starting HTTP/2 GET https://localhost:7264/api/policypurchase/allpurchases - - -
2024-06-13 11:41:54.7626|INFO|Microsoft.AspNetCore.Routing.EndpointMiddleware|Executing endpoint 'E_Insurance.Controllers.policypurchaseController.GetAllPurchases (E-Insurance)'
2024-06-13 11:41:54.7794|INFO|Microsoft.AspNetCore.Mvc.Infrastructure.ControllerActionInvoker|Route matched with {action = "GetAllPurchases", controller = "policypurchase"}. Executing controller action with signature System.Threading.Tasks.Task`1[Microsoft.AspNetCore.Mvc.IActionResult] GetAllPurchases() on controller E_Insurance.Controllers.policypurchaseController (E-Insurance).
2024-06-13 11:41:55.0654|INFO|RepositoryLayer.Service.CustomerPolicyPurchaseService|Retrieved all policies
2024-06-13 11:41:55.0654|INFO|Microsoft.AspNetCore.Mvc.Infrastructure.ObjectResultExecutor|Executing OkObjectResult, writing value of type 'Response.ResponseModel`1[[System.Collections.Generic.IEnumerable`1[[ModelLayer.Response.AllCustomerPolicyDetails, ModelLayer, Version=1.0.0.0, Culture=neutral, PublicKeyToken=null]], System.Private.CoreLib, Version=8.0.0.0, Culture=neutral, PublicKeyToken=7cec85d7bea7798e]]'.
2024-06-13 11:41:55.0913|INFO|Microsoft.AspNetCore.Mvc.Infrastructure.ControllerActionInvoker|Executed action E_Insurance.Controllers.policypurchaseController.GetAllPurchases (E-Insurance) in 306.1673ms
2024-06-13 11:41:55.0913|INFO|Microsoft.AspNetCore.Routing.EndpointMiddleware|Executed endpoint 'E_Insurance.Controllers.policypurchaseController.GetAllPurchases (E-Insurance)'
2024-06-13 11:41:55.0924|INFO|Microsoft.AspNetCore.Hosting.Diagnostics|Request finished HTTP/2 GET https://localhost:7264/api/policypurchase/allpurchases - 200 - application/json;+charset=utf-8 346.6446ms
