2024-06-10 00:18:48.0188|INFO|Microsoft.AspNetCore.Hosting.Diagnostics|Request starting HTTP/2 POST https://localhost:7264/api/AgentCommission/commission - application/json 60
2024-06-10 00:18:48.0365|INFO|Microsoft.AspNetCore.Routing.EndpointMiddleware|Executing endpoint 'E_Insurance.Controllers.AgentCommissionController.CalculateCommission (E-Insurance)'
2024-06-10 00:18:48.0365|INFO|Microsoft.AspNetCore.Mvc.Infrastructure.ControllerActionInvoker|Route matched with {action = "CalculateCommission", controller = "AgentCommission"}. Executing controller action with signature System.Threading.Tasks.Task`1[Microsoft.AspNetCore.Mvc.IActionResult] CalculateCommission(ModelLayer.RequestDTO.CommissionCalculationRequest) on controller E_Insurance.Controllers.AgentCommissionController (E-Insurance).
2024-06-10 00:18:48.0463|ERROR|RepositoryLayer.Service.AgentCommisionService|Error calculating commission|System.Data.SqlClient.SqlException (0x80131904): Cannot insert the value NULL into column 'CommissionRate', table 'E_Insurance.dbo.Commissions'; column does not allow nulls. INSERT fails.
The statement has been terminated.
   at System.Data.SqlClient.SqlCommand.<>c.<ExecuteDbDataReaderAsync>b__126_0(Task`1 result)
   at System.Threading.Tasks.ContinuationResultTaskFromResultTask`2.InnerInvoke()
   at System.Threading.ExecutionContext.RunInternal(ExecutionContext executionContext, ContextCallback callback, Object state)
--- End of stack trace from previous location ---
   at System.Threading.ExecutionContext.RunInternal(ExecutionContext executionContext, ContextCallback callback, Object state)
   at System.Threading.Tasks.Task.ExecuteWithThreadLocal(Task& currentTaskSlot, Thread threadPoolThread)
--- End of stack trace from previous location ---
   at Dapper.SqlMapper.QueryAsync[T](IDbConnection cnn, Type effectiveType, CommandDefinition command) in /_/Dapper/SqlMapper.Async.cs:line 434
   at RepositoryLayer.Service.AgentCommisionService.CalculateCommission(Int32 agentId, Int32 policyId, Decimal premiumAmount) in D:\C#\WebApi\Ensurance\RepositoryLayer\Service\AgentCommisionService.cs:line 145
ClientConnectionId:dcd671c9-5a72-4c43-9963-6ad85815dce7
Error Number:515,State:2,Class:16
2024-06-10 00:18:48.0463|ERROR|E_Insurance.Controllers.AgentCommissionController|   at RepositoryLayer.Service.AgentCommisionService.CalculateCommission(Int32 agentId, Int32 policyId, Decimal premiumAmount) in D:\C#\WebApi\Ensurance\RepositoryLayer\Service\AgentCommisionService.cs:line 164
   at E_Insurance.Controllers.AgentCommissionController.CalculateCommission(CommissionCalculationRequest request) in D:\C#\WebApi\Ensurance\E-Insurance\Controllers\AgentCommissionController.cs:line 171
2024-06-10 00:18:48.0463|INFO|Microsoft.AspNetCore.Mvc.Infrastructure.ObjectResultExecutor|Executing ObjectResult, writing value of type 'Response.ResponseModel`1[[System.String, System.Private.CoreLib, Version=8.0.0.0, Culture=neutral, PublicKeyToken=7cec85d7bea7798e]]'.
2024-06-10 00:18:48.0463|INFO|Microsoft.AspNetCore.Mvc.Infrastructure.ControllerActionInvoker|Executed action E_Insurance.Controllers.AgentCommissionController.CalculateCommission (E-Insurance) in 10.4837ms
2024-06-10 00:18:48.0463|INFO|Microsoft.AspNetCore.Routing.EndpointMiddleware|Executed endpoint 'E_Insurance.Controllers.AgentCommissionController.CalculateCommission (E-Insurance)'
2024-06-10 00:18:48.0463|INFO|Microsoft.AspNetCore.Hosting.Diagnostics|Request finished HTTP/2 POST https://localhost:7264/api/AgentCommission/commission - 500 - application/json;+charset=utf-8 28.9583ms
2024-06-10 00:20:14.6210|INFO|Microsoft.AspNetCore.Hosting.Diagnostics|Request starting HTTP/2 POST https://localhost:7264/api/AgentCommission/commission - application/json 60
2024-06-10 00:20:14.6210|INFO|Microsoft.AspNetCore.Routing.EndpointMiddleware|Executing endpoint 'E_Insurance.Controllers.AgentCommissionController.CalculateCommission (E-Insurance)'
2024-06-10 00:20:14.6210|INFO|Microsoft.AspNetCore.Mvc.Infrastructure.ControllerActionInvoker|Route matched with {action = "CalculateCommission", controller = "AgentCommission"}. Executing controller action with signature System.Threading.Tasks.Task`1[Microsoft.AspNetCore.Mvc.IActionResult] CalculateCommission(ModelLayer.RequestDTO.CommissionCalculationRequest) on controller E_Insurance.Controllers.AgentCommissionController (E-Insurance).
2024-06-10 00:20:14.6368|ERROR|RepositoryLayer.Service.AgentCommisionService|Error calculating commission|System.Data.SqlClient.SqlException (0x80131904): Cannot insert the value NULL into column 'CommissionRate', table 'E_Insurance.dbo.Commissions'; column does not allow nulls. INSERT fails.
The statement has been terminated.
   at System.Data.SqlClient.SqlCommand.<>c.<ExecuteDbDataReaderAsync>b__126_0(Task`1 result)
   at System.Threading.Tasks.ContinuationResultTaskFromResultTask`2.InnerInvoke()
   at System.Threading.ExecutionContext.RunInternal(ExecutionContext executionContext, ContextCallback callback, Object state)
--- End of stack trace from previous location ---
   at System.Threading.ExecutionContext.RunInternal(ExecutionContext executionContext, ContextCallback callback, Object state)
   at System.Threading.Tasks.Task.ExecuteWithThreadLocal(Task& currentTaskSlot, Thread threadPoolThread)
--- End of stack trace from previous location ---
   at Dapper.SqlMapper.QueryAsync[T](IDbConnection cnn, Type effectiveType, CommandDefinition command) in /_/Dapper/SqlMapper.Async.cs:line 434
   at RepositoryLayer.Service.AgentCommisionService.CalculateCommission(Int32 agentId, Int32 policyId, Decimal premiumAmount) in D:\C#\WebApi\Ensurance\RepositoryLayer\Service\AgentCommisionService.cs:line 145
ClientConnectionId:dcd671c9-5a72-4c43-9963-6ad85815dce7
Error Number:515,State:2,Class:16
2024-06-10 00:20:14.6368|ERROR|E_Insurance.Controllers.AgentCommissionController|   at RepositoryLayer.Service.AgentCommisionService.CalculateCommission(Int32 agentId, Int32 policyId, Decimal premiumAmount) in D:\C#\WebApi\Ensurance\RepositoryLayer\Service\AgentCommisionService.cs:line 164
   at E_Insurance.Controllers.AgentCommissionController.CalculateCommission(CommissionCalculationRequest request) in D:\C#\WebApi\Ensurance\E-Insurance\Controllers\AgentCommissionController.cs:line 171
2024-06-10 00:20:14.6368|INFO|Microsoft.AspNetCore.Mvc.Infrastructure.ObjectResultExecutor|Executing ObjectResult, writing value of type 'Response.ResponseModel`1[[System.String, System.Private.CoreLib, Version=8.0.0.0, Culture=neutral, PublicKeyToken=7cec85d7bea7798e]]'.
2024-06-10 00:20:14.6368|INFO|Microsoft.AspNetCore.Mvc.Infrastructure.ControllerActionInvoker|Executed action E_Insurance.Controllers.AgentCommissionController.CalculateCommission (E-Insurance) in 11.3534ms
2024-06-10 00:20:14.6368|INFO|Microsoft.AspNetCore.Routing.EndpointMiddleware|Executed endpoint 'E_Insurance.Controllers.AgentCommissionController.CalculateCommission (E-Insurance)'
2024-06-10 00:20:14.6368|INFO|Microsoft.AspNetCore.Hosting.Diagnostics|Request finished HTTP/2 POST https://localhost:7264/api/AgentCommission/commission - 500 - application/json;+charset=utf-8 17.0932ms
2024-06-10 00:22:16.8369|INFO|Microsoft.AspNetCore.DataProtection.KeyManagement.XmlKeyManager|User profile is available. Using 'C:\Users\MICROSOFT\AppData\Local\ASP.NET\DataProtection-Keys' as key repository and Windows DPAPI to encrypt keys at rest.
2024-06-10 00:22:16.9871|INFO|Microsoft.Hosting.Lifetime|Now listening on: https://localhost:7264
2024-06-10 00:22:16.9871|INFO|Microsoft.Hosting.Lifetime|Now listening on: http://localhost:5206
2024-06-10 00:22:16.9871|INFO|Microsoft.Hosting.Lifetime|Application started. Press Ctrl+C to shut down.
2024-06-10 00:22:16.9871|INFO|Microsoft.Hosting.Lifetime|Hosting environment: Development
2024-06-10 00:22:16.9871|INFO|Microsoft.Hosting.Lifetime|Content root path: D:\C#\WebApi\Ensurance\E-Insurance
2024-06-10 00:22:29.8859|INFO|Microsoft.AspNetCore.Hosting.Diagnostics|Request starting HTTP/2 GET https://localhost:7264/swagger/index.html - - -
2024-06-10 00:22:30.0709|INFO|Microsoft.AspNetCore.Hosting.Diagnostics|Request finished HTTP/2 GET https://localhost:7264/swagger/index.html - 200 - text/html;charset=utf-8 184.0516ms
2024-06-10 00:22:30.0709|INFO|Microsoft.AspNetCore.Hosting.Diagnostics|Request starting HTTP/2 GET https://localhost:7264/_framework/aspnetcore-browser-refresh.js - - -
2024-06-10 00:22:30.0709|INFO|Microsoft.AspNetCore.Hosting.Diagnostics|Request finished HTTP/2 GET https://localhost:7264/_framework/aspnetcore-browser-refresh.js - 200 13758 application/javascript;+charset=utf-8 4.0813ms
2024-06-10 00:22:30.0852|INFO|Microsoft.AspNetCore.Hosting.Diagnostics|Request starting HTTP/2 GET https://localhost:7264/_vs/browserLink - - -
2024-06-10 00:22:30.1105|INFO|Microsoft.AspNetCore.Hosting.Diagnostics|Request finished HTTP/2 GET https://localhost:7264/_vs/browserLink - 200 - text/javascript;+charset=UTF-8 25.3007ms
2024-06-10 00:22:30.1741|INFO|Microsoft.AspNetCore.Hosting.Diagnostics|Request starting HTTP/2 GET https://localhost:7264/swagger/v1/swagger.json - - -
2024-06-10 00:22:30.2613|INFO|Microsoft.AspNetCore.Hosting.Diagnostics|Request finished HTTP/2 GET https://localhost:7264/swagger/v1/swagger.json - 200 - application/json;charset=utf-8 87.1294ms
2024-06-10 00:22:47.9593|INFO|Microsoft.AspNetCore.Hosting.Diagnostics|Request starting HTTP/2 POST https://localhost:7264/api/AgentCommission/commission - application/json 60
2024-06-10 00:22:47.9862|INFO|Microsoft.AspNetCore.Routing.EndpointMiddleware|Executing endpoint 'E_Insurance.Controllers.AgentCommissionController.CalculateCommission (E-Insurance)'
2024-06-10 00:22:48.0089|INFO|Microsoft.AspNetCore.Mvc.Infrastructure.ControllerActionInvoker|Route matched with {action = "CalculateCommission", controller = "AgentCommission"}. Executing controller action with signature System.Threading.Tasks.Task`1[Microsoft.AspNetCore.Mvc.IActionResult] CalculateCommission(ModelLayer.RequestDTO.CommissionCalculationRequest) on controller E_Insurance.Controllers.AgentCommissionController (E-Insurance).
2024-06-10 00:22:48.2412|ERROR|RepositoryLayer.Service.AgentCommisionService|Error calculating commission|System.Data.SqlClient.SqlException (0x80131904): Cannot insert the value NULL into column 'CommissionRate', table 'E_Insurance.dbo.Commissions'; column does not allow nulls. INSERT fails.
The statement has been terminated.
   at System.Data.SqlClient.SqlCommand.<>c.<ExecuteDbDataReaderAsync>b__126_0(Task`1 result)
   at System.Threading.Tasks.ContinuationResultTaskFromResultTask`2.InnerInvoke()
   at System.Threading.ExecutionContext.RunInternal(ExecutionContext executionContext, ContextCallback callback, Object state)
--- End of stack trace from previous location ---
   at System.Threading.ExecutionContext.RunInternal(ExecutionContext executionContext, ContextCallback callback, Object state)
   at System.Threading.Tasks.Task.ExecuteWithThreadLocal(Task& currentTaskSlot, Thread threadPoolThread)
--- End of stack trace from previous location ---
   at Dapper.SqlMapper.QueryAsync[T](IDbConnection cnn, Type effectiveType, CommandDefinition command) in /_/Dapper/SqlMapper.Async.cs:line 434
   at RepositoryLayer.Service.AgentCommisionService.CalculateCommission(Int32 agentId, Int32 policyId, Decimal premiumAmount) in D:\C#\WebApi\Ensurance\RepositoryLayer\Service\AgentCommisionService.cs:line 145
ClientConnectionId:a5922420-dfcc-4183-9768-ae70b1f70d88
Error Number:515,State:2,Class:16
2024-06-10 00:22:48.2708|ERROR|E_Insurance.Controllers.AgentCommissionController|   at RepositoryLayer.Service.AgentCommisionService.CalculateCommission(Int32 agentId, Int32 policyId, Decimal premiumAmount) in D:\C#\WebApi\Ensurance\RepositoryLayer\Service\AgentCommisionService.cs:line 164
   at E_Insurance.Controllers.AgentCommissionController.CalculateCommission(CommissionCalculationRequest request) in D:\C#\WebApi\Ensurance\E-Insurance\Controllers\AgentCommissionController.cs:line 171
2024-06-10 00:22:48.2778|INFO|Microsoft.AspNetCore.Mvc.Infrastructure.ObjectResultExecutor|Executing ObjectResult, writing value of type 'Response.ResponseModel`1[[System.String, System.Private.CoreLib, Version=8.0.0.0, Culture=neutral, PublicKeyToken=7cec85d7bea7798e]]'.
2024-06-10 00:22:48.2778|INFO|Microsoft.AspNetCore.Mvc.Infrastructure.ControllerActionInvoker|Executed action E_Insurance.Controllers.AgentCommissionController.CalculateCommission (E-Insurance) in 271.8629ms
2024-06-10 00:22:48.2778|INFO|Microsoft.AspNetCore.Routing.EndpointMiddleware|Executed endpoint 'E_Insurance.Controllers.AgentCommissionController.CalculateCommission (E-Insurance)'
2024-06-10 00:22:48.2886|INFO|Microsoft.AspNetCore.Hosting.Diagnostics|Request finished HTTP/2 POST https://localhost:7264/api/AgentCommission/commission - 500 - application/json;+charset=utf-8 329.3102ms
2024-06-10 00:24:01.1806|INFO|Microsoft.AspNetCore.DataProtection.KeyManagement.XmlKeyManager|User profile is available. Using 'C:\Users\MICROSOFT\AppData\Local\ASP.NET\DataProtection-Keys' as key repository and Windows DPAPI to encrypt keys at rest.
2024-06-10 00:24:01.3023|INFO|Microsoft.Hosting.Lifetime|Now listening on: https://localhost:7264
2024-06-10 00:24:01.3023|INFO|Microsoft.Hosting.Lifetime|Now listening on: http://localhost:5206
2024-06-10 00:24:01.3046|INFO|Microsoft.Hosting.Lifetime|Application started. Press Ctrl+C to shut down.
2024-06-10 00:24:01.3046|INFO|Microsoft.Hosting.Lifetime|Hosting environment: Development
2024-06-10 00:24:01.3046|INFO|Microsoft.Hosting.Lifetime|Content root path: D:\C#\WebApi\Ensurance\E-Insurance
2024-06-10 00:24:03.5403|INFO|Microsoft.AspNetCore.Hosting.Diagnostics|Request starting HTTP/2 GET https://localhost:7264/swagger/index.html - - -
2024-06-10 00:24:03.7244|INFO|Microsoft.AspNetCore.Hosting.Diagnostics|Request finished HTTP/2 GET https://localhost:7264/swagger/index.html - 200 - text/html;charset=utf-8 182.5659ms
2024-06-10 00:24:03.7341|INFO|Microsoft.AspNetCore.Hosting.Diagnostics|Request starting HTTP/2 GET https://localhost:7264/_framework/aspnetcore-browser-refresh.js - - -
2024-06-10 00:24:03.7341|INFO|Microsoft.AspNetCore.Hosting.Diagnostics|Request finished HTTP/2 GET https://localhost:7264/_framework/aspnetcore-browser-refresh.js - 200 13758 application/javascript;+charset=utf-8 3.9725ms
2024-06-10 00:24:03.7341|INFO|Microsoft.AspNetCore.Hosting.Diagnostics|Request starting HTTP/2 GET https://localhost:7264/_vs/browserLink - - -
2024-06-10 00:24:03.7749|INFO|Microsoft.AspNetCore.Hosting.Diagnostics|Request finished HTTP/2 GET https://localhost:7264/_vs/browserLink - 200 - text/javascript;+charset=UTF-8 34.6939ms
2024-06-10 00:24:03.8517|INFO|Microsoft.AspNetCore.Hosting.Diagnostics|Request starting HTTP/2 GET https://localhost:7264/swagger/v1/swagger.json - - -
2024-06-10 00:24:03.9593|INFO|Microsoft.AspNetCore.Hosting.Diagnostics|Request finished HTTP/2 GET https://localhost:7264/swagger/v1/swagger.json - 200 - application/json;charset=utf-8 107.6029ms
2024-06-10 00:24:21.0488|INFO|Microsoft.AspNetCore.Hosting.Diagnostics|Request starting HTTP/2 GET https://localhost:7264/api/AgentCommission/agentid?agentId=1 - - -
2024-06-10 00:24:21.0729|INFO|Microsoft.AspNetCore.Routing.EndpointMiddleware|Executing endpoint 'E_Insurance.Controllers.AgentCommissionController.ViewCommissions (E-Insurance)'
2024-06-10 00:24:21.0954|INFO|Microsoft.AspNetCore.Mvc.Infrastructure.ControllerActionInvoker|Route matched with {action = "ViewCommissions", controller = "AgentCommission"}. Executing controller action with signature System.Threading.Tasks.Task`1[Microsoft.AspNetCore.Mvc.IActionResult] ViewCommissions(Int32) on controller E_Insurance.Controllers.AgentCommissionController (E-Insurance).
2024-06-10 00:24:21.3167|INFO|RepositoryLayer.Service.AgentCommisionService|Commissions viewed for AgentId: 1
2024-06-10 00:24:21.3243|INFO|Microsoft.AspNetCore.Mvc.Infrastructure.ObjectResultExecutor|Executing OkObjectResult, writing value of type 'Response.ResponseModel`1[[System.Collections.Generic.IEnumerable`1[[ModelLayer.Entity.Commision, ModelLayer, Version=1.0.0.0, Culture=neutral, PublicKeyToken=null]], System.Private.CoreLib, Version=8.0.0.0, Culture=neutral, PublicKeyToken=7cec85d7bea7798e]]'.
2024-06-10 00:24:21.3408|INFO|Microsoft.AspNetCore.Mvc.Infrastructure.ControllerActionInvoker|Executed action E_Insurance.Controllers.AgentCommissionController.ViewCommissions (E-Insurance) in 238.7189ms
2024-06-10 00:24:21.3408|INFO|Microsoft.AspNetCore.Routing.EndpointMiddleware|Executed endpoint 'E_Insurance.Controllers.AgentCommissionController.ViewCommissions (E-Insurance)'
2024-06-10 00:24:21.3408|INFO|Microsoft.AspNetCore.Hosting.Diagnostics|Request finished HTTP/2 GET https://localhost:7264/api/AgentCommission/agentid?agentId=1 - 200 - application/json;+charset=utf-8 293.3920ms
2024-06-10 00:24:37.0385|INFO|Microsoft.AspNetCore.Hosting.Diagnostics|Request starting HTTP/2 POST https://localhost:7264/api/AgentCommission/pay/1 - - 0
2024-06-10 00:24:37.0385|INFO|Microsoft.AspNetCore.Routing.EndpointMiddleware|Executing endpoint 'E_Insurance.Controllers.AgentCommissionController.PayCommission (E-Insurance)'
2024-06-10 00:24:37.0385|INFO|Microsoft.AspNetCore.Mvc.Infrastructure.ControllerActionInvoker|Route matched with {action = "PayCommission", controller = "AgentCommission"}. Executing controller action with signature System.Threading.Tasks.Task`1[Microsoft.AspNetCore.Mvc.IActionResult] PayCommission(Int32) on controller E_Insurance.Controllers.AgentCommissionController (E-Insurance).
2024-06-10 00:24:37.0711|ERROR|RepositoryLayer.Service.AgentCommisionService|Error paying commission|System.Data.SqlClient.SqlException (0x80131904): Cannot insert the value NULL into column 'Amount', table 'E_Insurance.dbo.CommissionPayments'; column does not allow nulls. INSERT fails.
The statement has been terminated.
   at System.Data.SqlClient.SqlConnection.OnError(SqlException exception, Boolean breakConnection, Action`1 wrapCloseInAction)
   at System.Data.SqlClient.SqlInternalConnection.OnError(SqlException exception, Boolean breakConnection, Action`1 wrapCloseInAction)
   at System.Data.SqlClient.TdsParser.ThrowExceptionAndWarning(TdsParserStateObject stateObj, Boolean callerHasConnectionLock, Boolean asyncClose)
   at System.Data.SqlClient.TdsParser.TryRun(RunBehavior runBehavior, SqlCommand cmdHandler, SqlDataReader dataStream, BulkCopySimpleResultSet bulkCopyHandler, TdsParserStateObject stateObj, Boolean& dataReady)
   at System.Data.SqlClient.SqlCommand.FinishExecuteReader(SqlDataReader ds, RunBehavior runBehavior, String resetOptionsString)
   at System.Data.SqlClient.SqlCommand.CompleteAsyncExecuteReader()
   at System.Data.SqlClient.SqlCommand.EndExecuteNonQueryInternal(IAsyncResult asyncResult)
   at System.Data.SqlClient.SqlCommand.EndExecuteNonQuery(IAsyncResult asyncResult)
   at System.Threading.Tasks.TaskFactory`1.FromAsyncCoreLogic(IAsyncResult iar, Func`2 endFunction, Action`1 endAction, Task`1 promise, Boolean requiresSynchronization)
--- End of stack trace from previous location ---
   at Dapper.SqlMapper.ExecuteImplAsync(IDbConnection cnn, CommandDefinition command, Object param) in /_/Dapper/SqlMapper.Async.cs:line 662
   at RepositoryLayer.Service.AgentCommisionService.PayCommission(Int32 agentId) in D:\C#\WebApi\Ensurance\RepositoryLayer\Service\AgentCommisionService.cs:line 199
ClientConnectionId:be1fd7d1-a33b-4f88-98d5-80e08b8c06f2
Error Number:515,State:2,Class:16
2024-06-10 00:24:37.0875|ERROR|E_Insurance.Controllers.AgentCommissionController|Error paying commission|System.Data.SqlClient.SqlException (0x80131904): Cannot insert the value NULL into column 'Amount', table 'E_Insurance.dbo.CommissionPayments'; column does not allow nulls. INSERT fails.
The statement has been terminated.
   at System.Data.SqlClient.SqlConnection.OnError(SqlException exception, Boolean breakConnection, Action`1 wrapCloseInAction)
   at System.Data.SqlClient.SqlInternalConnection.OnError(SqlException exception, Boolean breakConnection, Action`1 wrapCloseInAction)
   at System.Data.SqlClient.TdsParser.ThrowExceptionAndWarning(TdsParserStateObject stateObj, Boolean callerHasConnectionLock, Boolean asyncClose)
   at System.Data.SqlClient.TdsParser.TryRun(RunBehavior runBehavior, SqlCommand cmdHandler, SqlDataReader dataStream, BulkCopySimpleResultSet bulkCopyHandler, TdsParserStateObject stateObj, Boolean& dataReady)
   at System.Data.SqlClient.SqlCommand.FinishExecuteReader(SqlDataReader ds, RunBehavior runBehavior, String resetOptionsString)
   at System.Data.SqlClient.SqlCommand.CompleteAsyncExecuteReader()
   at System.Data.SqlClient.SqlCommand.EndExecuteNonQueryInternal(IAsyncResult asyncResult)
   at System.Data.SqlClient.SqlCommand.EndExecuteNonQuery(IAsyncResult asyncResult)
   at System.Threading.Tasks.TaskFactory`1.FromAsyncCoreLogic(IAsyncResult iar, Func`2 endFunction, Action`1 endAction, Task`1 promise, Boolean requiresSynchronization)
--- End of stack trace from previous location ---
   at Dapper.SqlMapper.ExecuteImplAsync(IDbConnection cnn, CommandDefinition command, Object param) in /_/Dapper/SqlMapper.Async.cs:line 662
   at RepositoryLayer.Service.AgentCommisionService.PayCommission(Int32 agentId) in D:\C#\WebApi\Ensurance\RepositoryLayer\Service\AgentCommisionService.cs:line 199
   at BusinessLayer.Service.AgentCommissionBL.PayCommission(Int32 agentId) in D:\C#\WebApi\Ensurance\BusinessLayer\Service\AgentCommissionBL.cs:line 35
   at E_Insurance.Controllers.AgentCommissionController.PayCommission(Int32 agentId) in D:\C#\WebApi\Ensurance\E-Insurance\Controllers\AgentCommissionController.cs:line 113
ClientConnectionId:be1fd7d1-a33b-4f88-98d5-80e08b8c06f2
Error Number:515,State:2,Class:16
2024-06-10 00:24:37.1031|INFO|Microsoft.AspNetCore.Mvc.Infrastructure.ObjectResultExecutor|Executing ObjectResult, writing value of type 'Response.ResponseModel`1[[System.String, System.Private.CoreLib, Version=8.0.0.0, Culture=neutral, PublicKeyToken=7cec85d7bea7798e]]'.
2024-06-10 00:24:37.1031|INFO|Microsoft.AspNetCore.Mvc.Infrastructure.ControllerActionInvoker|Executed action E_Insurance.Controllers.AgentCommissionController.PayCommission (E-Insurance) in 58.3641ms
2024-06-10 00:24:37.1031|INFO|Microsoft.AspNetCore.Routing.EndpointMiddleware|Executed endpoint 'E_Insurance.Controllers.AgentCommissionController.PayCommission (E-Insurance)'
2024-06-10 00:24:37.1031|INFO|Microsoft.AspNetCore.Hosting.Diagnostics|Request finished HTTP/2 POST https://localhost:7264/api/AgentCommission/pay/1 - 500 - application/json;+charset=utf-8 66.2988ms
2024-06-10 00:26:36.6384|INFO|Microsoft.AspNetCore.DataProtection.KeyManagement.XmlKeyManager|User profile is available. Using 'C:\Users\MICROSOFT\AppData\Local\ASP.NET\DataProtection-Keys' as key repository and Windows DPAPI to encrypt keys at rest.
2024-06-10 00:26:36.7682|INFO|Microsoft.Hosting.Lifetime|Now listening on: https://localhost:7264
2024-06-10 00:26:36.7682|INFO|Microsoft.Hosting.Lifetime|Now listening on: http://localhost:5206
2024-06-10 00:26:36.7682|INFO|Microsoft.Hosting.Lifetime|Application started. Press Ctrl+C to shut down.
2024-06-10 00:26:36.7682|INFO|Microsoft.Hosting.Lifetime|Hosting environment: Development
2024-06-10 00:26:36.7682|INFO|Microsoft.Hosting.Lifetime|Content root path: D:\C#\WebApi\Ensurance\E-Insurance
2024-06-10 00:26:37.0994|INFO|Microsoft.AspNetCore.Hosting.Diagnostics|Request starting HTTP/2 GET https://localhost:7264/swagger/index.html - - -
2024-06-10 00:26:37.2786|INFO|Microsoft.AspNetCore.Hosting.Diagnostics|Request finished HTTP/2 GET https://localhost:7264/swagger/index.html - 200 - text/html;charset=utf-8 177.9960ms
2024-06-10 00:26:37.2904|INFO|Microsoft.AspNetCore.Hosting.Diagnostics|Request starting HTTP/2 GET https://localhost:7264/_framework/aspnetcore-browser-refresh.js - - -
2024-06-10 00:26:37.2904|INFO|Microsoft.AspNetCore.Hosting.Diagnostics|Request finished HTTP/2 GET https://localhost:7264/_framework/aspnetcore-browser-refresh.js - 200 13758 application/javascript;+charset=utf-8 3.2930ms
2024-06-10 00:26:37.2904|INFO|Microsoft.AspNetCore.Hosting.Diagnostics|Request starting HTTP/2 GET https://localhost:7264/_vs/browserLink - - -
2024-06-10 00:26:37.3253|INFO|Microsoft.AspNetCore.Hosting.Diagnostics|Request finished HTTP/2 GET https://localhost:7264/_vs/browserLink - 200 - text/javascript;+charset=UTF-8 25.6014ms
2024-06-10 00:26:37.4518|INFO|Microsoft.AspNetCore.Hosting.Diagnostics|Request starting HTTP/2 GET https://localhost:7264/swagger/v1/swagger.json - - -
2024-06-10 00:26:37.5582|INFO|Microsoft.AspNetCore.Hosting.Diagnostics|Request finished HTTP/2 GET https://localhost:7264/swagger/v1/swagger.json - 200 - application/json;charset=utf-8 106.4038ms
2024-06-10 00:26:38.3357|INFO|Microsoft.AspNetCore.Hosting.Diagnostics|Request starting HTTP/2 GET https://localhost:7264/swagger/index.html - - -
2024-06-10 00:26:38.3357|INFO|Microsoft.AspNetCore.Hosting.Diagnostics|Request finished HTTP/2 GET https://localhost:7264/swagger/index.html - 200 - text/html;charset=utf-8 6.1776ms
2024-06-10 00:26:38.3594|INFO|Microsoft.AspNetCore.Hosting.Diagnostics|Request starting HTTP/2 GET https://localhost:7264/_framework/aspnetcore-browser-refresh.js - - -
2024-06-10 00:26:38.3594|INFO|Microsoft.AspNetCore.Hosting.Diagnostics|Request starting HTTP/2 GET https://localhost:7264/_vs/browserLink - - -
2024-06-10 00:26:38.3594|INFO|Microsoft.AspNetCore.Hosting.Diagnostics|Request finished HTTP/2 GET https://localhost:7264/_framework/aspnetcore-browser-refresh.js - 200 13758 application/javascript;+charset=utf-8 0.8190ms
2024-06-10 00:26:38.3764|INFO|Microsoft.AspNetCore.Hosting.Diagnostics|Request finished HTTP/2 GET https://localhost:7264/_vs/browserLink - 200 - text/javascript;+charset=UTF-8 16.5723ms
2024-06-10 00:26:38.5402|INFO|Microsoft.AspNetCore.Hosting.Diagnostics|Request starting HTTP/2 GET https://localhost:7264/swagger/v1/swagger.json - - -
2024-06-10 00:26:38.5402|INFO|Microsoft.AspNetCore.Hosting.Diagnostics|Request finished HTTP/2 GET https://localhost:7264/swagger/v1/swagger.json - 200 - application/json;charset=utf-8 12.2754ms
2024-06-10 00:26:39.9286|INFO|Microsoft.AspNetCore.Hosting.Diagnostics|Request starting HTTP/2 GET https://localhost:7264/swagger/index.html - - -
2024-06-10 00:26:39.9310|INFO|Microsoft.AspNetCore.Hosting.Diagnostics|Request finished HTTP/2 GET https://localhost:7264/swagger/index.html - 200 - text/html;charset=utf-8 2.3899ms
2024-06-10 00:26:39.9492|INFO|Microsoft.AspNetCore.Hosting.Diagnostics|Request starting HTTP/2 GET https://localhost:7264/_framework/aspnetcore-browser-refresh.js - - -
2024-06-10 00:26:39.9492|INFO|Microsoft.AspNetCore.Hosting.Diagnostics|Request starting HTTP/2 GET https://localhost:7264/_vs/browserLink - - -
2024-06-10 00:26:39.9492|INFO|Microsoft.AspNetCore.Hosting.Diagnostics|Request finished HTTP/2 GET https://localhost:7264/_framework/aspnetcore-browser-refresh.js - 200 13758 application/javascript;+charset=utf-8 0.4972ms
2024-06-10 00:26:39.9615|INFO|Microsoft.AspNetCore.Hosting.Diagnostics|Request finished HTTP/2 GET https://localhost:7264/_vs/browserLink - 200 - text/javascript;+charset=UTF-8 12.2049ms
2024-06-10 00:26:40.1035|INFO|Microsoft.AspNetCore.Hosting.Diagnostics|Request starting HTTP/2 GET https://localhost:7264/swagger/v1/swagger.json - - -
2024-06-10 00:26:40.1035|INFO|Microsoft.AspNetCore.Hosting.Diagnostics|Request finished HTTP/2 GET https://localhost:7264/swagger/v1/swagger.json - 200 - application/json;charset=utf-8 6.9799ms
2024-06-10 00:26:52.9009|INFO|Microsoft.AspNetCore.Hosting.Diagnostics|Request starting HTTP/2 GET https://localhost:7264/api/AgentCommission/agentid?agentId=1 - - -
2024-06-10 00:26:52.9378|INFO|Microsoft.AspNetCore.Routing.EndpointMiddleware|Executing endpoint 'E_Insurance.Controllers.AgentCommissionController.ViewCommissions (E-Insurance)'
2024-06-10 00:26:52.9608|INFO|Microsoft.AspNetCore.Mvc.Infrastructure.ControllerActionInvoker|Route matched with {action = "ViewCommissions", controller = "AgentCommission"}. Executing controller action with signature System.Threading.Tasks.Task`1[Microsoft.AspNetCore.Mvc.IActionResult] ViewCommissions(Int32) on controller E_Insurance.Controllers.AgentCommissionController (E-Insurance).
2024-06-10 00:26:53.0033|INFO|Microsoft.AspNetCore.Mvc.Infrastructure.ControllerActionInvoker|Executed action E_Insurance.Controllers.AgentCommissionController.ViewCommissions (E-Insurance) in 29.5136ms
2024-06-10 00:26:53.0033|INFO|Microsoft.AspNetCore.Routing.EndpointMiddleware|Executed endpoint 'E_Insurance.Controllers.AgentCommissionController.ViewCommissions (E-Insurance)'
2024-06-10 00:26:53.0103|ERROR|Microsoft.AspNetCore.Diagnostics.DeveloperExceptionPageMiddleware|An unhandled exception has occurred while executing the request.|System.ArgumentNullException: Value cannot be null. (Parameter 'configuration')
   at StackExchange.Redis.ConfigurationOptions.DoParse(String configuration, Boolean ignoreUnknown) in /_/src/StackExchange.Redis/ConfigurationOptions.cs:line 912
   at StackExchange.Redis.ConfigurationOptions.Parse(String configuration, Boolean ignoreUnknown) in /_/src/StackExchange.Redis/ConfigurationOptions.cs:line 718
   at StackExchange.Redis.ConfigurationOptions.Parse(String configuration) in /_/src/StackExchange.Redis/ConfigurationOptions.cs:line 708
   at StackExchange.Redis.ConnectionMultiplexer.Connect(String configuration, TextWriter log) in /_/src/StackExchange.Redis/ConnectionMultiplexer.cs:line 663
   at Program.<>c.<<Main>$>b__0_0(IServiceProvider provider) in D:\C#\WebApi\Ensurance\E-Insurance\Program.cs:line 207
   at Microsoft.Extensions.DependencyInjection.ServiceLookup.CallSiteRuntimeResolver.VisitRootCache(ServiceCallSite callSite, RuntimeResolverContext context)
   at Microsoft.Extensions.DependencyInjection.ServiceLookup.CallSiteVisitor`2.VisitCallSite(ServiceCallSite callSite, TArgument argument)
   at Microsoft.Extensions.DependencyInjection.ServiceLookup.CallSiteRuntimeResolver.VisitConstructor(ConstructorCallSite constructorCallSite, RuntimeResolverContext context)
   at Microsoft.Extensions.DependencyInjection.ServiceLookup.CallSiteRuntimeResolver.VisitCache(ServiceCallSite callSite, RuntimeResolverContext context, ServiceProviderEngineScope serviceProviderEngine, RuntimeResolverLock lockType)
   at Microsoft.Extensions.DependencyInjection.ServiceLookup.CallSiteRuntimeResolver.VisitScopeCache(ServiceCallSite callSite, RuntimeResolverContext context)
   at Microsoft.Extensions.DependencyInjection.ServiceLookup.CallSiteVisitor`2.VisitCallSite(ServiceCallSite callSite, TArgument argument)
   at Microsoft.Extensions.DependencyInjection.ServiceLookup.CallSiteRuntimeResolver.VisitConstructor(ConstructorCallSite constructorCallSite, RuntimeResolverContext context)
   at Microsoft.Extensions.DependencyInjection.ServiceLookup.CallSiteRuntimeResolver.VisitCache(ServiceCallSite callSite, RuntimeResolverContext context, ServiceProviderEngineScope serviceProviderEngine, RuntimeResolverLock lockType)
   at Microsoft.Extensions.DependencyInjection.ServiceLookup.CallSiteRuntimeResolver.VisitScopeCache(ServiceCallSite callSite, RuntimeResolverContext context)
   at Microsoft.Extensions.DependencyInjection.ServiceLookup.CallSiteVisitor`2.VisitCallSite(ServiceCallSite callSite, TArgument argument)
   at Microsoft.Extensions.DependencyInjection.ServiceLookup.CallSiteRuntimeResolver.Resolve(ServiceCallSite callSite, ServiceProviderEngineScope scope)
   at Microsoft.Extensions.DependencyInjection.ServiceLookup.DynamicServiceProviderEngine.<>c__DisplayClass2_0.<RealizeService>b__0(ServiceProviderEngineScope scope)
   at Microsoft.Extensions.DependencyInjection.ServiceProvider.GetService(ServiceIdentifier serviceIdentifier, ServiceProviderEngineScope serviceProviderEngineScope)
   at Microsoft.Extensions.DependencyInjection.ServiceLookup.ServiceProviderEngineScope.GetService(Type serviceType)
   at lambda_method9(Closure, IServiceProvider, Object[])
   at Microsoft.AspNetCore.Mvc.Controllers.ControllerFactoryProvider.<>c__DisplayClass6_0.<CreateControllerFactory>g__CreateController|0(ControllerContext controllerContext)
   at Microsoft.AspNetCore.Mvc.Infrastructure.ControllerActionInvoker.Next(State& next, Scope& scope, Object& state, Boolean& isCompleted)
   at Microsoft.AspNetCore.Mvc.Infrastructure.ControllerActionInvoker.InvokeInnerFilterAsync()
--- End of stack trace from previous location ---
   at Microsoft.AspNetCore.Mvc.Infrastructure.ResourceInvoker.<InvokeFilterPipelineAsync>g__Awaited|20_0(ResourceInvoker invoker, Task lastTask, State next, Scope scope, Object state, Boolean isCompleted)
   at Microsoft.AspNetCore.Mvc.Infrastructure.ResourceInvoker.<InvokeAsync>g__Logged|17_1(ResourceInvoker invoker)
   at Microsoft.AspNetCore.Mvc.Infrastructure.ResourceInvoker.<InvokeAsync>g__Logged|17_1(ResourceInvoker invoker)
   at Microsoft.AspNetCore.Routing.EndpointMiddleware.<Invoke>g__AwaitRequestTask|7_0(Endpoint endpoint, Task requestTask, ILogger logger)
   at Microsoft.AspNetCore.Authorization.AuthorizationMiddleware.Invoke(HttpContext context)
   at Microsoft.AspNetCore.Authentication.AuthenticationMiddleware.Invoke(HttpContext context)
   at Swashbuckle.AspNetCore.SwaggerUI.SwaggerUIMiddleware.Invoke(HttpContext httpContext)
   at Swashbuckle.AspNetCore.Swagger.SwaggerMiddleware.Invoke(HttpContext httpContext, ISwaggerProvider swaggerProvider)
   at Microsoft.AspNetCore.Diagnostics.DeveloperExceptionPageMiddlewareImpl.Invoke(HttpContext context)
2024-06-10 00:26:53.0693|INFO|Microsoft.AspNetCore.Hosting.Diagnostics|Request finished HTTP/2 GET https://localhost:7264/api/AgentCommission/agentid?agentId=1 - 500 - text/plain;+charset=utf-8 168.2844ms
2024-06-10 00:27:25.2205|INFO|Microsoft.AspNetCore.Hosting.Diagnostics|Request starting HTTP/2 POST https://localhost:7264/api/AgentCommission/commission - application/json 60
2024-06-10 00:27:25.2205|INFO|Microsoft.AspNetCore.Routing.EndpointMiddleware|Executing endpoint 'E_Insurance.Controllers.AgentCommissionController.CalculateCommission (E-Insurance)'
2024-06-10 00:27:25.2377|INFO|Microsoft.AspNetCore.Mvc.Infrastructure.ControllerActionInvoker|Route matched with {action = "CalculateCommission", controller = "AgentCommission"}. Executing controller action with signature System.Threading.Tasks.Task`1[Microsoft.AspNetCore.Mvc.IActionResult] CalculateCommission(ModelLayer.RequestDTO.CommissionCalculationRequest) on controller E_Insurance.Controllers.AgentCommissionController (E-Insurance).
2024-06-10 00:27:25.2377|INFO|Microsoft.AspNetCore.Mvc.Infrastructure.ControllerActionInvoker|Executed action E_Insurance.Controllers.AgentCommissionController.CalculateCommission (E-Insurance) in 0.748ms
2024-06-10 00:27:25.2377|INFO|Microsoft.AspNetCore.Routing.EndpointMiddleware|Executed endpoint 'E_Insurance.Controllers.AgentCommissionController.CalculateCommission (E-Insurance)'
2024-06-10 00:27:25.2377|ERROR|Microsoft.AspNetCore.Diagnostics.DeveloperExceptionPageMiddleware|An unhandled exception has occurred while executing the request.|System.ArgumentNullException: Value cannot be null. (Parameter 'configuration')
   at StackExchange.Redis.ConfigurationOptions.DoParse(String configuration, Boolean ignoreUnknown) in /_/src/StackExchange.Redis/ConfigurationOptions.cs:line 912
   at StackExchange.Redis.ConfigurationOptions.Parse(String configuration, Boolean ignoreUnknown) in /_/src/StackExchange.Redis/ConfigurationOptions.cs:line 718
   at StackExchange.Redis.ConfigurationOptions.Parse(String configuration) in /_/src/StackExchange.Redis/ConfigurationOptions.cs:line 708
   at StackExchange.Redis.ConnectionMultiplexer.Connect(String configuration, TextWriter log) in /_/src/StackExchange.Redis/ConnectionMultiplexer.cs:line 663
   at Program.<>c.<<Main>$>b__0_0(IServiceProvider provider) in D:\C#\WebApi\Ensurance\E-Insurance\Program.cs:line 207
   at Microsoft.Extensions.DependencyInjection.ServiceLookup.CallSiteVisitor`2.VisitCallSiteMain(ServiceCallSite callSite, TArgument argument)
   at Microsoft.Extensions.DependencyInjection.ServiceLookup.CallSiteRuntimeResolver.VisitRootCache(ServiceCallSite callSite, RuntimeResolverContext context)
   at Microsoft.Extensions.DependencyInjection.ServiceLookup.CallSiteVisitor`2.VisitCallSite(ServiceCallSite callSite, TArgument argument)
   at Microsoft.Extensions.DependencyInjection.ServiceLookup.CallSiteVisitor`2.VisitCallSiteMain(ServiceCallSite callSite, TArgument argument)
   at Microsoft.Extensions.DependencyInjection.ServiceLookup.CallSiteRuntimeResolver.VisitCache(ServiceCallSite callSite, RuntimeResolverContext context, ServiceProviderEngineScope serviceProviderEngine, RuntimeResolverLock lockType)
   at Microsoft.Extensions.DependencyInjection.ServiceLookup.CallSiteRuntimeResolver.VisitScopeCache(ServiceCallSite callSite, RuntimeResolverContext context)
   at Microsoft.Extensions.DependencyInjection.ServiceLookup.CallSiteVisitor`2.VisitCallSite(ServiceCallSite callSite, TArgument argument)
   at Microsoft.Extensions.DependencyInjection.ServiceLookup.CallSiteVisitor`2.VisitCallSiteMain(ServiceCallSite callSite, TArgument argument)
   at Microsoft.Extensions.DependencyInjection.ServiceLookup.CallSiteRuntimeResolver.VisitCache(ServiceCallSite callSite, RuntimeResolverContext context, ServiceProviderEngineScope serviceProviderEngine, RuntimeResolverLock lockType)
   at Microsoft.Extensions.DependencyInjection.ServiceLookup.CallSiteRuntimeResolver.VisitScopeCache(ServiceCallSite callSite, RuntimeResolverContext context)
   at Microsoft.Extensions.DependencyInjection.ServiceLookup.CallSiteVisitor`2.VisitCallSite(ServiceCallSite callSite, TArgument argument)
   at Microsoft.Extensions.DependencyInjection.ServiceLookup.CallSiteRuntimeResolver.Resolve(ServiceCallSite callSite, ServiceProviderEngineScope scope)
   at Microsoft.Extensions.DependencyInjection.ServiceLookup.DynamicServiceProviderEngine.<>c__DisplayClass2_0.<RealizeService>b__0(ServiceProviderEngineScope scope)
   at Microsoft.Extensions.DependencyInjection.ServiceProvider.GetService(ServiceIdentifier serviceIdentifier, ServiceProviderEngineScope serviceProviderEngineScope)
   at Microsoft.Extensions.DependencyInjection.ServiceLookup.ServiceProviderEngineScope.GetService(Type serviceType)
   at lambda_method17(Closure, IServiceProvider, Object[])
   at Microsoft.AspNetCore.Mvc.Controllers.ControllerFactoryProvider.<>c__DisplayClass6_0.<CreateControllerFactory>g__CreateController|0(ControllerContext controllerContext)
   at Microsoft.AspNetCore.Mvc.Infrastructure.ControllerActionInvoker.Next(State& next, Scope& scope, Object& state, Boolean& isCompleted)
   at Microsoft.AspNetCore.Mvc.Infrastructure.ControllerActionInvoker.InvokeInnerFilterAsync()
--- End of stack trace from previous location ---
   at Microsoft.AspNetCore.Mvc.Infrastructure.ResourceInvoker.<InvokeFilterPipelineAsync>g__Awaited|20_0(ResourceInvoker invoker, Task lastTask, State next, Scope scope, Object state, Boolean isCompleted)
   at Microsoft.AspNetCore.Mvc.Infrastructure.ResourceInvoker.<InvokeAsync>g__Logged|17_1(ResourceInvoker invoker)
   at Microsoft.AspNetCore.Mvc.Infrastructure.ResourceInvoker.<InvokeAsync>g__Logged|17_1(ResourceInvoker invoker)
   at Microsoft.AspNetCore.Routing.EndpointMiddleware.<Invoke>g__AwaitRequestTask|7_0(Endpoint endpoint, Task requestTask, ILogger logger)
   at Microsoft.AspNetCore.Authorization.AuthorizationMiddleware.Invoke(HttpContext context)
   at Microsoft.AspNetCore.Authentication.AuthenticationMiddleware.Invoke(HttpContext context)
   at Swashbuckle.AspNetCore.SwaggerUI.SwaggerUIMiddleware.Invoke(HttpContext httpContext)
   at Swashbuckle.AspNetCore.Swagger.SwaggerMiddleware.Invoke(HttpContext httpContext, ISwaggerProvider swaggerProvider)
   at Microsoft.AspNetCore.Diagnostics.DeveloperExceptionPageMiddlewareImpl.Invoke(HttpContext context)
2024-06-10 00:27:25.2423|INFO|Microsoft.AspNetCore.Hosting.Diagnostics|Request finished HTTP/2 POST https://localhost:7264/api/AgentCommission/commission - 500 - text/plain;+charset=utf-8 21.7851ms
2024-06-10 00:28:06.6053|INFO|Microsoft.AspNetCore.DataProtection.KeyManagement.XmlKeyManager|User profile is available. Using 'C:\Users\MICROSOFT\AppData\Local\ASP.NET\DataProtection-Keys' as key repository and Windows DPAPI to encrypt keys at rest.
2024-06-10 00:28:06.7573|INFO|Microsoft.Hosting.Lifetime|Now listening on: https://localhost:7264
2024-06-10 00:28:06.7573|INFO|Microsoft.Hosting.Lifetime|Now listening on: http://localhost:5206
2024-06-10 00:28:06.7573|INFO|Microsoft.Hosting.Lifetime|Application started. Press Ctrl+C to shut down.
2024-06-10 00:28:06.7573|INFO|Microsoft.Hosting.Lifetime|Hosting environment: Development
2024-06-10 00:28:06.7573|INFO|Microsoft.Hosting.Lifetime|Content root path: D:\C#\WebApi\Ensurance\E-Insurance
2024-06-10 00:28:07.1841|INFO|Microsoft.AspNetCore.Hosting.Diagnostics|Request starting HTTP/2 GET https://localhost:7264/swagger/index.html - - -
2024-06-10 00:28:07.3865|INFO|Microsoft.AspNetCore.Hosting.Diagnostics|Request finished HTTP/2 GET https://localhost:7264/swagger/index.html - 200 - text/html;charset=utf-8 198.2196ms
2024-06-10 00:28:07.3865|INFO|Microsoft.AspNetCore.Hosting.Diagnostics|Request starting HTTP/2 GET https://localhost:7264/_framework/aspnetcore-browser-refresh.js - - -
2024-06-10 00:28:07.3865|INFO|Microsoft.AspNetCore.Hosting.Diagnostics|Request finished HTTP/2 GET https://localhost:7264/_framework/aspnetcore-browser-refresh.js - 200 13758 application/javascript;+charset=utf-8 4.8674ms
2024-06-10 00:28:07.4005|INFO|Microsoft.AspNetCore.Hosting.Diagnostics|Request starting HTTP/2 GET https://localhost:7264/_vs/browserLink - - -
2024-06-10 00:28:07.4391|INFO|Microsoft.AspNetCore.Hosting.Diagnostics|Request finished HTTP/2 GET https://localhost:7264/_vs/browserLink - 200 - text/javascript;+charset=UTF-8 38.5202ms
2024-06-10 00:28:07.5062|INFO|Microsoft.AspNetCore.Hosting.Diagnostics|Request starting HTTP/2 GET https://localhost:7264/swagger/v1/swagger.json - - -
2024-06-10 00:28:07.6012|INFO|Microsoft.AspNetCore.Hosting.Diagnostics|Request finished HTTP/2 GET https://localhost:7264/swagger/v1/swagger.json - 200 - application/json;charset=utf-8 94.9131ms
2024-06-10 00:28:15.2599|INFO|Microsoft.AspNetCore.Hosting.Diagnostics|Request starting HTTP/2 GET https://localhost:7264/api/AgentCommission/agentid?agentId=1 - - -
2024-06-10 00:28:15.2938|INFO|Microsoft.AspNetCore.Routing.EndpointMiddleware|Executing endpoint 'E_Insurance.Controllers.AgentCommissionController.ViewCommissions (E-Insurance)'
2024-06-10 00:28:15.3185|INFO|Microsoft.AspNetCore.Mvc.Infrastructure.ControllerActionInvoker|Route matched with {action = "ViewCommissions", controller = "AgentCommission"}. Executing controller action with signature System.Threading.Tasks.Task`1[Microsoft.AspNetCore.Mvc.IActionResult] ViewCommissions(Int32) on controller E_Insurance.Controllers.AgentCommissionController (E-Insurance).
2024-06-10 00:28:15.6434|INFO|RepositoryLayer.Service.AgentCommisionService|Commissions viewed for AgentId: 1
2024-06-10 00:28:15.6528|INFO|Microsoft.AspNetCore.Mvc.Infrastructure.ObjectResultExecutor|Executing OkObjectResult, writing value of type 'Response.ResponseModel`1[[System.Collections.Generic.IEnumerable`1[[ModelLayer.Entity.Commision, ModelLayer, Version=1.0.0.0, Culture=neutral, PublicKeyToken=null]], System.Private.CoreLib, Version=8.0.0.0, Culture=neutral, PublicKeyToken=7cec85d7bea7798e]]'.
2024-06-10 00:28:15.6757|INFO|Microsoft.AspNetCore.Mvc.Infrastructure.ControllerActionInvoker|Executed action E_Insurance.Controllers.AgentCommissionController.ViewCommissions (E-Insurance) in 350.4126ms
2024-06-10 00:28:15.6757|INFO|Microsoft.AspNetCore.Routing.EndpointMiddleware|Executed endpoint 'E_Insurance.Controllers.AgentCommissionController.ViewCommissions (E-Insurance)'
2024-06-10 00:28:15.6783|INFO|Microsoft.AspNetCore.Hosting.Diagnostics|Request finished HTTP/2 GET https://localhost:7264/api/AgentCommission/agentid?agentId=1 - 200 - application/json;+charset=utf-8 418.4217ms
2024-06-10 00:30:06.1753|INFO|Microsoft.AspNetCore.DataProtection.KeyManagement.XmlKeyManager|User profile is available. Using 'C:\Users\MICROSOFT\AppData\Local\ASP.NET\DataProtection-Keys' as key repository and Windows DPAPI to encrypt keys at rest.
2024-06-10 00:30:06.2997|INFO|Microsoft.Hosting.Lifetime|Now listening on: https://localhost:7264
2024-06-10 00:30:06.2997|INFO|Microsoft.Hosting.Lifetime|Now listening on: http://localhost:5206
2024-06-10 00:30:06.2997|INFO|Microsoft.Hosting.Lifetime|Application started. Press Ctrl+C to shut down.
2024-06-10 00:30:06.2997|INFO|Microsoft.Hosting.Lifetime|Hosting environment: Development
2024-06-10 00:30:06.3035|INFO|Microsoft.Hosting.Lifetime|Content root path: D:\C#\WebApi\Ensurance\E-Insurance
2024-06-10 00:30:06.9047|INFO|Microsoft.AspNetCore.Hosting.Diagnostics|Request starting HTTP/2 GET https://localhost:7264/swagger/index.html - - -
2024-06-10 00:30:07.1113|INFO|Microsoft.AspNetCore.Hosting.Diagnostics|Request finished HTTP/2 GET https://localhost:7264/swagger/index.html - 200 - text/html;charset=utf-8 205.0139ms
2024-06-10 00:30:07.1162|INFO|Microsoft.AspNetCore.Hosting.Diagnostics|Request starting HTTP/2 GET https://localhost:7264/_framework/aspnetcore-browser-refresh.js - - -
2024-06-10 00:30:07.1162|INFO|Microsoft.AspNetCore.Hosting.Diagnostics|Request finished HTTP/2 GET https://localhost:7264/_framework/aspnetcore-browser-refresh.js - 200 13758 application/javascript;+charset=utf-8 5.1690ms
2024-06-10 00:30:07.1162|INFO|Microsoft.AspNetCore.Hosting.Diagnostics|Request starting HTTP/2 GET https://localhost:7264/_vs/browserLink - - -
2024-06-10 00:30:07.1619|INFO|Microsoft.AspNetCore.Hosting.Diagnostics|Request finished HTTP/2 GET https://localhost:7264/_vs/browserLink - 200 - text/javascript;+charset=UTF-8 35.6381ms
2024-06-10 00:30:07.2312|INFO|Microsoft.AspNetCore.Hosting.Diagnostics|Request starting HTTP/2 GET https://localhost:7264/swagger/v1/swagger.json - - -
2024-06-10 00:30:07.3267|INFO|Microsoft.AspNetCore.Hosting.Diagnostics|Request finished HTTP/2 GET https://localhost:7264/swagger/v1/swagger.json - 200 - application/json;charset=utf-8 95.4406ms
2024-06-10 00:30:22.0437|INFO|Microsoft.AspNetCore.Hosting.Diagnostics|Request starting HTTP/2 GET https://localhost:7264/api/AgentCommission/agentid?agentId=1 - - -
2024-06-10 00:30:22.0737|INFO|Microsoft.AspNetCore.Routing.EndpointMiddleware|Executing endpoint 'E_Insurance.Controllers.AgentCommissionController.ViewCommissions (E-Insurance)'
2024-06-10 00:30:22.1044|INFO|Microsoft.AspNetCore.Mvc.Infrastructure.ControllerActionInvoker|Route matched with {action = "ViewCommissions", controller = "AgentCommission"}. Executing controller action with signature System.Threading.Tasks.Task`1[Microsoft.AspNetCore.Mvc.IActionResult] ViewCommissions(Int32) on controller E_Insurance.Controllers.AgentCommissionController (E-Insurance).
2024-06-10 00:30:22.4468|INFO|RepositoryLayer.Service.AgentCommisionService|Commissions viewed for AgentId: 1
2024-06-10 00:30:22.4468|INFO|Microsoft.AspNetCore.Mvc.Infrastructure.ObjectResultExecutor|Executing BadRequestObjectResult, writing value of type 'Response.ResponseModel`1[[System.Collections.Generic.IEnumerable`1[[ModelLayer.Entity.Commision, ModelLayer, Version=1.0.0.0, Culture=neutral, PublicKeyToken=null]], System.Private.CoreLib, Version=8.0.0.0, Culture=neutral, PublicKeyToken=7cec85d7bea7798e]]'.
2024-06-10 00:30:22.4885|INFO|Microsoft.AspNetCore.Mvc.Infrastructure.ControllerActionInvoker|Executed action E_Insurance.Controllers.AgentCommissionController.ViewCommissions (E-Insurance) in 374.0005ms
2024-06-10 00:30:22.4885|INFO|Microsoft.AspNetCore.Routing.EndpointMiddleware|Executed endpoint 'E_Insurance.Controllers.AgentCommissionController.ViewCommissions (E-Insurance)'
2024-06-10 00:30:22.4885|INFO|Microsoft.AspNetCore.Hosting.Diagnostics|Request finished HTTP/2 GET https://localhost:7264/api/AgentCommission/agentid?agentId=1 - 400 - application/json;+charset=utf-8 446.6760ms
2024-06-10 00:30:51.1300|INFO|Microsoft.AspNetCore.Hosting.Diagnostics|Request starting HTTP/2 POST https://localhost:7264/api/AgentCommission/commission - application/json 60
2024-06-10 00:30:51.1348|INFO|Microsoft.AspNetCore.Routing.EndpointMiddleware|Executing endpoint 'E_Insurance.Controllers.AgentCommissionController.CalculateCommission (E-Insurance)'
2024-06-10 00:30:51.1348|INFO|Microsoft.AspNetCore.Mvc.Infrastructure.ControllerActionInvoker|Route matched with {action = "CalculateCommission", controller = "AgentCommission"}. Executing controller action with signature System.Threading.Tasks.Task`1[Microsoft.AspNetCore.Mvc.IActionResult] CalculateCommission(ModelLayer.RequestDTO.CommissionCalculationRequest) on controller E_Insurance.Controllers.AgentCommissionController (E-Insurance).
2024-06-10 00:30:51.1881|ERROR|RepositoryLayer.Service.AgentCommisionService|Error calculating commission|System.Data.SqlClient.SqlException (0x80131904): Cannot insert the value NULL into column 'CommissionRate', table 'E_Insurance.dbo.Commissions'; column does not allow nulls. INSERT fails.
The statement has been terminated.
   at System.Data.SqlClient.SqlCommand.<>c.<ExecuteDbDataReaderAsync>b__126_0(Task`1 result)
   at System.Threading.Tasks.ContinuationResultTaskFromResultTask`2.InnerInvoke()
   at System.Threading.ExecutionContext.RunInternal(ExecutionContext executionContext, ContextCallback callback, Object state)
--- End of stack trace from previous location ---
   at System.Threading.ExecutionContext.RunInternal(ExecutionContext executionContext, ContextCallback callback, Object state)
   at System.Threading.Tasks.Task.ExecuteWithThreadLocal(Task& currentTaskSlot, Thread threadPoolThread)
--- End of stack trace from previous location ---
   at Dapper.SqlMapper.QueryAsync[T](IDbConnection cnn, Type effectiveType, CommandDefinition command) in /_/Dapper/SqlMapper.Async.cs:line 434
   at RepositoryLayer.Service.AgentCommisionService.CalculateCommission(Int32 agentId, Int32 policyId, Decimal premiumAmount) in D:\C#\WebApi\Ensurance\RepositoryLayer\Service\AgentCommisionService.cs:line 145
ClientConnectionId:0ca2892b-f742-4604-bad8-eb538cf07998
Error Number:515,State:2,Class:16
2024-06-10 00:30:51.2259|ERROR|E_Insurance.Controllers.AgentCommissionController|An error occurred while processing the Commission Calculation|System.Exception: Error calculating commission
 ---> System.Data.SqlClient.SqlException (0x80131904): Cannot insert the value NULL into column 'CommissionRate', table 'E_Insurance.dbo.Commissions'; column does not allow nulls. INSERT fails.
The statement has been terminated.
   at System.Data.SqlClient.SqlCommand.<>c.<ExecuteDbDataReaderAsync>b__126_0(Task`1 result)
   at System.Threading.Tasks.ContinuationResultTaskFromResultTask`2.InnerInvoke()
   at System.Threading.ExecutionContext.RunInternal(ExecutionContext executionContext, ContextCallback callback, Object state)
--- End of stack trace from previous location ---
   at System.Threading.ExecutionContext.RunInternal(ExecutionContext executionContext, ContextCallback callback, Object state)
   at System.Threading.Tasks.Task.ExecuteWithThreadLocal(Task& currentTaskSlot, Thread threadPoolThread)
--- End of stack trace from previous location ---
   at Dapper.SqlMapper.QueryAsync[T](IDbConnection cnn, Type effectiveType, CommandDefinition command) in /_/Dapper/SqlMapper.Async.cs:line 434
   at RepositoryLayer.Service.AgentCommisionService.CalculateCommission(Int32 agentId, Int32 policyId, Decimal premiumAmount) in D:\C#\WebApi\Ensurance\RepositoryLayer\Service\AgentCommisionService.cs:line 145
ClientConnectionId:0ca2892b-f742-4604-bad8-eb538cf07998
Error Number:515,State:2,Class:16
   --- End of inner exception stack trace ---
   at RepositoryLayer.Service.AgentCommisionService.CalculateCommission(Int32 agentId, Int32 policyId, Decimal premiumAmount) in D:\C#\WebApi\Ensurance\RepositoryLayer\Service\AgentCommisionService.cs:line 164
   at E_Insurance.Controllers.AgentCommissionController.CalculateCommission(CommissionCalculationRequest request) in D:\C#\WebApi\Ensurance\E-Insurance\Controllers\AgentCommissionController.cs:line 30
2024-06-10 00:30:51.2259|INFO|Microsoft.AspNetCore.Mvc.Infrastructure.ObjectResultExecutor|Executing ObjectResult, writing value of type 'Response.ResponseModel`1[[System.String, System.Private.CoreLib, Version=8.0.0.0, Culture=neutral, PublicKeyToken=7cec85d7bea7798e]]'.
2024-06-10 00:30:51.2259|INFO|Microsoft.AspNetCore.Mvc.Infrastructure.ControllerActionInvoker|Executed action E_Insurance.Controllers.AgentCommissionController.CalculateCommission (E-Insurance) in 95.6429ms
2024-06-10 00:30:51.2259|INFO|Microsoft.AspNetCore.Routing.EndpointMiddleware|Executed endpoint 'E_Insurance.Controllers.AgentCommissionController.CalculateCommission (E-Insurance)'
2024-06-10 00:30:51.2259|INFO|Microsoft.AspNetCore.Hosting.Diagnostics|Request finished HTTP/2 POST https://localhost:7264/api/AgentCommission/commission - 500 - application/json;+charset=utf-8 107.8794ms
2024-06-10 11:00:42.9369|INFO|Microsoft.AspNetCore.DataProtection.KeyManagement.XmlKeyManager|User profile is available. Using 'C:\Users\MICROSOFT\AppData\Local\ASP.NET\DataProtection-Keys' as key repository and Windows DPAPI to encrypt keys at rest.
2024-06-10 11:00:43.7352|INFO|Microsoft.Hosting.Lifetime|Now listening on: https://localhost:7264
2024-06-10 11:00:43.7352|INFO|Microsoft.Hosting.Lifetime|Now listening on: http://localhost:5206
2024-06-10 11:00:43.7352|INFO|Microsoft.Hosting.Lifetime|Application started. Press Ctrl+C to shut down.
2024-06-10 11:00:43.7352|INFO|Microsoft.Hosting.Lifetime|Hosting environment: Development
2024-06-10 11:00:43.7352|INFO|Microsoft.Hosting.Lifetime|Content root path: D:\C#\WebApi\Ensurance\E-Insurance
2024-06-10 11:00:45.7887|INFO|Microsoft.AspNetCore.Hosting.Diagnostics|Request starting HTTP/2 GET https://localhost:7264/swagger/index.html - - -
2024-06-10 11:00:46.4956|INFO|Microsoft.AspNetCore.Hosting.Diagnostics|Request finished HTTP/2 GET https://localhost:7264/swagger/index.html - 200 - text/html;charset=utf-8 706.4816ms
2024-06-10 11:00:46.4956|INFO|Microsoft.AspNetCore.Hosting.Diagnostics|Request starting HTTP/2 GET https://localhost:7264/_framework/aspnetcore-browser-refresh.js - - -
2024-06-10 11:00:46.4956|INFO|Microsoft.AspNetCore.Hosting.Diagnostics|Request finished HTTP/2 GET https://localhost:7264/_framework/aspnetcore-browser-refresh.js - 200 13758 application/javascript;+charset=utf-8 5.3236ms
2024-06-10 11:00:46.5112|INFO|Microsoft.AspNetCore.Hosting.Diagnostics|Request starting HTTP/2 GET https://localhost:7264/_vs/browserLink - - -
2024-06-10 11:00:46.5863|INFO|Microsoft.AspNetCore.Hosting.Diagnostics|Request finished HTTP/2 GET https://localhost:7264/_vs/browserLink - 200 - text/javascript;+charset=UTF-8 75.0712ms
2024-06-10 11:00:46.6191|INFO|Microsoft.AspNetCore.Hosting.Diagnostics|Request starting HTTP/2 GET https://localhost:7264/swagger/v1/swagger.json - - -
2024-06-10 11:00:46.8021|INFO|Microsoft.AspNetCore.Hosting.Diagnostics|Request finished HTTP/2 GET https://localhost:7264/swagger/v1/swagger.json - 200 - application/json;charset=utf-8 183.0084ms
2024-06-10 11:01:06.1147|INFO|Microsoft.AspNetCore.Hosting.Diagnostics|Request starting HTTP/2 POST https://localhost:7264/api/AgentCommission/commission - application/json 60
2024-06-10 11:01:07.6877|INFO|Microsoft.AspNetCore.Routing.EndpointMiddleware|Executing endpoint 'E_Insurance.Controllers.AgentCommissionController.CalculateCommission (E-Insurance)'
2024-06-10 11:01:07.7472|INFO|Microsoft.AspNetCore.Mvc.Infrastructure.ControllerActionInvoker|Route matched with {action = "CalculateCommission", controller = "AgentCommission"}. Executing controller action with signature System.Threading.Tasks.Task`1[Microsoft.AspNetCore.Mvc.IActionResult] CalculateCommission(ModelLayer.RequestDTO.CommissionCalculationRequest) on controller E_Insurance.Controllers.AgentCommissionController (E-Insurance).
2024-06-10 11:01:09.4204|ERROR|RepositoryLayer.Service.AgentCommisionService|Error calculating commission|System.Data.SqlClient.SqlException (0x80131904): Cannot insert the value NULL into column 'CommissionRate', table 'E_Insurance.dbo.Commissions'; column does not allow nulls. INSERT fails.
The statement has been terminated.
   at System.Data.SqlClient.SqlCommand.<>c.<ExecuteDbDataReaderAsync>b__126_0(Task`1 result)
   at System.Threading.Tasks.ContinuationResultTaskFromResultTask`2.InnerInvoke()
   at System.Threading.ExecutionContext.RunInternal(ExecutionContext executionContext, ContextCallback callback, Object state)
--- End of stack trace from previous location ---
   at System.Threading.ExecutionContext.RunInternal(ExecutionContext executionContext, ContextCallback callback, Object state)
   at System.Threading.Tasks.Task.ExecuteWithThreadLocal(Task& currentTaskSlot, Thread threadPoolThread)
--- End of stack trace from previous location ---
   at Dapper.SqlMapper.QueryAsync[T](IDbConnection cnn, Type effectiveType, CommandDefinition command) in /_/Dapper/SqlMapper.Async.cs:line 434
   at RepositoryLayer.Service.AgentCommisionService.CalculateCommission(Int32 agentId, Int32 policyId, Decimal premiumAmount) in D:\C#\WebApi\Ensurance\RepositoryLayer\Service\AgentCommisionService.cs:line 145
ClientConnectionId:a36aa7e0-afbb-42da-80ad-8436b13a5f21
Error Number:515,State:2,Class:16
2024-06-10 11:01:09.8127|ERROR|E_Insurance.Controllers.AgentCommissionController|An error occurred while processing the Commission Calculation|System.Exception: Error calculating commission
 ---> System.Data.SqlClient.SqlException (0x80131904): Cannot insert the value NULL into column 'CommissionRate', table 'E_Insurance.dbo.Commissions'; column does not allow nulls. INSERT fails.
The statement has been terminated.
   at System.Data.SqlClient.SqlCommand.<>c.<ExecuteDbDataReaderAsync>b__126_0(Task`1 result)
   at System.Threading.Tasks.ContinuationResultTaskFromResultTask`2.InnerInvoke()
   at System.Threading.ExecutionContext.RunInternal(ExecutionContext executionContext, ContextCallback callback, Object state)
--- End of stack trace from previous location ---
   at System.Threading.ExecutionContext.RunInternal(ExecutionContext executionContext, ContextCallback callback, Object state)
   at System.Threading.Tasks.Task.ExecuteWithThreadLocal(Task& currentTaskSlot, Thread threadPoolThread)
--- End of stack trace from previous location ---
   at Dapper.SqlMapper.QueryAsync[T](IDbConnection cnn, Type effectiveType, CommandDefinition command) in /_/Dapper/SqlMapper.Async.cs:line 434
   at RepositoryLayer.Service.AgentCommisionService.CalculateCommission(Int32 agentId, Int32 policyId, Decimal premiumAmount) in D:\C#\WebApi\Ensurance\RepositoryLayer\Service\AgentCommisionService.cs:line 145
ClientConnectionId:a36aa7e0-afbb-42da-80ad-8436b13a5f21
Error Number:515,State:2,Class:16
   --- End of inner exception stack trace ---
   at RepositoryLayer.Service.AgentCommisionService.CalculateCommission(Int32 agentId, Int32 policyId, Decimal premiumAmount) in D:\C#\WebApi\Ensurance\RepositoryLayer\Service\AgentCommisionService.cs:line 164
   at E_Insurance.Controllers.AgentCommissionController.CalculateCommission(CommissionCalculationRequest request) in D:\C#\WebApi\Ensurance\E-Insurance\Controllers\AgentCommissionController.cs:line 30
2024-06-10 11:01:09.8386|INFO|Microsoft.AspNetCore.Mvc.Infrastructure.ObjectResultExecutor|Executing ObjectResult, writing value of type 'Response.ResponseModel`1[[System.String, System.Private.CoreLib, Version=8.0.0.0, Culture=neutral, PublicKeyToken=7cec85d7bea7798e]]'.
2024-06-10 11:01:09.8632|INFO|Microsoft.AspNetCore.Mvc.Infrastructure.ControllerActionInvoker|Executed action E_Insurance.Controllers.AgentCommissionController.CalculateCommission (E-Insurance) in 2099.9608ms
2024-06-10 11:01:09.8632|INFO|Microsoft.AspNetCore.Routing.EndpointMiddleware|Executed endpoint 'E_Insurance.Controllers.AgentCommissionController.CalculateCommission (E-Insurance)'
2024-06-10 11:01:09.8632|INFO|Microsoft.AspNetCore.Hosting.Diagnostics|Request finished HTTP/2 POST https://localhost:7264/api/AgentCommission/commission - 500 - application/json;+charset=utf-8 3750.6263ms
2024-06-10 11:01:37.4888|INFO|Microsoft.AspNetCore.Hosting.Diagnostics|Request starting HTTP/2 GET https://localhost:7264/api/AgentCommission/agentid?agentId=1 - - -
2024-06-10 11:01:37.4994|INFO|Microsoft.AspNetCore.Routing.EndpointMiddleware|Executing endpoint 'E_Insurance.Controllers.AgentCommissionController.ViewCommissions (E-Insurance)'
2024-06-10 11:01:37.5145|INFO|Microsoft.AspNetCore.Mvc.Infrastructure.ControllerActionInvoker|Route matched with {action = "ViewCommissions", controller = "AgentCommission"}. Executing controller action with signature System.Threading.Tasks.Task`1[Microsoft.AspNetCore.Mvc.IActionResult] ViewCommissions(Int32) on controller E_Insurance.Controllers.AgentCommissionController (E-Insurance).
2024-06-10 11:01:37.6123|INFO|RepositoryLayer.Service.AgentCommisionService|Commissions viewed for AgentId: 1
2024-06-10 11:01:37.6123|INFO|Microsoft.AspNetCore.Mvc.Infrastructure.ObjectResultExecutor|Executing BadRequestObjectResult, writing value of type 'Response.ResponseModel`1[[System.Collections.Generic.IEnumerable`1[[ModelLayer.Entity.Commision, ModelLayer, Version=1.0.0.0, Culture=neutral, PublicKeyToken=null]], System.Private.CoreLib, Version=8.0.0.0, Culture=neutral, PublicKeyToken=7cec85d7bea7798e]]'.
2024-06-10 11:01:37.6272|INFO|Microsoft.AspNetCore.Mvc.Infrastructure.ControllerActionInvoker|Executed action E_Insurance.Controllers.AgentCommissionController.ViewCommissions (E-Insurance) in 112.3445ms
2024-06-10 11:01:37.6272|INFO|Microsoft.AspNetCore.Routing.EndpointMiddleware|Executed endpoint 'E_Insurance.Controllers.AgentCommissionController.ViewCommissions (E-Insurance)'
2024-06-10 11:01:37.6272|INFO|Microsoft.AspNetCore.Hosting.Diagnostics|Request finished HTTP/2 GET https://localhost:7264/api/AgentCommission/agentid?agentId=1 - 400 - application/json;+charset=utf-8 138.9725ms
2024-06-10 11:02:02.4304|INFO|Microsoft.AspNetCore.Hosting.Diagnostics|Request starting HTTP/2 GET https://localhost:7264/api/PolicyCreation - - -
2024-06-10 11:02:02.4348|INFO|Microsoft.AspNetCore.Routing.EndpointMiddleware|Executing endpoint 'E_Insurance.Controllers.PolicyCreationController.GetAllPolicy (E-Insurance)'
2024-06-10 11:02:02.4348|INFO|Microsoft.AspNetCore.Mvc.Infrastructure.ControllerActionInvoker|Route matched with {action = "GetAllPolicy", controller = "PolicyCreation"}. Executing controller action with signature System.Threading.Tasks.Task`1[Microsoft.AspNetCore.Mvc.IActionResult] GetAllPolicy() on controller E_Insurance.Controllers.PolicyCreationController (E-Insurance).
2024-06-10 11:02:02.4802|INFO|RepositoryLayer.Service.PolicyCreationService|Retrieved all policies
2024-06-10 11:02:02.4802|INFO|Microsoft.AspNetCore.Mvc.Infrastructure.ObjectResultExecutor|Executing OkObjectResult, writing value of type 'Response.ResponseModel`1[[System.Collections.Generic.IEnumerable`1[[ModelLayer.Entity.PolicyCreation, ModelLayer, Version=1.0.0.0, Culture=neutral, PublicKeyToken=null]], System.Private.CoreLib, Version=8.0.0.0, Culture=neutral, PublicKeyToken=7cec85d7bea7798e]]'.
2024-06-10 11:02:02.5000|INFO|Microsoft.AspNetCore.Mvc.Infrastructure.ControllerActionInvoker|Executed action E_Insurance.Controllers.PolicyCreationController.GetAllPolicy (E-Insurance) in 53.9191ms
2024-06-10 11:02:02.5000|INFO|Microsoft.AspNetCore.Routing.EndpointMiddleware|Executed endpoint 'E_Insurance.Controllers.PolicyCreationController.GetAllPolicy (E-Insurance)'
2024-06-10 11:02:02.5000|INFO|Microsoft.AspNetCore.Hosting.Diagnostics|Request finished HTTP/2 GET https://localhost:7264/api/PolicyCreation - 200 - application/json;+charset=utf-8 70.0097ms
2024-06-10 11:53:45.1659|INFO|Microsoft.AspNetCore.DataProtection.KeyManagement.XmlKeyManager|User profile is available. Using 'C:\Users\MICROSOFT\AppData\Local\ASP.NET\DataProtection-Keys' as key repository and Windows DPAPI to encrypt keys at rest.
2024-06-10 11:53:45.8940|INFO|Microsoft.Hosting.Lifetime|Now listening on: https://localhost:7264
2024-06-10 11:53:45.8940|INFO|Microsoft.Hosting.Lifetime|Now listening on: http://localhost:5206
2024-06-10 11:53:45.8940|INFO|Microsoft.Hosting.Lifetime|Application started. Press Ctrl+C to shut down.
2024-06-10 11:53:45.8940|INFO|Microsoft.Hosting.Lifetime|Hosting environment: Development
2024-06-10 11:53:45.8940|INFO|Microsoft.Hosting.Lifetime|Content root path: D:\C#\WebApi\Ensurance\E-Insurance
2024-06-10 11:53:46.3127|INFO|Microsoft.AspNetCore.Hosting.Diagnostics|Request starting HTTP/2 GET https://localhost:7264/swagger/index.html - - -
2024-06-10 11:53:48.4665|INFO|Microsoft.AspNetCore.Hosting.Diagnostics|Request finished HTTP/2 GET https://localhost:7264/swagger/index.html - 200 - text/html;charset=utf-8 2150.4866ms
2024-06-10 11:53:48.4665|INFO|Microsoft.AspNetCore.Hosting.Diagnostics|Request starting HTTP/2 GET https://localhost:7264/_framework/aspnetcore-browser-refresh.js - - -
2024-06-10 11:53:48.4807|INFO|Microsoft.AspNetCore.Hosting.Diagnostics|Request finished HTTP/2 GET https://localhost:7264/_framework/aspnetcore-browser-refresh.js - 200 13758 application/javascript;+charset=utf-8 4.9627ms
2024-06-10 11:53:48.4807|INFO|Microsoft.AspNetCore.Hosting.Diagnostics|Request starting HTTP/2 GET https://localhost:7264/_vs/browserLink - - -
2024-06-10 11:53:48.5451|INFO|Microsoft.AspNetCore.Hosting.Diagnostics|Request finished HTTP/2 GET https://localhost:7264/_vs/browserLink - 200 - text/javascript;+charset=UTF-8 57.4535ms
2024-06-10 11:53:48.7217|INFO|Microsoft.AspNetCore.Hosting.Diagnostics|Request starting HTTP/2 GET https://localhost:7264/swagger/v1/swagger.json - - -
2024-06-10 11:53:48.8307|INFO|Microsoft.AspNetCore.Hosting.Diagnostics|Request finished HTTP/2 GET https://localhost:7264/swagger/v1/swagger.json - 200 - application/json;charset=utf-8 108.8960ms
2024-06-10 11:54:40.3426|INFO|Microsoft.AspNetCore.Hosting.Diagnostics|Request starting HTTP/2 POST https://localhost:7264/api/PolicyPurchase/purchase - application/json 303
2024-06-10 11:54:40.3619|INFO|Microsoft.AspNetCore.Routing.EndpointMiddleware|Executing endpoint 'E_Insurance.Controllers.PolicyPurchaseController.PurchasePolicy (E-Insurance)'
2024-06-10 11:54:40.4225|INFO|Microsoft.AspNetCore.Mvc.Infrastructure.ControllerActionInvoker|Route matched with {action = "PurchasePolicy", controller = "PolicyPurchase"}. Executing controller action with signature System.Threading.Tasks.Task`1[Microsoft.AspNetCore.Mvc.IActionResult] PurchasePolicy(ModelLayer.Entity.PolicyPurchase) on controller E_Insurance.Controllers.PolicyPurchaseController (E-Insurance).
2024-06-10 11:54:40.6274|INFO|Microsoft.AspNetCore.Mvc.Infrastructure.ObjectResultExecutor|Executing BadRequestObjectResult, writing value of type 'Microsoft.AspNetCore.Mvc.ValidationProblemDetails'.
2024-06-10 11:54:40.6747|INFO|Microsoft.AspNetCore.Mvc.Infrastructure.ControllerActionInvoker|Executed action E_Insurance.Controllers.PolicyPurchaseController.PurchasePolicy (E-Insurance) in 241.101ms
2024-06-10 11:54:40.6747|INFO|Microsoft.AspNetCore.Routing.EndpointMiddleware|Executed endpoint 'E_Insurance.Controllers.PolicyPurchaseController.PurchasePolicy (E-Insurance)'
2024-06-10 11:54:40.6747|INFO|Microsoft.AspNetCore.Hosting.Diagnostics|Request finished HTTP/2 POST https://localhost:7264/api/PolicyPurchase/purchase - 400 - application/problem+json;+charset=utf-8 332.4612ms
2024-06-10 11:55:24.8781|INFO|Microsoft.AspNetCore.Hosting.Diagnostics|Request starting HTTP/2 POST https://localhost:7264/api/PolicyPurchase/purchase - application/json 303
2024-06-10 11:55:24.8781|INFO|Microsoft.AspNetCore.Routing.EndpointMiddleware|Executing endpoint 'E_Insurance.Controllers.PolicyPurchaseController.PurchasePolicy (E-Insurance)'
2024-06-10 11:55:24.8781|INFO|Microsoft.AspNetCore.Mvc.Infrastructure.ControllerActionInvoker|Route matched with {action = "PurchasePolicy", controller = "PolicyPurchase"}. Executing controller action with signature System.Threading.Tasks.Task`1[Microsoft.AspNetCore.Mvc.IActionResult] PurchasePolicy(ModelLayer.Entity.PolicyPurchase) on controller E_Insurance.Controllers.PolicyPurchaseController (E-Insurance).
2024-06-10 11:55:26.3016|INFO|RepositoryLayer.Service.CustomerPolicyPurchaseService|Policy purchased successfully: CustomerId=1, PolicyId=1
2024-06-10 11:55:26.3107|INFO|Microsoft.AspNetCore.Mvc.Infrastructure.ObjectResultExecutor|Executing OkObjectResult, writing value of type 'Response.ResponseModel`1[[ModelLayer.Entity.PolicyPurchase, ModelLayer, Version=1.0.0.0, Culture=neutral, PublicKeyToken=null]]'.
2024-06-10 11:55:26.3249|INFO|Microsoft.AspNetCore.Mvc.Infrastructure.ControllerActionInvoker|Executed action E_Insurance.Controllers.PolicyPurchaseController.PurchasePolicy (E-Insurance) in 1441.7832ms
2024-06-10 11:55:26.3249|INFO|Microsoft.AspNetCore.Routing.EndpointMiddleware|Executed endpoint 'E_Insurance.Controllers.PolicyPurchaseController.PurchasePolicy (E-Insurance)'
2024-06-10 11:55:26.3249|INFO|Microsoft.AspNetCore.Hosting.Diagnostics|Request finished HTTP/2 POST https://localhost:7264/api/PolicyPurchase/purchase - 200 - application/json;+charset=utf-8 1450.0675ms
2024-06-10 11:55:33.9401|INFO|Microsoft.AspNetCore.Hosting.Diagnostics|Request starting HTTP/2 GET https://localhost:7264/api/PolicyPurchase - - -
2024-06-10 11:55:33.9401|INFO|Microsoft.AspNetCore.Routing.EndpointMiddleware|Executing endpoint 'E_Insurance.Controllers.PolicyPurchaseController.GetCustomerPurchaseDetailsById (E-Insurance)'
2024-06-10 11:55:33.9582|INFO|Microsoft.AspNetCore.Mvc.Infrastructure.ControllerActionInvoker|Route matched with {action = "GetCustomerPurchaseDetailsById", controller = "PolicyPurchase"}. Executing controller action with signature System.Threading.Tasks.Task`1[Microsoft.AspNetCore.Mvc.IActionResult] GetCustomerPurchaseDetailsById(Int32) on controller E_Insurance.Controllers.PolicyPurchaseController (E-Insurance).
2024-06-10 11:55:34.1357|INFO|RepositoryLayer.Service.CustomerPolicyPurchaseService|Retrieved all policies
2024-06-10 11:55:34.1357|INFO|Microsoft.AspNetCore.Mvc.Infrastructure.ObjectResultExecutor|Executing OkObjectResult, writing value of type 'Response.ResponseModel`1[[System.Collections.Generic.IEnumerable`1[[ModelLayer.Response.CustomerPolicyDetails, ModelLayer, Version=1.0.0.0, Culture=neutral, PublicKeyToken=null]], System.Private.CoreLib, Version=8.0.0.0, Culture=neutral, PublicKeyToken=7cec85d7bea7798e]]'.
2024-06-10 11:55:34.1357|INFO|Microsoft.AspNetCore.Mvc.Infrastructure.ControllerActionInvoker|Executed action E_Insurance.Controllers.PolicyPurchaseController.GetCustomerPurchaseDetailsById (E-Insurance) in 189.5082ms
2024-06-10 11:55:34.1357|INFO|Microsoft.AspNetCore.Routing.EndpointMiddleware|Executed endpoint 'E_Insurance.Controllers.PolicyPurchaseController.GetCustomerPurchaseDetailsById (E-Insurance)'
2024-06-10 11:55:34.1357|INFO|Microsoft.AspNetCore.Hosting.Diagnostics|Request finished HTTP/2 GET https://localhost:7264/api/PolicyPurchase - 200 - application/json;+charset=utf-8 208.1923ms
2024-06-10 11:55:49.9195|INFO|Microsoft.AspNetCore.Hosting.Diagnostics|Request starting HTTP/2 DELETE https://localhost:7264/api/PolicyPurchase/1 - - -
2024-06-10 11:55:49.9195|INFO|Microsoft.AspNetCore.Routing.EndpointMiddleware|Executing endpoint 'E_Insurance.Controllers.PolicyPurchaseController.RemoveCustomerPolicy (E-Insurance)'
2024-06-10 11:55:49.9310|INFO|Microsoft.AspNetCore.Mvc.Infrastructure.ControllerActionInvoker|Route matched with {action = "RemoveCustomerPolicy", controller = "PolicyPurchase"}. Executing controller action with signature System.Threading.Tasks.Task`1[Microsoft.AspNetCore.Mvc.IActionResult] RemoveCustomerPolicy(Int32) on controller E_Insurance.Controllers.PolicyPurchaseController (E-Insurance).
2024-06-10 11:55:49.9585|INFO|RepositoryLayer.Service.CustomerPolicyPurchaseService|Policy with CustomerPolicyId=1 deleted successfully
2024-06-10 11:55:49.9585|INFO|Microsoft.AspNetCore.Mvc.Infrastructure.ObjectResultExecutor|Executing BadRequestObjectResult, writing value of type 'Response.ResponseModel`1[[System.Boolean, System.Private.CoreLib, Version=8.0.0.0, Culture=neutral, PublicKeyToken=7cec85d7bea7798e]]'.
2024-06-10 11:55:49.9644|INFO|Microsoft.AspNetCore.Mvc.Infrastructure.ControllerActionInvoker|Executed action E_Insurance.Controllers.PolicyPurchaseController.RemoveCustomerPolicy (E-Insurance) in 33.2498ms
2024-06-10 11:55:49.9644|INFO|Microsoft.AspNetCore.Routing.EndpointMiddleware|Executed endpoint 'E_Insurance.Controllers.PolicyPurchaseController.RemoveCustomerPolicy (E-Insurance)'
2024-06-10 11:55:49.9644|INFO|Microsoft.AspNetCore.Hosting.Diagnostics|Request finished HTTP/2 DELETE https://localhost:7264/api/PolicyPurchase/1 - 400 - application/json;+charset=utf-8 45.3391ms
2024-06-10 12:00:06.3164|INFO|Microsoft.AspNetCore.Hosting.Diagnostics|Request starting HTTP/2 GET https://localhost:7264/api/PolicyPurchase?customerId=1 - - -
2024-06-10 12:00:06.3164|INFO|Microsoft.AspNetCore.Routing.EndpointMiddleware|Executing endpoint 'E_Insurance.Controllers.PolicyPurchaseController.GetCustomerPurchaseDetailsById (E-Insurance)'
2024-06-10 12:00:06.3164|INFO|Microsoft.AspNetCore.Mvc.Infrastructure.ControllerActionInvoker|Route matched with {action = "GetCustomerPurchaseDetailsById", controller = "PolicyPurchase"}. Executing controller action with signature System.Threading.Tasks.Task`1[Microsoft.AspNetCore.Mvc.IActionResult] GetCustomerPurchaseDetailsById(Int32) on controller E_Insurance.Controllers.PolicyPurchaseController (E-Insurance).
2024-06-10 12:00:06.3693|INFO|RepositoryLayer.Service.CustomerPolicyPurchaseService|Retrieved all policies
2024-06-10 12:00:06.3693|INFO|Microsoft.AspNetCore.Mvc.Infrastructure.ObjectResultExecutor|Executing OkObjectResult, writing value of type 'Response.ResponseModel`1[[System.Collections.Generic.IEnumerable`1[[ModelLayer.Response.CustomerPolicyDetails, ModelLayer, Version=1.0.0.0, Culture=neutral, PublicKeyToken=null]], System.Private.CoreLib, Version=8.0.0.0, Culture=neutral, PublicKeyToken=7cec85d7bea7798e]]'.
2024-06-10 12:00:06.3693|INFO|Microsoft.AspNetCore.Mvc.Infrastructure.ControllerActionInvoker|Executed action E_Insurance.Controllers.PolicyPurchaseController.GetCustomerPurchaseDetailsById (E-Insurance) in 59.1768ms
2024-06-10 12:00:06.3693|INFO|Microsoft.AspNetCore.Routing.EndpointMiddleware|Executed endpoint 'E_Insurance.Controllers.PolicyPurchaseController.GetCustomerPurchaseDetailsById (E-Insurance)'
2024-06-10 12:00:06.3693|INFO|Microsoft.AspNetCore.Hosting.Diagnostics|Request finished HTTP/2 GET https://localhost:7264/api/PolicyPurchase?customerId=1 - 200 - application/json;+charset=utf-8 61.7028ms
2024-06-10 12:02:58.0637|INFO|Microsoft.AspNetCore.Hosting.Diagnostics|Request starting HTTP/2 DELETE https://localhost:7264/api/PolicyPurchase/2 - - -
2024-06-10 12:02:58.0637|INFO|Microsoft.AspNetCore.Routing.EndpointMiddleware|Executing endpoint 'E_Insurance.Controllers.PolicyPurchaseController.RemoveCustomerPolicy (E-Insurance)'
2024-06-10 12:02:58.0637|INFO|Microsoft.AspNetCore.Mvc.Infrastructure.ControllerActionInvoker|Route matched with {action = "RemoveCustomerPolicy", controller = "PolicyPurchase"}. Executing controller action with signature System.Threading.Tasks.Task`1[Microsoft.AspNetCore.Mvc.IActionResult] RemoveCustomerPolicy(Int32) on controller E_Insurance.Controllers.PolicyPurchaseController (E-Insurance).
2024-06-10 12:02:58.0637|INFO|RepositoryLayer.Service.CustomerPolicyPurchaseService|Policy with CustomerPolicyId=2 deleted successfully
2024-06-10 12:02:58.0637|INFO|Microsoft.AspNetCore.Mvc.Infrastructure.ObjectResultExecutor|Executing OkObjectResult, writing value of type 'Response.ResponseModel`1[[System.Boolean, System.Private.CoreLib, Version=8.0.0.0, Culture=neutral, PublicKeyToken=7cec85d7bea7798e]]'.
2024-06-10 12:02:58.0727|INFO|Microsoft.AspNetCore.Mvc.Infrastructure.ControllerActionInvoker|Executed action E_Insurance.Controllers.PolicyPurchaseController.RemoveCustomerPolicy (E-Insurance) in 8.0673ms
2024-06-10 12:02:58.0727|INFO|Microsoft.AspNetCore.Routing.EndpointMiddleware|Executed endpoint 'E_Insurance.Controllers.PolicyPurchaseController.RemoveCustomerPolicy (E-Insurance)'
2024-06-10 12:02:58.0727|INFO|Microsoft.AspNetCore.Hosting.Diagnostics|Request finished HTTP/2 DELETE https://localhost:7264/api/PolicyPurchase/2 - 200 - application/json;+charset=utf-8 9.4643ms
2024-06-10 12:03:06.6423|INFO|Microsoft.AspNetCore.Hosting.Diagnostics|Request starting HTTP/2 GET https://localhost:7264/api/PolicyPurchase?customerId=1 - - -
2024-06-10 12:03:06.6423|INFO|Microsoft.AspNetCore.Routing.EndpointMiddleware|Executing endpoint 'E_Insurance.Controllers.PolicyPurchaseController.GetCustomerPurchaseDetailsById (E-Insurance)'
2024-06-10 12:03:06.6423|INFO|Microsoft.AspNetCore.Mvc.Infrastructure.ControllerActionInvoker|Route matched with {action = "GetCustomerPurchaseDetailsById", controller = "PolicyPurchase"}. Executing controller action with signature System.Threading.Tasks.Task`1[Microsoft.AspNetCore.Mvc.IActionResult] GetCustomerPurchaseDetailsById(Int32) on controller E_Insurance.Controllers.PolicyPurchaseController (E-Insurance).
2024-06-10 12:03:06.6587|INFO|RepositoryLayer.Service.CustomerPolicyPurchaseService|Retrieved all policies
2024-06-10 12:03:06.6587|INFO|Microsoft.AspNetCore.Mvc.Infrastructure.ObjectResultExecutor|Executing OkObjectResult, writing value of type 'Response.ResponseModel`1[[System.Collections.Generic.IEnumerable`1[[ModelLayer.Response.CustomerPolicyDetails, ModelLayer, Version=1.0.0.0, Culture=neutral, PublicKeyToken=null]], System.Private.CoreLib, Version=8.0.0.0, Culture=neutral, PublicKeyToken=7cec85d7bea7798e]]'.
2024-06-10 12:03:06.6587|INFO|Microsoft.AspNetCore.Mvc.Infrastructure.ControllerActionInvoker|Executed action E_Insurance.Controllers.PolicyPurchaseController.GetCustomerPurchaseDetailsById (E-Insurance) in 15.9495ms
2024-06-10 12:03:06.6587|INFO|Microsoft.AspNetCore.Routing.EndpointMiddleware|Executed endpoint 'E_Insurance.Controllers.PolicyPurchaseController.GetCustomerPurchaseDetailsById (E-Insurance)'
2024-06-10 12:03:06.6587|INFO|Microsoft.AspNetCore.Hosting.Diagnostics|Request finished HTTP/2 GET https://localhost:7264/api/PolicyPurchase?customerId=1 - 200 - application/json;+charset=utf-8 17.5380ms
2024-06-10 12:03:13.4963|INFO|Microsoft.AspNetCore.Hosting.Diagnostics|Request starting HTTP/2 GET https://localhost:7264/swagger/index.html - - -
2024-06-10 12:03:13.4963|INFO|Microsoft.AspNetCore.Hosting.Diagnostics|Request finished HTTP/2 GET https://localhost:7264/swagger/index.html - 200 - text/html;charset=utf-8 11.8800ms
2024-06-10 12:03:13.5303|INFO|Microsoft.AspNetCore.Hosting.Diagnostics|Request starting HTTP/2 GET https://localhost:7264/_framework/aspnetcore-browser-refresh.js - - -
2024-06-10 12:03:13.5303|INFO|Microsoft.AspNetCore.Hosting.Diagnostics|Request finished HTTP/2 GET https://localhost:7264/_framework/aspnetcore-browser-refresh.js - 200 13758 application/javascript;+charset=utf-8 0.9144ms
2024-06-10 12:03:13.5303|INFO|Microsoft.AspNetCore.Hosting.Diagnostics|Request starting HTTP/2 GET https://localhost:7264/_vs/browserLink - - -
2024-06-10 12:03:13.5445|INFO|Microsoft.AspNetCore.Hosting.Diagnostics|Request finished HTTP/2 GET https://localhost:7264/_vs/browserLink - 200 - text/javascript;+charset=UTF-8 6.1870ms
2024-06-10 12:03:13.7082|INFO|Microsoft.AspNetCore.Hosting.Diagnostics|Request starting HTTP/2 GET https://localhost:7264/swagger/v1/swagger.json - - -
2024-06-10 12:03:13.7203|INFO|Microsoft.AspNetCore.Hosting.Diagnostics|Request finished HTTP/2 GET https://localhost:7264/swagger/v1/swagger.json - 200 - application/json;charset=utf-8 12.0187ms
2024-06-10 12:03:33.6320|INFO|Microsoft.AspNetCore.Hosting.Diagnostics|Request starting HTTP/2 POST https://localhost:7264/api/AgentCommission/commission - application/json 60
2024-06-10 12:03:33.6320|INFO|Microsoft.AspNetCore.Routing.EndpointMiddleware|Executing endpoint 'E_Insurance.Controllers.AgentCommissionController.CalculateCommission (E-Insurance)'
2024-06-10 12:03:33.6425|INFO|Microsoft.AspNetCore.Mvc.Infrastructure.ControllerActionInvoker|Route matched with {action = "CalculateCommission", controller = "AgentCommission"}. Executing controller action with signature System.Threading.Tasks.Task`1[Microsoft.AspNetCore.Mvc.IActionResult] CalculateCommission(ModelLayer.RequestDTO.CommissionCalculationRequest) on controller E_Insurance.Controllers.AgentCommissionController (E-Insurance).
2024-06-10 12:03:33.6655|INFO|Microsoft.AspNetCore.Mvc.Infrastructure.ControllerActionInvoker|Executed action E_Insurance.Controllers.AgentCommissionController.CalculateCommission (E-Insurance) in 22.7822ms
2024-06-10 12:03:33.6674|INFO|Microsoft.AspNetCore.Routing.EndpointMiddleware|Executed endpoint 'E_Insurance.Controllers.AgentCommissionController.CalculateCommission (E-Insurance)'
2024-06-10 12:03:33.6674|ERROR|Microsoft.AspNetCore.Diagnostics.DeveloperExceptionPageMiddleware|An unhandled exception has occurred while executing the request.|System.ArgumentNullException: Value cannot be null. (Parameter 'configuration')
   at StackExchange.Redis.ConfigurationOptions.DoParse(String configuration, Boolean ignoreUnknown) in /_/src/StackExchange.Redis/ConfigurationOptions.cs:line 912
   at StackExchange.Redis.ConfigurationOptions.Parse(String configuration, Boolean ignoreUnknown) in /_/src/StackExchange.Redis/ConfigurationOptions.cs:line 718
   at StackExchange.Redis.ConfigurationOptions.Parse(String configuration) in /_/src/StackExchange.Redis/ConfigurationOptions.cs:line 708
   at StackExchange.Redis.ConnectionMultiplexer.Connect(String configuration, TextWriter log) in /_/src/StackExchange.Redis/ConnectionMultiplexer.cs:line 663
   at Program.<>c.<<Main>$>b__0_0(IServiceProvider provider) in D:\C#\WebApi\Ensurance\E-Insurance\Program.cs:line 60
   at Microsoft.Extensions.DependencyInjection.ServiceLookup.CallSiteRuntimeResolver.VisitRootCache(ServiceCallSite callSite, RuntimeResolverContext context)
   at Microsoft.Extensions.DependencyInjection.ServiceLookup.CallSiteVisitor`2.VisitCallSite(ServiceCallSite callSite, TArgument argument)
   at Microsoft.Extensions.DependencyInjection.ServiceLookup.CallSiteRuntimeResolver.VisitConstructor(ConstructorCallSite constructorCallSite, RuntimeResolverContext context)
   at Microsoft.Extensions.DependencyInjection.ServiceLookup.CallSiteRuntimeResolver.VisitCache(ServiceCallSite callSite, RuntimeResolverContext context, ServiceProviderEngineScope serviceProviderEngine, RuntimeResolverLock lockType)
   at Microsoft.Extensions.DependencyInjection.ServiceLookup.CallSiteRuntimeResolver.VisitScopeCache(ServiceCallSite callSite, RuntimeResolverContext context)
   at Microsoft.Extensions.DependencyInjection.ServiceLookup.CallSiteVisitor`2.VisitCallSite(ServiceCallSite callSite, TArgument argument)
   at Microsoft.Extensions.DependencyInjection.ServiceLookup.CallSiteRuntimeResolver.VisitConstructor(ConstructorCallSite constructorCallSite, RuntimeResolverContext context)
   at Microsoft.Extensions.DependencyInjection.ServiceLookup.CallSiteRuntimeResolver.VisitCache(ServiceCallSite callSite, RuntimeResolverContext context, ServiceProviderEngineScope serviceProviderEngine, RuntimeResolverLock lockType)
   at Microsoft.Extensions.DependencyInjection.ServiceLookup.CallSiteRuntimeResolver.VisitScopeCache(ServiceCallSite callSite, RuntimeResolverContext context)
   at Microsoft.Extensions.DependencyInjection.ServiceLookup.CallSiteVisitor`2.VisitCallSite(ServiceCallSite callSite, TArgument argument)
   at Microsoft.Extensions.DependencyInjection.ServiceLookup.CallSiteRuntimeResolver.Resolve(ServiceCallSite callSite, ServiceProviderEngineScope scope)
   at Microsoft.Extensions.DependencyInjection.ServiceLookup.DynamicServiceProviderEngine.<>c__DisplayClass2_0.<RealizeService>b__0(ServiceProviderEngineScope scope)
   at Microsoft.Extensions.DependencyInjection.ServiceLookup.ServiceProviderEngineScope.GetService(Type serviceType)
   at lambda_method33(Closure, IServiceProvider, Object[])
   at Microsoft.AspNetCore.Mvc.Controllers.ControllerFactoryProvider.<>c__DisplayClass6_0.<CreateControllerFactory>g__CreateController|0(ControllerContext controllerContext)
   at Microsoft.AspNetCore.Mvc.Infrastructure.ControllerActionInvoker.Next(State& next, Scope& scope, Object& state, Boolean& isCompleted)
   at Microsoft.AspNetCore.Mvc.Infrastructure.ControllerActionInvoker.InvokeInnerFilterAsync()
--- End of stack trace from previous location ---
   at Microsoft.AspNetCore.Mvc.Infrastructure.ResourceInvoker.<InvokeFilterPipelineAsync>g__Awaited|20_0(ResourceInvoker invoker, Task lastTask, State next, Scope scope, Object state, Boolean isCompleted)
   at Microsoft.AspNetCore.Mvc.Infrastructure.ResourceInvoker.<InvokeAsync>g__Logged|17_1(ResourceInvoker invoker)
   at Microsoft.AspNetCore.Mvc.Infrastructure.ResourceInvoker.<InvokeAsync>g__Logged|17_1(ResourceInvoker invoker)
   at Microsoft.AspNetCore.Routing.EndpointMiddleware.<Invoke>g__AwaitRequestTask|7_0(Endpoint endpoint, Task requestTask, ILogger logger)
   at Microsoft.AspNetCore.Authorization.AuthorizationMiddleware.Invoke(HttpContext context)
   at Swashbuckle.AspNetCore.SwaggerUI.SwaggerUIMiddleware.Invoke(HttpContext httpContext)
   at Swashbuckle.AspNetCore.Swagger.SwaggerMiddleware.Invoke(HttpContext httpContext, ISwaggerProvider swaggerProvider)
   at Microsoft.AspNetCore.Authentication.AuthenticationMiddleware.Invoke(HttpContext context)
   at Microsoft.AspNetCore.Diagnostics.DeveloperExceptionPageMiddlewareImpl.Invoke(HttpContext context)
2024-06-10 12:03:33.9347|INFO|Microsoft.AspNetCore.Hosting.Diagnostics|Request finished HTTP/2 POST https://localhost:7264/api/AgentCommission/commission - 500 - text/plain;+charset=utf-8 302.6823ms
2024-06-10 12:03:52.8843|INFO|Microsoft.AspNetCore.Hosting.Diagnostics|Request starting HTTP/2 GET https://localhost:7264/swagger/index.html - - -
2024-06-10 12:03:52.8843|INFO|Microsoft.AspNetCore.Hosting.Diagnostics|Request finished HTTP/2 GET https://localhost:7264/swagger/index.html - 200 - text/html;charset=utf-8 6.8485ms
2024-06-10 12:03:52.9108|INFO|Microsoft.AspNetCore.Hosting.Diagnostics|Request starting HTTP/2 GET https://localhost:7264/_vs/browserLink - - -
2024-06-10 12:03:52.9108|INFO|Microsoft.AspNetCore.Hosting.Diagnostics|Request starting HTTP/2 GET https://localhost:7264/_framework/aspnetcore-browser-refresh.js - - -
2024-06-10 12:03:52.9108|INFO|Microsoft.AspNetCore.Hosting.Diagnostics|Request finished HTTP/2 GET https://localhost:7264/_framework/aspnetcore-browser-refresh.js - 200 13758 application/javascript;+charset=utf-8 0.5357ms
2024-06-10 12:03:52.9169|INFO|Microsoft.AspNetCore.Hosting.Diagnostics|Request finished HTTP/2 GET https://localhost:7264/_vs/browserLink - 200 - text/javascript;+charset=UTF-8 6.1286ms
2024-06-10 12:03:52.9887|INFO|Microsoft.AspNetCore.Hosting.Diagnostics|Request starting HTTP/2 GET https://localhost:7264/swagger/v1/swagger.json - - -
2024-06-10 12:03:52.9974|INFO|Microsoft.AspNetCore.Hosting.Diagnostics|Request finished HTTP/2 GET https://localhost:7264/swagger/v1/swagger.json - 200 - application/json;charset=utf-8 8.7236ms
