2024-06-02 20:56:38.2010|INFO|Microsoft.Hosting.Lifetime|Now listening on: https://localhost:7264
2024-06-02 20:56:38.3541|INFO|Microsoft.Hosting.Lifetime|Now listening on: http://localhost:5206
2024-06-02 20:56:38.3595|INFO|Microsoft.Hosting.Lifetime|Application started. Press Ctrl+C to shut down.
2024-06-02 20:56:38.3595|INFO|Microsoft.Hosting.Lifetime|Hosting environment: Development
2024-06-02 20:56:38.3595|INFO|Microsoft.Hosting.Lifetime|Content root path: C:\Users\SHASHANK\source\repos\E-Insurance\E-Insurance
2024-06-02 20:56:40.6211|INFO|Microsoft.AspNetCore.Hosting.Diagnostics|Request starting HTTP/2 GET https://localhost:7264/swagger/index.html - - -
2024-06-02 20:56:41.1024|INFO|Microsoft.AspNetCore.Hosting.Diagnostics|Request finished HTTP/2 GET https://localhost:7264/swagger/index.html - 200 - text/html;charset=utf-8 479.2940ms
2024-06-02 20:56:41.8581|INFO|Microsoft.AspNetCore.Hosting.Diagnostics|Request starting HTTP/2 GET https://localhost:7264/_framework/aspnetcore-browser-refresh.js - - -
2024-06-02 20:56:41.8646|INFO|Microsoft.AspNetCore.Hosting.Diagnostics|Request finished HTTP/2 GET https://localhost:7264/_framework/aspnetcore-browser-refresh.js - 200 13758 application/javascript;+charset=utf-8 6.2790ms
2024-06-02 20:56:41.8646|INFO|Microsoft.AspNetCore.Hosting.Diagnostics|Request starting HTTP/2 GET https://localhost:7264/_vs/browserLink - - -
2024-06-02 20:56:42.2452|INFO|Microsoft.AspNetCore.Hosting.Diagnostics|Request finished HTTP/2 GET https://localhost:7264/_vs/browserLink - 200 - text/javascript;+charset=UTF-8 377.2026ms
2024-06-02 20:56:42.7422|INFO|Microsoft.AspNetCore.Hosting.Diagnostics|Request starting HTTP/2 GET https://localhost:7264/swagger/v1/swagger.json - - -
2024-06-02 20:56:42.9625|INFO|Microsoft.AspNetCore.Hosting.Diagnostics|Request finished HTTP/2 GET https://localhost:7264/swagger/v1/swagger.json - 200 - application/json;charset=utf-8 220.2163ms
2024-06-02 20:57:28.9917|INFO|Microsoft.AspNetCore.Hosting.Diagnostics|Request starting HTTP/2 POST https://localhost:7264/api/UserManagement/SignUp/Admin - application/json 100
2024-06-02 20:57:29.0063|INFO|Microsoft.AspNetCore.Routing.EndpointMiddleware|Executing endpoint 'E_Insurance.Controllers.UserManagementController.AdminRegistration (E-Insurance)'
2024-06-02 20:57:29.0549|INFO|Microsoft.AspNetCore.Mvc.Infrastructure.ControllerActionInvoker|Route matched with {action = "AdminRegistration", controller = "UserManagement"}. Executing controller action with signature System.Threading.Tasks.Task`1[Microsoft.AspNetCore.Mvc.IActionResult] AdminRegistration(ModelLayer.RequestDTO.AdminRegistrationModel) on controller E_Insurance.Controllers.UserManagementController (E-Insurance).
2024-06-02 20:57:29.1212|INFO|RepositoryLayer.Service.RegistrationService|Starting user registration for "string"
2024-06-02 20:57:30.0192|INFO|RepositoryLayer.Service.RegistrationService|User registration successful for "string"
2024-06-02 20:57:30.0330|INFO|Microsoft.AspNetCore.Mvc.Infrastructure.ObjectResultExecutor|Executing OkObjectResult, writing value of type 'Response.ResponseModel`1[[ModelLayer.RequestDTO.AdminRegistrationModel, ModelLayer, Version=1.0.0.0, Culture=neutral, PublicKeyToken=null]]'.
2024-06-02 20:57:30.0555|INFO|Microsoft.AspNetCore.Mvc.Infrastructure.ControllerActionInvoker|Executed action E_Insurance.Controllers.UserManagementController.AdminRegistration (E-Insurance) in 984.1426ms
2024-06-02 20:57:30.0555|INFO|Microsoft.AspNetCore.Routing.EndpointMiddleware|Executed endpoint 'E_Insurance.Controllers.UserManagementController.AdminRegistration (E-Insurance)'
2024-06-02 20:57:30.0555|INFO|Microsoft.AspNetCore.Hosting.Diagnostics|Request finished HTTP/2 POST https://localhost:7264/api/UserManagement/SignUp/Admin - 200 - application/json;+charset=utf-8 1066.4503ms
